running egg_info
creating ../../../build/my_computer_mocap/my_computer_mocap.egg-info
writing ../../../build/my_computer_mocap/my_computer_mocap.egg-info/PKG-INFO
writing dependency_links to ../../../build/my_computer_mocap/my_computer_mocap.egg-info/dependency_links.txt
writing entry points to ../../../build/my_computer_mocap/my_computer_mocap.egg-info/entry_points.txt
writing requirements to ../../../build/my_computer_mocap/my_computer_mocap.egg-info/requires.txt
writing top-level names to ../../../build/my_computer_mocap/my_computer_mocap.egg-info/top_level.txt
writing manifest file '../../../build/my_computer_mocap/my_computer_mocap.egg-info/SOURCES.txt'
reading manifest file '../../../build/my_computer_mocap/my_computer_mocap.egg-info/SOURCES.txt'
writing manifest file '../../../build/my_computer_mocap/my_computer_mocap.egg-info/SOURCES.txt'
running build
running build_py
creating /home/alex/ROS2-Wayfarer/build/my_computer_mocap/build
creating /home/alex/ROS2-Wayfarer/build/my_computer_mocap/build/lib
creating /home/alex/ROS2-Wayfarer/build/my_computer_mocap/build/lib/my_computer_mocap
copying my_computer_mocap/__init__.py -> /home/alex/ROS2-Wayfarer/build/my_computer_mocap/build/lib/my_computer_mocap
copying my_computer_mocap/mocap_pub_node.py -> /home/alex/ROS2-Wayfarer/build/my_computer_mocap/build/lib/my_computer_mocap
running install
/usr/lib/python3/dist-packages/setuptools/command/install.py:34: SetuptoolsDeprecationWarning: setup.py install is deprecated. Use build and pip and other standards-based tools.
  warnings.warn(
running install_lib
creating /home/alex/ROS2-Wayfarer/install/my_computer_mocap/lib/python3.10/site-packages/my_computer_mocap
copying /home/alex/ROS2-Wayfarer/build/my_computer_mocap/build/lib/my_computer_mocap/__init__.py -> /home/alex/ROS2-Wayfarer/install/my_computer_mocap/lib/python3.10/site-packages/my_computer_mocap
copying /home/alex/ROS2-Wayfarer/build/my_computer_mocap/build/lib/my_computer_mocap/mocap_pub_node.py -> /home/alex/ROS2-Wayfarer/install/my_computer_mocap/lib/python3.10/site-packages/my_computer_mocap
byte-compiling /home/alex/ROS2-Wayfarer/install/my_computer_mocap/lib/python3.10/site-packages/my_computer_mocap/__init__.py to __init__.cpython-310.pyc
byte-compiling /home/alex/ROS2-Wayfarer/install/my_computer_mocap/lib/python3.10/site-packages/my_computer_mocap/mocap_pub_node.py to mocap_pub_node.cpython-310.pyc
running install_data
creating /home/alex/ROS2-Wayfarer/install/my_computer_mocap/share/ament_index
creating /home/alex/ROS2-Wayfarer/install/my_computer_mocap/share/ament_index/resource_index
creating /home/alex/ROS2-Wayfarer/install/my_computer_mocap/share/ament_index/resource_index/packages
copying resource/my_computer_mocap -> /home/alex/ROS2-Wayfarer/install/my_computer_mocap/share/ament_index/resource_index/packages
copying package.xml -> /home/alex/ROS2-Wayfarer/install/my_computer_mocap/share/my_computer_mocap
running install_egg_info
Copying ../../../build/my_computer_mocap/my_computer_mocap.egg-info to /home/alex/ROS2-Wayfarer/install/my_computer_mocap/lib/python3.10/site-packages/my_computer_mocap-0.0.0-py3.10.egg-info
running install_scripts
Installing mocap_pub_node script to /home/alex/ROS2-Wayfarer/install/my_computer_mocap/lib/my_computer_mocap
writing list of installed files to '/home/alex/ROS2-Wayfarer/build/my_computer_mocap/install.log'
