[0.832s] Invoking command in '/home/alex/ROS2-Wayfarer/src/my_computer/my_computer_mocap': PYTHONPATH=/home/alex/ROS2-Wayfarer/build/my_computer_mocap/prefix_override:/home/alex/ROS2-Wayfarer/install/my_computer_mocap/lib/python3.10/site-packages:${PYTHONPATH} /usr/bin/python3 setup.py egg_info --egg-base ../../../build/my_computer_mocap build --build-base /home/alex/ROS2-Wayfarer/build/my_computer_mocap/build install --record /home/alex/ROS2-Wayfarer/build/my_computer_mocap/install.log --single-version-externally-managed
[1.147s] running egg_info
[1.148s] creating ../../../build/my_computer_mocap/my_computer_mocap.egg-info
[1.148s] writing ../../../build/my_computer_mocap/my_computer_mocap.egg-info/PKG-INFO
[1.149s] writing dependency_links to ../../../build/my_computer_mocap/my_computer_mocap.egg-info/dependency_links.txt
[1.149s] writing entry points to ../../../build/my_computer_mocap/my_computer_mocap.egg-info/entry_points.txt
[1.149s] writing requirements to ../../../build/my_computer_mocap/my_computer_mocap.egg-info/requires.txt
[1.149s] writing top-level names to ../../../build/my_computer_mocap/my_computer_mocap.egg-info/top_level.txt
[1.150s] writing manifest file '../../../build/my_computer_mocap/my_computer_mocap.egg-info/SOURCES.txt'
[1.151s] reading manifest file '../../../build/my_computer_mocap/my_computer_mocap.egg-info/SOURCES.txt'
[1.152s] writing manifest file '../../../build/my_computer_mocap/my_computer_mocap.egg-info/SOURCES.txt'
[1.169s] running build
[1.170s] running build_py
[1.170s] creating /home/alex/ROS2-Wayfarer/build/my_computer_mocap/build
[1.170s] creating /home/alex/ROS2-Wayfarer/build/my_computer_mocap/build/lib
[1.170s] creating /home/alex/ROS2-Wayfarer/build/my_computer_mocap/build/lib/my_computer_mocap
[1.171s] copying my_computer_mocap/__init__.py -> /home/alex/ROS2-Wayfarer/build/my_computer_mocap/build/lib/my_computer_mocap
[1.171s] copying my_computer_mocap/mocap_pub_node.py -> /home/alex/ROS2-Wayfarer/build/my_computer_mocap/build/lib/my_computer_mocap
[1.171s] running install
[1.172s] /usr/lib/python3/dist-packages/setuptools/command/install.py:34: SetuptoolsDeprecationWarning: setup.py install is deprecated. Use build and pip and other standards-based tools.
[1.172s]   warnings.warn(
[1.172s] running install_lib
[1.173s] creating /home/alex/ROS2-Wayfarer/install/my_computer_mocap/lib/python3.10/site-packages/my_computer_mocap
[1.173s] copying /home/alex/ROS2-Wayfarer/build/my_computer_mocap/build/lib/my_computer_mocap/__init__.py -> /home/alex/ROS2-Wayfarer/install/my_computer_mocap/lib/python3.10/site-packages/my_computer_mocap
[1.174s] copying /home/alex/ROS2-Wayfarer/build/my_computer_mocap/build/lib/my_computer_mocap/mocap_pub_node.py -> /home/alex/ROS2-Wayfarer/install/my_computer_mocap/lib/python3.10/site-packages/my_computer_mocap
[1.174s] byte-compiling /home/alex/ROS2-Wayfarer/install/my_computer_mocap/lib/python3.10/site-packages/my_computer_mocap/__init__.py to __init__.cpython-310.pyc
[1.174s] byte-compiling /home/alex/ROS2-Wayfarer/install/my_computer_mocap/lib/python3.10/site-packages/my_computer_mocap/mocap_pub_node.py to mocap_pub_node.cpython-310.pyc
[1.175s] running install_data
[1.176s] creating /home/alex/ROS2-Wayfarer/install/my_computer_mocap/share/ament_index
[1.176s] creating /home/alex/ROS2-Wayfarer/install/my_computer_mocap/share/ament_index/resource_index
[1.176s] creating /home/alex/ROS2-Wayfarer/install/my_computer_mocap/share/ament_index/resource_index/packages
[1.176s] copying resource/my_computer_mocap -> /home/alex/ROS2-Wayfarer/install/my_computer_mocap/share/ament_index/resource_index/packages
[1.176s] copying package.xml -> /home/alex/ROS2-Wayfarer/install/my_computer_mocap/share/my_computer_mocap
[1.177s] running install_egg_info
[1.179s] Copying ../../../build/my_computer_mocap/my_computer_mocap.egg-info to /home/alex/ROS2-Wayfarer/install/my_computer_mocap/lib/python3.10/site-packages/my_computer_mocap-0.0.0-py3.10.egg-info
[1.180s] running install_scripts
[1.205s] Installing mocap_pub_node script to /home/alex/ROS2-Wayfarer/install/my_computer_mocap/lib/my_computer_mocap
[1.206s] writing list of installed files to '/home/alex/ROS2-Wayfarer/build/my_computer_mocap/install.log'
[1.235s] Invoked command in '/home/alex/ROS2-Wayfarer/src/my_computer/my_computer_mocap' returned '0': PYTHONPATH=/home/alex/ROS2-Wayfarer/build/my_computer_mocap/prefix_override:/home/alex/ROS2-Wayfarer/install/my_computer_mocap/lib/python3.10/site-packages:${PYTHONPATH} /usr/bin/python3 setup.py egg_info --egg-base ../../../build/my_computer_mocap build --build-base /home/alex/ROS2-Wayfarer/build/my_computer_mocap/build install --record /home/alex/ROS2-Wayfarer/build/my_computer_mocap/install.log --single-version-externally-managed
