running egg_info
creating ../../../build/my_computer_plot/my_computer_plot.egg-info
writing ../../../build/my_computer_plot/my_computer_plot.egg-info/PKG-INFO
writing dependency_links to ../../../build/my_computer_plot/my_computer_plot.egg-info/dependency_links.txt
writing entry points to ../../../build/my_computer_plot/my_computer_plot.egg-info/entry_points.txt
writing requirements to ../../../build/my_computer_plot/my_computer_plot.egg-info/requires.txt
writing top-level names to ../../../build/my_computer_plot/my_computer_plot.egg-info/top_level.txt
writing manifest file '../../../build/my_computer_plot/my_computer_plot.egg-info/SOURCES.txt'
reading manifest file '../../../build/my_computer_plot/my_computer_plot.egg-info/SOURCES.txt'
writing manifest file '../../../build/my_computer_plot/my_computer_plot.egg-info/SOURCES.txt'
running build
running build_py
creating /home/alex/ROS2-Wayfarer/build/my_computer_plot/build
creating /home/alex/ROS2-Wayfarer/build/my_computer_plot/build/lib
creating /home/alex/ROS2-Wayfarer/build/my_computer_plot/build/lib/my_computer_plot
copying my_computer_plot/plot_sub_node.py -> /home/alex/ROS2-Wayfarer/build/my_computer_plot/build/lib/my_computer_plot
copying my_computer_plot/__init__.py -> /home/alex/ROS2-Wayfarer/build/my_computer_plot/build/lib/my_computer_plot
running install
running install_lib
creating /home/alex/ROS2-Wayfarer/install/my_computer_plot/lib/python3.10/site-packages/my_computer_plot
copying /home/alex/ROS2-Wayfarer/build/my_computer_plot/build/lib/my_computer_plot/plot_sub_node.py -> /home/alex/ROS2-Wayfarer/install/my_computer_plot/lib/python3.10/site-packages/my_computer_plot
copying /home/alex/ROS2-Wayfarer/build/my_computer_plot/build/lib/my_computer_plot/__init__.py -> /home/alex/ROS2-Wayfarer/install/my_computer_plot/lib/python3.10/site-packages/my_computer_plot
byte-compiling /home/alex/ROS2-Wayfarer/install/my_computer_plot/lib/python3.10/site-packages/my_computer_plot/plot_sub_node.py to plot_sub_node.cpython-310.pyc
byte-compiling /home/alex/ROS2-Wayfarer/install/my_computer_plot/lib/python3.10/site-packages/my_computer_plot/__init__.py to __init__.cpython-310.pyc
running install_data
creating /home/alex/ROS2-Wayfarer/install/my_computer_plot/share/ament_index
creating /home/alex/ROS2-Wayfarer/install/my_computer_plot/share/ament_index/resource_index
creating /home/alex/ROS2-Wayfarer/install/my_computer_plot/share/ament_index/resource_index/packages
copying resource/my_computer_plot -> /home/alex/ROS2-Wayfarer/install/my_computer_plot/share/ament_index/resource_index/packages
copying package.xml -> /home/alex/ROS2-Wayfarer/install/my_computer_plot/share/my_computer_plot
running install_egg_info
Copying ../../../build/my_computer_plot/my_computer_plot.egg-info to /home/alex/ROS2-Wayfarer/install/my_computer_plot/lib/python3.10/site-packages/my_computer_plot-0.0.0-py3.10.egg-info
running install_scripts
Installing plot_sub_node script to /home/alex/ROS2-Wayfarer/install/my_computer_plot/lib/my_computer_plot
writing list of installed files to '/home/alex/ROS2-Wayfarer/build/my_computer_plot/install.log'
