[0.863s] Invoking command in '/home/alex/ROS2-Wayfarer/src/my_computer/my_computer_plot': PYTHONPATH=/home/alex/ROS2-Wayfarer/build/my_computer_plot/prefix_override:/home/alex/ROS2-Wayfarer/install/my_computer_plot/lib/python3.10/site-packages:${PYTHONPATH} /usr/bin/python3 setup.py egg_info --egg-base ../../../build/my_computer_plot build --build-base /home/alex/ROS2-Wayfarer/build/my_computer_plot/build install --record /home/alex/ROS2-Wayfarer/build/my_computer_plot/install.log --single-version-externally-managed
[1.211s] running egg_info
[1.212s] creating ../../../build/my_computer_plot/my_computer_plot.egg-info
[1.212s] writing ../../../build/my_computer_plot/my_computer_plot.egg-info/PKG-INFO
[1.213s] writing dependency_links to ../../../build/my_computer_plot/my_computer_plot.egg-info/dependency_links.txt
[1.213s] writing entry points to ../../../build/my_computer_plot/my_computer_plot.egg-info/entry_points.txt
[1.213s] writing requirements to ../../../build/my_computer_plot/my_computer_plot.egg-info/requires.txt
[1.214s] writing top-level names to ../../../build/my_computer_plot/my_computer_plot.egg-info/top_level.txt
[1.214s] writing manifest file '../../../build/my_computer_plot/my_computer_plot.egg-info/SOURCES.txt'
[1.216s] reading manifest file '../../../build/my_computer_plot/my_computer_plot.egg-info/SOURCES.txt'
[1.217s] writing manifest file '../../../build/my_computer_plot/my_computer_plot.egg-info/SOURCES.txt'
[1.233s] running build
[1.233s] running build_py
[1.234s] creating /home/alex/ROS2-Wayfarer/build/my_computer_plot/build
[1.234s] creating /home/alex/ROS2-Wayfarer/build/my_computer_plot/build/lib
[1.235s] creating /home/alex/ROS2-Wayfarer/build/my_computer_plot/build/lib/my_computer_plot
[1.235s] copying my_computer_plot/plot_sub_node.py -> /home/alex/ROS2-Wayfarer/build/my_computer_plot/build/lib/my_computer_plot
[1.235s] copying my_computer_plot/__init__.py -> /home/alex/ROS2-Wayfarer/build/my_computer_plot/build/lib/my_computer_plot
[1.235s] running install
[1.236s] /usr/lib/python3/dist-packages/setuptools/command/install.py:34: SetuptoolsDeprecationWarning: setup.py install is deprecated. Use build and pip and other standards-based tools.
[1.236s]   warnings.warn(
[1.236s] running install_lib
[1.241s] creating /home/alex/ROS2-Wayfarer/install/my_computer_plot/lib/python3.10/site-packages/my_computer_plot
[1.241s] copying /home/alex/ROS2-Wayfarer/build/my_computer_plot/build/lib/my_computer_plot/plot_sub_node.py -> /home/alex/ROS2-Wayfarer/install/my_computer_plot/lib/python3.10/site-packages/my_computer_plot
[1.241s] copying /home/alex/ROS2-Wayfarer/build/my_computer_plot/build/lib/my_computer_plot/__init__.py -> /home/alex/ROS2-Wayfarer/install/my_computer_plot/lib/python3.10/site-packages/my_computer_plot
[1.241s] byte-compiling /home/alex/ROS2-Wayfarer/install/my_computer_plot/lib/python3.10/site-packages/my_computer_plot/plot_sub_node.py to plot_sub_node.cpython-310.pyc
[1.241s] byte-compiling /home/alex/ROS2-Wayfarer/install/my_computer_plot/lib/python3.10/site-packages/my_computer_plot/__init__.py to __init__.cpython-310.pyc
[1.241s] running install_data
[1.241s] creating /home/alex/ROS2-Wayfarer/install/my_computer_plot/share/ament_index
[1.241s] creating /home/alex/ROS2-Wayfarer/install/my_computer_plot/share/ament_index/resource_index
[1.242s] creating /home/alex/ROS2-Wayfarer/install/my_computer_plot/share/ament_index/resource_index/packages
[1.242s] copying resource/my_computer_plot -> /home/alex/ROS2-Wayfarer/install/my_computer_plot/share/ament_index/resource_index/packages
[1.242s] copying package.xml -> /home/alex/ROS2-Wayfarer/install/my_computer_plot/share/my_computer_plot
[1.242s] running install_egg_info
[1.242s] Copying ../../../build/my_computer_plot/my_computer_plot.egg-info to /home/alex/ROS2-Wayfarer/install/my_computer_plot/lib/python3.10/site-packages/my_computer_plot-0.0.0-py3.10.egg-info
[1.243s] running install_scripts
[1.268s] Installing plot_sub_node script to /home/alex/ROS2-Wayfarer/install/my_computer_plot/lib/my_computer_plot
[1.269s] writing list of installed files to '/home/alex/ROS2-Wayfarer/build/my_computer_plot/install.log'
[1.297s] Invoked command in '/home/alex/ROS2-Wayfarer/src/my_computer/my_computer_plot' returned '0': PYTHONPATH=/home/alex/ROS2-Wayfarer/build/my_computer_plot/prefix_override:/home/alex/ROS2-Wayfarer/install/my_computer_plot/lib/python3.10/site-packages:${PYTHONPATH} /usr/bin/python3 setup.py egg_info --egg-base ../../../build/my_computer_plot build --build-base /home/alex/ROS2-Wayfarer/build/my_computer_plot/build install --record /home/alex/ROS2-Wayfarer/build/my_computer_plot/install.log --single-version-externally-managed
