[0.847s] Invoking command in '/home/alex/ROS2-Wayfarer/src/my_robot/my_robot': PYTHONPATH=/home/alex/ROS2-Wayfarer/build/my_robot/prefix_override:/home/alex/ROS2-Wayfarer/install/my_robot/lib/python3.10/site-packages:${PYTHONPATH} /usr/bin/python3 setup.py egg_info --egg-base ../../../build/my_robot build --build-base /home/alex/ROS2-Wayfarer/build/my_robot/build install --record /home/alex/ROS2-Wayfarer/build/my_robot/install.log --single-version-externally-managed
[1.169s] running egg_info
[1.170s] creating ../../../build/my_robot/my_robot.egg-info
[1.171s] writing ../../../build/my_robot/my_robot.egg-info/PKG-INFO
[1.171s] writing dependency_links to ../../../build/my_robot/my_robot.egg-info/dependency_links.txt
[1.172s] writing entry points to ../../../build/my_robot/my_robot.egg-info/entry_points.txt
[1.172s] writing requirements to ../../../build/my_robot/my_robot.egg-info/requires.txt
[1.172s] writing top-level names to ../../../build/my_robot/my_robot.egg-info/top_level.txt
[1.172s] writing manifest file '../../../build/my_robot/my_robot.egg-info/SOURCES.txt'
[1.174s] reading manifest file '../../../build/my_robot/my_robot.egg-info/SOURCES.txt'
[1.175s] writing manifest file '../../../build/my_robot/my_robot.egg-info/SOURCES.txt'
[1.177s] running build
[1.177s] running build_py
[1.178s] creating /home/alex/ROS2-Wayfarer/build/my_robot/build
[1.178s] creating /home/alex/ROS2-Wayfarer/build/my_robot/build/lib
[1.178s] creating /home/alex/ROS2-Wayfarer/build/my_robot/build/lib/my_robot
[1.178s] copying my_robot/__init__.py -> /home/alex/ROS2-Wayfarer/build/my_robot/build/lib/my_robot
[1.179s] running install
[1.179s] /usr/lib/python3/dist-packages/setuptools/command/install.py:34: SetuptoolsDeprecationWarning: setup.py install is deprecated. Use build and pip and other standards-based tools.
[1.179s]   warnings.warn(
[1.180s] running install_lib
[1.181s] creating /home/alex/ROS2-Wayfarer/install/my_robot/lib/python3.10/site-packages/my_robot
[1.182s] copying /home/alex/ROS2-Wayfarer/build/my_robot/build/lib/my_robot/__init__.py -> /home/alex/ROS2-Wayfarer/install/my_robot/lib/python3.10/site-packages/my_robot
[1.183s] byte-compiling /home/alex/ROS2-Wayfarer/install/my_robot/lib/python3.10/site-packages/my_robot/__init__.py to __init__.cpython-310.pyc
[1.183s] running install_data
[1.184s] creating /home/alex/ROS2-Wayfarer/install/my_robot/share/ament_index
[1.184s] creating /home/alex/ROS2-Wayfarer/install/my_robot/share/ament_index/resource_index
[1.184s] creating /home/alex/ROS2-Wayfarer/install/my_robot/share/ament_index/resource_index/packages
[1.185s] copying resource/my_robot -> /home/alex/ROS2-Wayfarer/install/my_robot/share/ament_index/resource_index/packages
[1.185s] copying package.xml -> /home/alex/ROS2-Wayfarer/install/my_robot/share/my_robot
[1.185s] running install_egg_info
[1.187s] Copying ../../../build/my_robot/my_robot.egg-info to /home/alex/ROS2-Wayfarer/install/my_robot/lib/python3.10/site-packages/my_robot-0.0.0-py3.10.egg-info
[1.188s] running install_scripts
[1.210s] writing list of installed files to '/home/alex/ROS2-Wayfarer/build/my_robot/install.log'
[1.285s] Invoked command in '/home/alex/ROS2-Wayfarer/src/my_robot/my_robot' returned '0': PYTHONPATH=/home/alex/ROS2-Wayfarer/build/my_robot/prefix_override:/home/alex/ROS2-Wayfarer/install/my_robot/lib/python3.10/site-packages:${PYTHONPATH} /usr/bin/python3 setup.py egg_info --egg-base ../../../build/my_robot build --build-base /home/alex/ROS2-Wayfarer/build/my_robot/build install --record /home/alex/ROS2-Wayfarer/build/my_robot/install.log --single-version-externally-managed
