running egg_info
creating ../../../build/my_computer/my_computer.egg-info
writing ../../../build/my_computer/my_computer.egg-info/PKG-INFO
writing dependency_links to ../../../build/my_computer/my_computer.egg-info/dependency_links.txt
writing entry points to ../../../build/my_computer/my_computer.egg-info/entry_points.txt
writing requirements to ../../../build/my_computer/my_computer.egg-info/requires.txt
writing top-level names to ../../../build/my_computer/my_computer.egg-info/top_level.txt
writing manifest file '../../../build/my_computer/my_computer.egg-info/SOURCES.txt'
reading manifest file '../../../build/my_computer/my_computer.egg-info/SOURCES.txt'
writing manifest file '../../../build/my_computer/my_computer.egg-info/SOURCES.txt'
running build
running build_py
creating /home/alex/ROS2-Wayfarer/build/my_computer/build
creating /home/alex/ROS2-Wayfarer/build/my_computer/build/lib
creating /home/alex/ROS2-Wayfarer/build/my_computer/build/lib/my_computer
copying my_computer/__init__.py -> /home/alex/ROS2-Wayfarer/build/my_computer/build/lib/my_computer
running install
running install_lib
creating /home/alex/ROS2-Wayfarer/install/my_computer/lib/python3.10/site-packages/my_computer
copying /home/alex/ROS2-Wayfarer/build/my_computer/build/lib/my_computer/__init__.py -> /home/alex/ROS2-Wayfarer/install/my_computer/lib/python3.10/site-packages/my_computer
byte-compiling /home/alex/ROS2-Wayfarer/install/my_computer/lib/python3.10/site-packages/my_computer/__init__.py to __init__.cpython-310.pyc
running install_data
creating /home/alex/ROS2-Wayfarer/install/my_computer/share/ament_index
creating /home/alex/ROS2-Wayfarer/install/my_computer/share/ament_index/resource_index
creating /home/alex/ROS2-Wayfarer/install/my_computer/share/ament_index/resource_index/packages
copying resource/my_computer -> /home/alex/ROS2-Wayfarer/install/my_computer/share/ament_index/resource_index/packages
copying package.xml -> /home/alex/ROS2-Wayfarer/install/my_computer/share/my_computer
running install_egg_info
Copying ../../../build/my_computer/my_computer.egg-info to /home/alex/ROS2-Wayfarer/install/my_computer/lib/python3.10/site-packages/my_computer-0.0.0-py3.10.egg-info
running install_scripts
writing list of installed files to '/home/alex/ROS2-Wayfarer/build/my_computer/install.log'
