[0.854s] Invoking command in '/home/alex/ROS2-Wayfarer/src/my_computer/my_computer': PYTHONPATH=/home/alex/ROS2-Wayfarer/build/my_computer/prefix_override:/home/alex/ROS2-Wayfarer/install/my_computer/lib/python3.10/site-packages:${PYTHONPATH} /usr/bin/python3 setup.py egg_info --egg-base ../../../build/my_computer build --build-base /home/alex/ROS2-Wayfarer/build/my_computer/build install --record /home/alex/ROS2-Wayfarer/build/my_computer/install.log --single-version-externally-managed
[1.172s] running egg_info
[1.173s] creating ../../../build/my_computer/my_computer.egg-info
[1.173s] writing ../../../build/my_computer/my_computer.egg-info/PKG-INFO
[1.173s] writing dependency_links to ../../../build/my_computer/my_computer.egg-info/dependency_links.txt
[1.174s] writing entry points to ../../../build/my_computer/my_computer.egg-info/entry_points.txt
[1.174s] writing requirements to ../../../build/my_computer/my_computer.egg-info/requires.txt
[1.174s] writing top-level names to ../../../build/my_computer/my_computer.egg-info/top_level.txt
[1.175s] writing manifest file '../../../build/my_computer/my_computer.egg-info/SOURCES.txt'
[1.177s] reading manifest file '../../../build/my_computer/my_computer.egg-info/SOURCES.txt'
[1.180s] writing manifest file '../../../build/my_computer/my_computer.egg-info/SOURCES.txt'
[1.182s] running build
[1.182s] running build_py
[1.182s] creating /home/alex/ROS2-Wayfarer/build/my_computer/build
[1.182s] creating /home/alex/ROS2-Wayfarer/build/my_computer/build/lib
[1.183s] creating /home/alex/ROS2-Wayfarer/build/my_computer/build/lib/my_computer
[1.183s] copying my_computer/__init__.py -> /home/alex/ROS2-Wayfarer/build/my_computer/build/lib/my_computer
[1.183s] running install
[1.184s] /usr/lib/python3/dist-packages/setuptools/command/install.py:34: SetuptoolsDeprecationWarning: setup.py install is deprecated. Use build and pip and other standards-based tools.
[1.184s]   warnings.warn(
[1.185s] running install_lib
[1.186s] creating /home/alex/ROS2-Wayfarer/install/my_computer/lib/python3.10/site-packages/my_computer
[1.186s] copying /home/alex/ROS2-Wayfarer/build/my_computer/build/lib/my_computer/__init__.py -> /home/alex/ROS2-Wayfarer/install/my_computer/lib/python3.10/site-packages/my_computer
[1.187s] byte-compiling /home/alex/ROS2-Wayfarer/install/my_computer/lib/python3.10/site-packages/my_computer/__init__.py to __init__.cpython-310.pyc
[1.187s] running install_data
[1.188s] creating /home/alex/ROS2-Wayfarer/install/my_computer/share/ament_index
[1.188s] creating /home/alex/ROS2-Wayfarer/install/my_computer/share/ament_index/resource_index
[1.188s] creating /home/alex/ROS2-Wayfarer/install/my_computer/share/ament_index/resource_index/packages
[1.188s] copying resource/my_computer -> /home/alex/ROS2-Wayfarer/install/my_computer/share/ament_index/resource_index/packages
[1.189s] copying package.xml -> /home/alex/ROS2-Wayfarer/install/my_computer/share/my_computer
[1.189s] running install_egg_info
[1.191s] Copying ../../../build/my_computer/my_computer.egg-info to /home/alex/ROS2-Wayfarer/install/my_computer/lib/python3.10/site-packages/my_computer-0.0.0-py3.10.egg-info
[1.192s] running install_scripts
[1.238s] writing list of installed files to '/home/alex/ROS2-Wayfarer/build/my_computer/install.log'
[1.271s] Invoked command in '/home/alex/ROS2-Wayfarer/src/my_computer/my_computer' returned '0': PYTHONPATH=/home/alex/ROS2-Wayfarer/build/my_computer/prefix_override:/home/alex/ROS2-Wayfarer/install/my_computer/lib/python3.10/site-packages:${PYTHONPATH} /usr/bin/python3 setup.py egg_info --egg-base ../../../build/my_computer build --build-base /home/alex/ROS2-Wayfarer/build/my_computer/build install --record /home/alex/ROS2-Wayfarer/build/my_computer/install.log --single-version-externally-managed
