running egg_info
creating ../../../build/my_robot_data/my_robot_data.egg-info
writing ../../../build/my_robot_data/my_robot_data.egg-info/PKG-INFO
writing dependency_links to ../../../build/my_robot_data/my_robot_data.egg-info/dependency_links.txt
writing entry points to ../../../build/my_robot_data/my_robot_data.egg-info/entry_points.txt
writing requirements to ../../../build/my_robot_data/my_robot_data.egg-info/requires.txt
writing top-level names to ../../../build/my_robot_data/my_robot_data.egg-info/top_level.txt
writing manifest file '../../../build/my_robot_data/my_robot_data.egg-info/SOURCES.txt'
reading manifest file '../../../build/my_robot_data/my_robot_data.egg-info/SOURCES.txt'
writing manifest file '../../../build/my_robot_data/my_robot_data.egg-info/SOURCES.txt'
running build
running build_py
creating /home/alex/ROS2-Wayfarer/build/my_robot_data/build
creating /home/alex/ROS2-Wayfarer/build/my_robot_data/build/lib
creating /home/alex/ROS2-Wayfarer/build/my_robot_data/build/lib/my_robot_data
copying my_robot_data/data_pub_node.py -> /home/alex/ROS2-Wayfarer/build/my_robot_data/build/lib/my_robot_data
copying my_robot_data/__init__.py -> /home/alex/ROS2-Wayfarer/build/my_robot_data/build/lib/my_robot_data
running install
running install_lib
creating /home/alex/ROS2-Wayfarer/install/my_robot_data/lib/python3.10/site-packages/my_robot_data
copying /home/alex/ROS2-Wayfarer/build/my_robot_data/build/lib/my_robot_data/data_pub_node.py -> /home/alex/ROS2-Wayfarer/install/my_robot_data/lib/python3.10/site-packages/my_robot_data
copying /home/alex/ROS2-Wayfarer/build/my_robot_data/build/lib/my_robot_data/__init__.py -> /home/alex/ROS2-Wayfarer/install/my_robot_data/lib/python3.10/site-packages/my_robot_data
byte-compiling /home/alex/ROS2-Wayfarer/install/my_robot_data/lib/python3.10/site-packages/my_robot_data/data_pub_node.py to data_pub_node.cpython-310.pyc
byte-compiling /home/alex/ROS2-Wayfarer/install/my_robot_data/lib/python3.10/site-packages/my_robot_data/__init__.py to __init__.cpython-310.pyc
running install_data
creating /home/alex/ROS2-Wayfarer/install/my_robot_data/share/ament_index
creating /home/alex/ROS2-Wayfarer/install/my_robot_data/share/ament_index/resource_index
creating /home/alex/ROS2-Wayfarer/install/my_robot_data/share/ament_index/resource_index/packages
copying resource/my_robot_data -> /home/alex/ROS2-Wayfarer/install/my_robot_data/share/ament_index/resource_index/packages
copying package.xml -> /home/alex/ROS2-Wayfarer/install/my_robot_data/share/my_robot_data
running install_egg_info
Copying ../../../build/my_robot_data/my_robot_data.egg-info to /home/alex/ROS2-Wayfarer/install/my_robot_data/lib/python3.10/site-packages/my_robot_data-0.0.0-py3.10.egg-info
running install_scripts
Installing data_pub_node script to /home/alex/ROS2-Wayfarer/install/my_robot_data/lib/my_robot_data
writing list of installed files to '/home/alex/ROS2-Wayfarer/build/my_robot_data/install.log'
