[1.050s] Invoking command in '/home/alex/ROS2-Wayfarer/src/my_robot/my_robot_data': PYTHONPATH=/home/alex/ROS2-Wayfarer/build/my_robot_data/prefix_override:/home/alex/ROS2-Wayfarer/install/my_robot_data/lib/python3.10/site-packages:${PYTHONPATH} /usr/bin/python3 setup.py egg_info --egg-base ../../../build/my_robot_data build --build-base /home/alex/ROS2-Wayfarer/build/my_robot_data/build install --record /home/alex/ROS2-Wayfarer/build/my_robot_data/install.log --single-version-externally-managed
[1.398s] running egg_info
[1.399s] creating ../../../build/my_robot_data/my_robot_data.egg-info
[1.399s] writing ../../../build/my_robot_data/my_robot_data.egg-info/PKG-INFO
[1.400s] writing dependency_links to ../../../build/my_robot_data/my_robot_data.egg-info/dependency_links.txt
[1.400s] writing entry points to ../../../build/my_robot_data/my_robot_data.egg-info/entry_points.txt
[1.400s] writing requirements to ../../../build/my_robot_data/my_robot_data.egg-info/requires.txt
[1.400s] writing top-level names to ../../../build/my_robot_data/my_robot_data.egg-info/top_level.txt
[1.401s] writing manifest file '../../../build/my_robot_data/my_robot_data.egg-info/SOURCES.txt'
[1.403s] reading manifest file '../../../build/my_robot_data/my_robot_data.egg-info/SOURCES.txt'
[1.403s] writing manifest file '../../../build/my_robot_data/my_robot_data.egg-info/SOURCES.txt'
[1.405s] running build
[1.405s] running build_py
[1.405s] creating /home/alex/ROS2-Wayfarer/build/my_robot_data/build
[1.406s] creating /home/alex/ROS2-Wayfarer/build/my_robot_data/build/lib
[1.406s] creating /home/alex/ROS2-Wayfarer/build/my_robot_data/build/lib/my_robot_data
[1.406s] copying my_robot_data/data_pub_node.py -> /home/alex/ROS2-Wayfarer/build/my_robot_data/build/lib/my_robot_data
[1.406s] copying my_robot_data/__init__.py -> /home/alex/ROS2-Wayfarer/build/my_robot_data/build/lib/my_robot_data
[1.407s] running install
[1.407s] /usr/lib/python3/dist-packages/setuptools/command/install.py:34: SetuptoolsDeprecationWarning: setup.py install is deprecated. Use build and pip and other standards-based tools.
[1.407s]   warnings.warn(
[1.408s] running install_lib
[1.409s] creating /home/alex/ROS2-Wayfarer/install/my_robot_data/lib/python3.10/site-packages/my_robot_data
[1.410s] copying /home/alex/ROS2-Wayfarer/build/my_robot_data/build/lib/my_robot_data/data_pub_node.py -> /home/alex/ROS2-Wayfarer/install/my_robot_data/lib/python3.10/site-packages/my_robot_data
[1.410s] copying /home/alex/ROS2-Wayfarer/build/my_robot_data/build/lib/my_robot_data/__init__.py -> /home/alex/ROS2-Wayfarer/install/my_robot_data/lib/python3.10/site-packages/my_robot_data
[1.411s] byte-compiling /home/alex/ROS2-Wayfarer/install/my_robot_data/lib/python3.10/site-packages/my_robot_data/data_pub_node.py to data_pub_node.cpython-310.pyc
[1.411s] byte-compiling /home/alex/ROS2-Wayfarer/install/my_robot_data/lib/python3.10/site-packages/my_robot_data/__init__.py to __init__.cpython-310.pyc
[1.412s] running install_data
[1.412s] creating /home/alex/ROS2-Wayfarer/install/my_robot_data/share/ament_index
[1.413s] creating /home/alex/ROS2-Wayfarer/install/my_robot_data/share/ament_index/resource_index
[1.413s] creating /home/alex/ROS2-Wayfarer/install/my_robot_data/share/ament_index/resource_index/packages
[1.413s] copying resource/my_robot_data -> /home/alex/ROS2-Wayfarer/install/my_robot_data/share/ament_index/resource_index/packages
[1.413s] copying package.xml -> /home/alex/ROS2-Wayfarer/install/my_robot_data/share/my_robot_data
[1.413s] running install_egg_info
[1.415s] Copying ../../../build/my_robot_data/my_robot_data.egg-info to /home/alex/ROS2-Wayfarer/install/my_robot_data/lib/python3.10/site-packages/my_robot_data-0.0.0-py3.10.egg-info
[1.416s] running install_scripts
[1.443s] Installing data_pub_node script to /home/alex/ROS2-Wayfarer/install/my_robot_data/lib/my_robot_data
[1.444s] writing list of installed files to '/home/alex/ROS2-Wayfarer/build/my_robot_data/install.log'
[1.490s] Invoked command in '/home/alex/ROS2-Wayfarer/src/my_robot/my_robot_data' returned '0': PYTHONPATH=/home/alex/ROS2-Wayfarer/build/my_robot_data/prefix_override:/home/alex/ROS2-Wayfarer/install/my_robot_data/lib/python3.10/site-packages:${PYTHONPATH} /usr/bin/python3 setup.py egg_info --egg-base ../../../build/my_robot_data build --build-base /home/alex/ROS2-Wayfarer/build/my_robot_data/build install --record /home/alex/ROS2-Wayfarer/build/my_robot_data/install.log --single-version-externally-managed
