[0.019s] Invoking command in '/home/alex/ROS2-Wayfarer/build/acl_msgs': CMAKE_PREFIX_PATH=/home/alex/ROS2-Wayfarer/install/my_robot_data:/home/alex/ROS2-Wayfarer/install/my_robot_controller:/home/alex/ROS2-Wayfarer/install/my_robot:/home/alex/ROS2-Wayfarer/install/my_computer_plot:/home/alex/ROS2-Wayfarer/install/my_computer_mocap:/home/alex/ROS2-Wayfarer/install/my_computer_goal:/home/alex/ROS2-Wayfarer/install/my_computer:/opt/ros/humble /usr/bin/cmake --build /home/alex/ROS2-Wayfarer/build/acl_msgs -- -j1 -l1
[0.089s] -- Found ament_cmake: 1.3.3 (/opt/ros/humble/share/ament_cmake/cmake)
[0.321s] -- Found rosidl_default_generators: 1.2.0 (/opt/ros/humble/share/rosidl_default_generators/cmake)
[0.323s] -- Using all available rosidl_typesupport_c: rosidl_typesupport_fastrtps_c;rosidl_typesupport_introspection_c
[0.326s] -- Found rosidl_adapter: 3.1.4 (/opt/ros/humble/share/rosidl_adapter/cmake)
[0.376s] -- Using all available rosidl_typesupport_cpp: rosidl_typesupport_fastrtps_cpp;rosidl_typesupport_introspection_cpp
[0.409s] -- Found geometry_msgs: 4.2.3 (/opt/ros/humble/share/geometry_msgs/cmake)
[1.129s] -- Found ament_cmake_ros: 0.10.0 (/opt/ros/humble/share/ament_cmake_ros/cmake)
[1.475s] -- Using all available rosidl_typesupport_c: rosidl_typesupport_fastrtps_c;rosidl_typesupport_introspection_c
[1.979s] -- Using all available rosidl_typesupport_cpp: rosidl_typesupport_fastrtps_cpp;rosidl_typesupport_introspection_cpp
[2.008s] -- Found python_cmake_module: 0.10.0 (/opt/ros/humble/share/python_cmake_module/cmake)
[2.052s] -- Using PYTHON_EXECUTABLE: /usr/bin/python3
[2.052s] -- Using PYTHON_INCLUDE_DIRS: /usr/include/python3.10
[2.052s] -- Using PYTHON_LIBRARIES: /usr/lib/x86_64-linux-gnu/libpython3.10.so
[2.106s] -- Found ament_lint_auto: 0.12.5 (/opt/ros/humble/share/ament_lint_auto/cmake)
[2.140s] -- Added test 'lint_cmake' to check CMake code style
[2.142s] -- Added test 'xmllint' to check XML markup files
[2.144s] -- Configuring done
[2.236s] -- Generating done
[2.271s] -- Build files have been written to: /home/alex/ROS2-Wayfarer/build/acl_msgs
[2.336s] [  1%] Built target acl_msgs__cpp
[2.366s] [  2%] [32mBuilding CXX object CMakeFiles/acl_msgs__rosidl_typesupport_cpp.dir/rosidl_typesupport_cpp/acl_msgs/msg/imu__type_support.cpp.o[0m
[2.448s] In file included from [01m[K/home/alex/ROS2-Wayfarer/build/acl_msgs/rosidl_typesupport_cpp/acl_msgs/msg/imu__type_support.cpp:7[m[K:
[2.448s] [01m[K/home/alex/ROS2-Wayfarer/build/acl_msgs/rosidl_generator_cpp/acl_msgs/msg/detail/imu__struct.hpp:20:10:[m[K [01;31m[Kfatal error: [m[Kacl_msgs/msg/detail/header__struct.hpp: No such file or directory
[2.448s]    20 | #include [01;31m[K"acl_msgs/msg/detail/header__struct.hpp"[m[K
[2.449s]       |          [01;31m[K^~~~~~~~~~~~~~~~~~~~~~~~~~~~~~~~~~~~~~~~[m[K
[2.449s] compilation terminated.
[2.451s] gmake[2]: *** [CMakeFiles/acl_msgs__rosidl_typesupport_cpp.dir/build.make:165: CMakeFiles/acl_msgs__rosidl_typesupport_cpp.dir/rosidl_typesupport_cpp/acl_msgs/msg/imu__type_support.cpp.o] Error 1
[2.452s] gmake[1]: *** [CMakeFiles/Makefile2:395: CMakeFiles/acl_msgs__rosidl_typesupport_cpp.dir/all] Error 2
[2.454s] gmake: *** [Makefile:146: all] Error 2
[2.454s] Invoked command in '/home/alex/ROS2-Wayfarer/build/acl_msgs' returned '2': CMAKE_PREFIX_PATH=/home/alex/ROS2-Wayfarer/install/my_robot_data:/home/alex/ROS2-Wayfarer/install/my_robot_controller:/home/alex/ROS2-Wayfarer/install/my_robot:/home/alex/ROS2-Wayfarer/install/my_computer_plot:/home/alex/ROS2-Wayfarer/install/my_computer_mocap:/home/alex/ROS2-Wayfarer/install/my_computer_goal:/home/alex/ROS2-Wayfarer/install/my_computer:/opt/ros/humble /usr/bin/cmake --build /home/alex/ROS2-Wayfarer/build/acl_msgs -- -j1 -l1
