[0.029s] Invoking command in '/home/alex/ROS2-Wayfarer/build/acl_msgs': CMAKE_PREFIX_PATH=/home/alex/ROS2-Wayfarer/install/my_robot_data:/home/alex/ROS2-Wayfarer/install/my_robot_controller:/home/alex/ROS2-Wayfarer/install/my_robot:/home/alex/ROS2-Wayfarer/install/my_computer_plot:/home/alex/ROS2-Wayfarer/install/my_computer_mocap:/home/alex/ROS2-Wayfarer/install/my_computer_goal:/home/alex/ROS2-Wayfarer/install/my_computer:/opt/ros/humble /usr/bin/cmake /home/alex/ROS2-Wayfarer/src/acl_msgs -DCMAKE_INSTALL_PREFIX=/home/alex/ROS2-Wayfarer/install/acl_msgs
[0.189s] -- The C compiler identification is GNU 11.3.0
[0.285s] -- The CXX compiler identification is GNU 11.3.0
[0.295s] -- Detecting C compiler ABI info
[0.425s] -- Detecting C compiler ABI info - done
[0.434s] -- Check for working C compiler: /usr/bin/cc - skipped
[0.434s] -- Detecting C compile features
[0.435s] -- Detecting C compile features - done
[0.438s] -- Detecting CXX compiler ABI info
[0.644s] -- Detecting CXX compiler ABI info - done
[0.663s] -- Check for working CXX compiler: /usr/bin/c++ - skipped
[0.664s] -- Detecting CXX compile features
[0.664s] -- Detecting CXX compile features - done
[0.667s] -- Found ament_cmake: 1.3.3 (/opt/ros/humble/share/ament_cmake/cmake)
[0.906s] -- Found Python3: /usr/bin/python3.10 (found version "3.10.6") found components: Interpreter 
[1.021s] -- Found rosidl_default_generators: 1.2.0 (/opt/ros/humble/share/rosidl_default_generators/cmake)
[1.024s] -- Using all available rosidl_typesupport_c: rosidl_typesupport_fastrtps_c;rosidl_typesupport_introspection_c
[1.033s] -- Found rosidl_adapter: 3.1.4 (/opt/ros/humble/share/rosidl_adapter/cmake)
[1.098s] -- Using all available rosidl_typesupport_cpp: rosidl_typesupport_fastrtps_cpp;rosidl_typesupport_introspection_cpp
[1.317s] [31mCMake Error at /opt/ros/humble/share/rosidl_adapter/cmake/rosidl_adapt_interfaces.cmake:59 (message):
[1.318s]   execute_process(/usr/bin/python3.10 -m rosidl_adapter --package-name
[1.318s]   acl_msgs --arguments-file
[1.318s]   /home/alex/ROS2-Wayfarer/build/acl_msgs/rosidl_adapter__arguments__acl_msgs.json
[1.318s]   --output-dir
[1.319s]   /home/alex/ROS2-Wayfarer/build/acl_msgs/rosidl_adapter/acl_msgs
[1.325s]   --output-file
[1.325s]   /home/alex/ROS2-Wayfarer/build/acl_msgs/rosidl_adapter/acl_msgs.idls)
[1.326s]   returned error code 1:
[1.326s] 
[1.326s]   KeyError processing template 'struct.idl.em': 'time'
[1.326s] 
[1.326s] Call Stack (most recent call first):
[1.326s]   /opt/ros/humble/share/rosidl_cmake/cmake/rosidl_generate_interfaces.cmake:130 (rosidl_adapt_interfaces)
[1.326s]   CMakeLists.txt:15 (rosidl_generate_interfaces)
[1.326s] 
[1.326s] [0m
[1.326s] -- Configuring incomplete, errors occurred!
[1.326s] See also "/home/alex/ROS2-Wayfarer/build/acl_msgs/CMakeFiles/CMakeOutput.log".
[1.332s] Invoked command in '/home/alex/ROS2-Wayfarer/build/acl_msgs' returned '1': CMAKE_PREFIX_PATH=/home/alex/ROS2-Wayfarer/install/my_robot_data:/home/alex/ROS2-Wayfarer/install/my_robot_controller:/home/alex/ROS2-Wayfarer/install/my_robot:/home/alex/ROS2-Wayfarer/install/my_computer_plot:/home/alex/ROS2-Wayfarer/install/my_computer_mocap:/home/alex/ROS2-Wayfarer/install/my_computer_goal:/home/alex/ROS2-Wayfarer/install/my_computer:/opt/ros/humble /usr/bin/cmake /home/alex/ROS2-Wayfarer/src/acl_msgs -DCMAKE_INSTALL_PREFIX=/home/alex/ROS2-Wayfarer/install/acl_msgs
