[0.334s] DEBUG:colcon:Command line arguments: ['/usr/bin/colcon', 'build']
[0.334s] DEBUG:colcon:Parsed command line arguments: Namespace(log_base=None, log_level=None, verb_name='build', build_base='build', install_base='install', merge_install=False, symlink_install=False, test_result_base=None, continue_on_error=False, executor='parallel', parallel_workers=1, event_handlers=None, ignore_user_meta=False, metas=['./colcon.meta'], base_paths=['.'], packages_ignore=None, packages_ignore_regex=None, paths=None, packages_up_to=None, packages_up_to_regex=None, packages_above=None, packages_above_and_dependencies=None, packages_above_depth=None, packages_select_by_dep=None, packages_skip_by_dep=None, packages_skip_up_to=None, packages_select_build_failed=False, packages_skip_build_finished=False, packages_select_test_failures=False, packages_skip_test_passed=False, packages_select=None, packages_skip=None, packages_select_regex=None, packages_skip_regex=None, packages_start=None, packages_end=None, allow_overriding=[], cmake_args=None, cmake_target=None, cmake_target_skip_unavailable=False, cmake_clean_cache=False, cmake_clean_first=False, cmake_force_configure=False, ament_cmake_args=None, catkin_cmake_args=None, catkin_skip_building_tests=False, verb_parser=<colcon_defaults.argument_parser.defaults.DefaultArgumentsDecorator object at 0x7f7467cc1840>, verb_extension=<colcon_core.verb.build.BuildVerb object at 0x7f746852f100>, main=<bound method BuildVerb.main of <colcon_core.verb.build.BuildVerb object at 0x7f746852f100>>)
[0.372s] Level 1:colcon.colcon_core.package_discovery:discover_packages(colcon_meta) check parameters
[0.372s] Level 1:colcon.colcon_core.package_discovery:discover_packages(recursive) check parameters
[0.372s] Level 1:colcon.colcon_core.package_discovery:discover_packages(ignore) check parameters
[0.372s] Level 1:colcon.colcon_core.package_discovery:discover_packages(path) check parameters
[0.372s] Level 1:colcon.colcon_core.package_discovery:discover_packages(colcon_meta) discover
[0.372s] Level 1:colcon.colcon_core.package_discovery:discover_packages(recursive) discover
[0.372s] INFO:colcon.colcon_core.package_discovery:Crawling recursively for packages in '/home/alex/ROS2-Wayfarer'
[0.372s] Level 1:colcon.colcon_core.package_identification:_identify(.) by extensions ['ignore', 'ignore_ament_install']
[0.372s] Level 1:colcon.colcon_core.package_identification:_identify(.) by extension 'ignore'
[0.372s] Level 1:colcon.colcon_core.package_identification:_identify(.) by extension 'ignore_ament_install'
[0.372s] Level 1:colcon.colcon_core.package_identification:_identify(.) by extensions ['colcon_pkg']
[0.372s] Level 1:colcon.colcon_core.package_identification:_identify(.) by extension 'colcon_pkg'
[0.372s] Level 1:colcon.colcon_core.package_identification:_identify(.) by extensions ['colcon_meta']
[0.372s] Level 1:colcon.colcon_core.package_identification:_identify(.) by extension 'colcon_meta'
[0.372s] Level 1:colcon.colcon_core.package_identification:_identify(.) by extensions ['ros']
[0.372s] Level 1:colcon.colcon_core.package_identification:_identify(.) by extension 'ros'
[0.384s] Level 1:colcon.colcon_core.package_identification:_identify(.) by extensions ['cmake', 'python']
[0.384s] Level 1:colcon.colcon_core.package_identification:_identify(.) by extension 'cmake'
[0.384s] Level 1:colcon.colcon_core.package_identification:_identify(.) by extension 'python'
[0.384s] Level 1:colcon.colcon_core.package_identification:_identify(.) by extensions ['python_setup_py']
[0.384s] Level 1:colcon.colcon_core.package_identification:_identify(.) by extension 'python_setup_py'
[0.384s] Level 1:colcon.colcon_core.package_identification:_identify(build) by extensions ['ignore', 'ignore_ament_install']
[0.384s] Level 1:colcon.colcon_core.package_identification:_identify(build) by extension 'ignore'
[0.384s] Level 1:colcon.colcon_core.package_identification:_identify(build) ignored
[0.385s] Level 1:colcon.colcon_core.package_identification:_identify(install) by extensions ['ignore', 'ignore_ament_install']
[0.385s] Level 1:colcon.colcon_core.package_identification:_identify(install) by extension 'ignore'
[0.385s] Level 1:colcon.colcon_core.package_identification:_identify(install) ignored
[0.385s] Level 1:colcon.colcon_core.package_identification:_identify(launch) by extensions ['ignore', 'ignore_ament_install']
[0.385s] Level 1:colcon.colcon_core.package_identification:_identify(launch) by extension 'ignore'
[0.385s] Level 1:colcon.colcon_core.package_identification:_identify(launch) by extension 'ignore_ament_install'
[0.385s] Level 1:colcon.colcon_core.package_identification:_identify(launch) by extensions ['colcon_pkg']
[0.385s] Level 1:colcon.colcon_core.package_identification:_identify(launch) by extension 'colcon_pkg'
[0.385s] Level 1:colcon.colcon_core.package_identification:_identify(launch) by extensions ['colcon_meta']
[0.385s] Level 1:colcon.colcon_core.package_identification:_identify(launch) by extension 'colcon_meta'
[0.385s] Level 1:colcon.colcon_core.package_identification:_identify(launch) by extensions ['ros']
[0.385s] Level 1:colcon.colcon_core.package_identification:_identify(launch) by extension 'ros'
[0.385s] Level 1:colcon.colcon_core.package_identification:_identify(launch) by extensions ['cmake', 'python']
[0.385s] Level 1:colcon.colcon_core.package_identification:_identify(launch) by extension 'cmake'
[0.385s] Level 1:colcon.colcon_core.package_identification:_identify(launch) by extension 'python'
[0.385s] Level 1:colcon.colcon_core.package_identification:_identify(launch) by extensions ['python_setup_py']
[0.385s] Level 1:colcon.colcon_core.package_identification:_identify(launch) by extension 'python_setup_py'
[0.385s] Level 1:colcon.colcon_core.package_identification:_identify(log) by extensions ['ignore', 'ignore_ament_install']
[0.386s] Level 1:colcon.colcon_core.package_identification:_identify(log) by extension 'ignore'
[0.386s] Level 1:colcon.colcon_core.package_identification:_identify(log) ignored
[0.386s] Level 1:colcon.colcon_core.package_identification:_identify(src) by extensions ['ignore', 'ignore_ament_install']
[0.386s] Level 1:colcon.colcon_core.package_identification:_identify(src) by extension 'ignore'
[0.386s] Level 1:colcon.colcon_core.package_identification:_identify(src) by extension 'ignore_ament_install'
[0.386s] Level 1:colcon.colcon_core.package_identification:_identify(src) by extensions ['colcon_pkg']
[0.386s] Level 1:colcon.colcon_core.package_identification:_identify(src) by extension 'colcon_pkg'
[0.386s] Level 1:colcon.colcon_core.package_identification:_identify(src) by extensions ['colcon_meta']
[0.386s] Level 1:colcon.colcon_core.package_identification:_identify(src) by extension 'colcon_meta'
[0.386s] Level 1:colcon.colcon_core.package_identification:_identify(src) by extensions ['ros']
[0.386s] Level 1:colcon.colcon_core.package_identification:_identify(src) by extension 'ros'
[0.386s] Level 1:colcon.colcon_core.package_identification:_identify(src) by extensions ['cmake', 'python']
[0.386s] Level 1:colcon.colcon_core.package_identification:_identify(src) by extension 'cmake'
[0.386s] Level 1:colcon.colcon_core.package_identification:_identify(src) by extension 'python'
[0.386s] Level 1:colcon.colcon_core.package_identification:_identify(src) by extensions ['python_setup_py']
[0.386s] Level 1:colcon.colcon_core.package_identification:_identify(src) by extension 'python_setup_py'
[0.386s] Level 1:colcon.colcon_core.package_identification:_identify(src/my_computer) by extensions ['ignore', 'ignore_ament_install']
[0.386s] Level 1:colcon.colcon_core.package_identification:_identify(src/my_computer) by extension 'ignore'
[0.387s] Level 1:colcon.colcon_core.package_identification:_identify(src/my_computer) by extension 'ignore_ament_install'
[0.387s] Level 1:colcon.colcon_core.package_identification:_identify(src/my_computer) by extensions ['colcon_pkg']
[0.387s] Level 1:colcon.colcon_core.package_identification:_identify(src/my_computer) by extension 'colcon_pkg'
[0.387s] Level 1:colcon.colcon_core.package_identification:_identify(src/my_computer) by extensions ['colcon_meta']
[0.387s] Level 1:colcon.colcon_core.package_identification:_identify(src/my_computer) by extension 'colcon_meta'
[0.387s] Level 1:colcon.colcon_core.package_identification:_identify(src/my_computer) by extensions ['ros']
[0.387s] Level 1:colcon.colcon_core.package_identification:_identify(src/my_computer) by extension 'ros'
[0.387s] Level 1:colcon.colcon_core.package_identification:_identify(src/my_computer) by extensions ['cmake', 'python']
[0.387s] Level 1:colcon.colcon_core.package_identification:_identify(src/my_computer) by extension 'cmake'
[0.387s] Level 1:colcon.colcon_core.package_identification:_identify(src/my_computer) by extension 'python'
[0.387s] Level 1:colcon.colcon_core.package_identification:_identify(src/my_computer) by extensions ['python_setup_py']
[0.387s] Level 1:colcon.colcon_core.package_identification:_identify(src/my_computer) by extension 'python_setup_py'
[0.387s] Level 1:colcon.colcon_core.package_identification:_identify(src/my_computer/my_computer) by extensions ['ignore', 'ignore_ament_install']
[0.387s] Level 1:colcon.colcon_core.package_identification:_identify(src/my_computer/my_computer) by extension 'ignore'
[0.387s] Level 1:colcon.colcon_core.package_identification:_identify(src/my_computer/my_computer) by extension 'ignore_ament_install'
[0.387s] Level 1:colcon.colcon_core.package_identification:_identify(src/my_computer/my_computer) by extensions ['colcon_pkg']
[0.387s] Level 1:colcon.colcon_core.package_identification:_identify(src/my_computer/my_computer) by extension 'colcon_pkg'
[0.387s] Level 1:colcon.colcon_core.package_identification:_identify(src/my_computer/my_computer) by extensions ['colcon_meta']
[0.387s] Level 1:colcon.colcon_core.package_identification:_identify(src/my_computer/my_computer) by extension 'colcon_meta'
[0.388s] Level 1:colcon.colcon_core.package_identification:_identify(src/my_computer/my_computer) by extensions ['ros']
[0.388s] Level 1:colcon.colcon_core.package_identification:_identify(src/my_computer/my_computer) by extension 'ros'
[0.391s] DEBUG:colcon.colcon_core.package_identification:Package 'src/my_computer/my_computer' with type 'ros.ament_python' and name 'my_computer'
[0.391s] Level 1:colcon.colcon_core.package_identification:_identify(src/my_computer/my_computer_goal) by extensions ['ignore', 'ignore_ament_install']
[0.391s] Level 1:colcon.colcon_core.package_identification:_identify(src/my_computer/my_computer_goal) by extension 'ignore'
[0.391s] Level 1:colcon.colcon_core.package_identification:_identify(src/my_computer/my_computer_goal) by extension 'ignore_ament_install'
[0.391s] Level 1:colcon.colcon_core.package_identification:_identify(src/my_computer/my_computer_goal) by extensions ['colcon_pkg']
[0.391s] Level 1:colcon.colcon_core.package_identification:_identify(src/my_computer/my_computer_goal) by extension 'colcon_pkg'
[0.391s] Level 1:colcon.colcon_core.package_identification:_identify(src/my_computer/my_computer_goal) by extensions ['colcon_meta']
[0.391s] Level 1:colcon.colcon_core.package_identification:_identify(src/my_computer/my_computer_goal) by extension 'colcon_meta'
[0.391s] Level 1:colcon.colcon_core.package_identification:_identify(src/my_computer/my_computer_goal) by extensions ['ros']
[0.391s] Level 1:colcon.colcon_core.package_identification:_identify(src/my_computer/my_computer_goal) by extension 'ros'
[0.392s] DEBUG:colcon.colcon_core.package_identification:Package 'src/my_computer/my_computer_goal' with type 'ros.ament_python' and name 'my_computer_goal'
[0.392s] Level 1:colcon.colcon_core.package_identification:_identify(src/my_computer/my_computer_mocap) by extensions ['ignore', 'ignore_ament_install']
[0.392s] Level 1:colcon.colcon_core.package_identification:_identify(src/my_computer/my_computer_mocap) by extension 'ignore'
[0.392s] Level 1:colcon.colcon_core.package_identification:_identify(src/my_computer/my_computer_mocap) by extension 'ignore_ament_install'
[0.392s] Level 1:colcon.colcon_core.package_identification:_identify(src/my_computer/my_computer_mocap) by extensions ['colcon_pkg']
[0.392s] Level 1:colcon.colcon_core.package_identification:_identify(src/my_computer/my_computer_mocap) by extension 'colcon_pkg'
[0.392s] Level 1:colcon.colcon_core.package_identification:_identify(src/my_computer/my_computer_mocap) by extensions ['colcon_meta']
[0.392s] Level 1:colcon.colcon_core.package_identification:_identify(src/my_computer/my_computer_mocap) by extension 'colcon_meta'
[0.392s] Level 1:colcon.colcon_core.package_identification:_identify(src/my_computer/my_computer_mocap) by extensions ['ros']
[0.392s] Level 1:colcon.colcon_core.package_identification:_identify(src/my_computer/my_computer_mocap) by extension 'ros'
[0.393s] DEBUG:colcon.colcon_core.package_identification:Package 'src/my_computer/my_computer_mocap' with type 'ros.ament_python' and name 'my_computer_mocap'
[0.393s] Level 1:colcon.colcon_core.package_identification:_identify(src/my_computer/my_computer_plot) by extensions ['ignore', 'ignore_ament_install']
[0.393s] Level 1:colcon.colcon_core.package_identification:_identify(src/my_computer/my_computer_plot) by extension 'ignore'
[0.393s] Level 1:colcon.colcon_core.package_identification:_identify(src/my_computer/my_computer_plot) by extension 'ignore_ament_install'
[0.393s] Level 1:colcon.colcon_core.package_identification:_identify(src/my_computer/my_computer_plot) by extensions ['colcon_pkg']
[0.393s] Level 1:colcon.colcon_core.package_identification:_identify(src/my_computer/my_computer_plot) by extension 'colcon_pkg'
[0.393s] Level 1:colcon.colcon_core.package_identification:_identify(src/my_computer/my_computer_plot) by extensions ['colcon_meta']
[0.393s] Level 1:colcon.colcon_core.package_identification:_identify(src/my_computer/my_computer_plot) by extension 'colcon_meta'
[0.393s] Level 1:colcon.colcon_core.package_identification:_identify(src/my_computer/my_computer_plot) by extensions ['ros']
[0.393s] Level 1:colcon.colcon_core.package_identification:_identify(src/my_computer/my_computer_plot) by extension 'ros'
[0.394s] DEBUG:colcon.colcon_core.package_identification:Package 'src/my_computer/my_computer_plot' with type 'ros.ament_python' and name 'my_computer_plot'
[0.394s] Level 1:colcon.colcon_core.package_identification:_identify(src/my_robot) by extensions ['ignore', 'ignore_ament_install']
[0.394s] Level 1:colcon.colcon_core.package_identification:_identify(src/my_robot) by extension 'ignore'
[0.394s] Level 1:colcon.colcon_core.package_identification:_identify(src/my_robot) by extension 'ignore_ament_install'
[0.394s] Level 1:colcon.colcon_core.package_identification:_identify(src/my_robot) by extensions ['colcon_pkg']
[0.394s] Level 1:colcon.colcon_core.package_identification:_identify(src/my_robot) by extension 'colcon_pkg'
[0.394s] Level 1:colcon.colcon_core.package_identification:_identify(src/my_robot) by extensions ['colcon_meta']
[0.394s] Level 1:colcon.colcon_core.package_identification:_identify(src/my_robot) by extension 'colcon_meta'
[0.394s] Level 1:colcon.colcon_core.package_identification:_identify(src/my_robot) by extensions ['ros']
[0.394s] Level 1:colcon.colcon_core.package_identification:_identify(src/my_robot) by extension 'ros'
[0.394s] Level 1:colcon.colcon_core.package_identification:_identify(src/my_robot) by extensions ['cmake', 'python']
[0.394s] Level 1:colcon.colcon_core.package_identification:_identify(src/my_robot) by extension 'cmake'
[0.394s] Level 1:colcon.colcon_core.package_identification:_identify(src/my_robot) by extension 'python'
[0.394s] Level 1:colcon.colcon_core.package_identification:_identify(src/my_robot) by extensions ['python_setup_py']
[0.394s] Level 1:colcon.colcon_core.package_identification:_identify(src/my_robot) by extension 'python_setup_py'
[0.395s] Level 1:colcon.colcon_core.package_identification:_identify(src/my_robot/my_robot) by extensions ['ignore', 'ignore_ament_install']
[0.395s] Level 1:colcon.colcon_core.package_identification:_identify(src/my_robot/my_robot) by extension 'ignore'
[0.395s] Level 1:colcon.colcon_core.package_identification:_identify(src/my_robot/my_robot) by extension 'ignore_ament_install'
[0.395s] Level 1:colcon.colcon_core.package_identification:_identify(src/my_robot/my_robot) by extensions ['colcon_pkg']
[0.395s] Level 1:colcon.colcon_core.package_identification:_identify(src/my_robot/my_robot) by extension 'colcon_pkg'
[0.395s] Level 1:colcon.colcon_core.package_identification:_identify(src/my_robot/my_robot) by extensions ['colcon_meta']
[0.395s] Level 1:colcon.colcon_core.package_identification:_identify(src/my_robot/my_robot) by extension 'colcon_meta'
[0.395s] Level 1:colcon.colcon_core.package_identification:_identify(src/my_robot/my_robot) by extensions ['ros']
[0.395s] Level 1:colcon.colcon_core.package_identification:_identify(src/my_robot/my_robot) by extension 'ros'
[0.396s] DEBUG:colcon.colcon_core.package_identification:Package 'src/my_robot/my_robot' with type 'ros.ament_python' and name 'my_robot'
[0.396s] Level 1:colcon.colcon_core.package_identification:_identify(src/my_robot/my_robot_controller) by extensions ['ignore', 'ignore_ament_install']
[0.396s] Level 1:colcon.colcon_core.package_identification:_identify(src/my_robot/my_robot_controller) by extension 'ignore'
[0.396s] Level 1:colcon.colcon_core.package_identification:_identify(src/my_robot/my_robot_controller) by extension 'ignore_ament_install'
[0.396s] Level 1:colcon.colcon_core.package_identification:_identify(src/my_robot/my_robot_controller) by extensions ['colcon_pkg']
[0.396s] Level 1:colcon.colcon_core.package_identification:_identify(src/my_robot/my_robot_controller) by extension 'colcon_pkg'
[0.396s] Level 1:colcon.colcon_core.package_identification:_identify(src/my_robot/my_robot_controller) by extensions ['colcon_meta']
[0.396s] Level 1:colcon.colcon_core.package_identification:_identify(src/my_robot/my_robot_controller) by extension 'colcon_meta'
[0.396s] Level 1:colcon.colcon_core.package_identification:_identify(src/my_robot/my_robot_controller) by extensions ['ros']
[0.396s] Level 1:colcon.colcon_core.package_identification:_identify(src/my_robot/my_robot_controller) by extension 'ros'
[0.397s] DEBUG:colcon.colcon_core.package_identification:Package 'src/my_robot/my_robot_controller' with type 'ros.ament_python' and name 'my_robot_controller'
[0.397s] Level 1:colcon.colcon_core.package_identification:_identify(src/my_robot/my_robot_data) by extensions ['ignore', 'ignore_ament_install']
[0.397s] Level 1:colcon.colcon_core.package_identification:_identify(src/my_robot/my_robot_data) by extension 'ignore'
[0.397s] Level 1:colcon.colcon_core.package_identification:_identify(src/my_robot/my_robot_data) by extension 'ignore_ament_install'
[0.397s] Level 1:colcon.colcon_core.package_identification:_identify(src/my_robot/my_robot_data) by extensions ['colcon_pkg']
[0.397s] Level 1:colcon.colcon_core.package_identification:_identify(src/my_robot/my_robot_data) by extension 'colcon_pkg'
[0.397s] Level 1:colcon.colcon_core.package_identification:_identify(src/my_robot/my_robot_data) by extensions ['colcon_meta']
[0.397s] Level 1:colcon.colcon_core.package_identification:_identify(src/my_robot/my_robot_data) by extension 'colcon_meta'
[0.397s] Level 1:colcon.colcon_core.package_identification:_identify(src/my_robot/my_robot_data) by extensions ['ros']
[0.397s] Level 1:colcon.colcon_core.package_identification:_identify(src/my_robot/my_robot_data) by extension 'ros'
[0.397s] DEBUG:colcon.colcon_core.package_identification:Package 'src/my_robot/my_robot_data' with type 'ros.ament_python' and name 'my_robot_data'
[0.398s] Level 1:colcon.colcon_core.package_discovery:discover_packages(recursive) using defaults
[0.398s] Level 1:colcon.colcon_core.package_discovery:discover_packages(ignore) discover
[0.398s] Level 1:colcon.colcon_core.package_discovery:discover_packages(ignore) using defaults
[0.398s] Level 1:colcon.colcon_core.package_discovery:discover_packages(path) discover
[0.398s] Level 1:colcon.colcon_core.package_discovery:discover_packages(path) using defaults
[0.427s] Level 1:colcon.colcon_core.package_discovery:discover_packages(prefix_path) check parameters
[0.427s] Level 1:colcon.colcon_core.package_discovery:discover_packages(prefix_path) discover
[0.434s] DEBUG:colcon.colcon_installed_package_information.package_discovery:Found 270 installed packages in /opt/ros/humble
[0.435s] Level 1:colcon.colcon_core.package_discovery:discover_packages(prefix_path) using defaults
[0.510s] Level 5:colcon.colcon_core.verb:set package 'my_computer' build argument 'cmake_args' from command line to 'None'
[0.510s] Level 5:colcon.colcon_core.verb:set package 'my_computer' build argument 'cmake_target' from command line to 'None'
[0.510s] Level 5:colcon.colcon_core.verb:set package 'my_computer' build argument 'cmake_target_skip_unavailable' from command line to 'False'
[0.510s] Level 5:colcon.colcon_core.verb:set package 'my_computer' build argument 'cmake_clean_cache' from command line to 'False'
[0.510s] Level 5:colcon.colcon_core.verb:set package 'my_computer' build argument 'cmake_clean_first' from command line to 'False'
[0.510s] Level 5:colcon.colcon_core.verb:set package 'my_computer' build argument 'cmake_force_configure' from command line to 'False'
[0.510s] Level 5:colcon.colcon_core.verb:set package 'my_computer' build argument 'ament_cmake_args' from command line to 'None'
[0.510s] Level 5:colcon.colcon_core.verb:set package 'my_computer' build argument 'catkin_cmake_args' from command line to 'None'
[0.510s] Level 5:colcon.colcon_core.verb:set package 'my_computer' build argument 'catkin_skip_building_tests' from command line to 'False'
[0.510s] DEBUG:colcon.colcon_core.verb:Building package 'my_computer' with the following arguments: {'ament_cmake_args': None, 'build_base': '/home/alex/ROS2-Wayfarer/build/my_computer', 'catkin_cmake_args': None, 'catkin_skip_building_tests': False, 'cmake_args': None, 'cmake_clean_cache': False, 'cmake_clean_first': False, 'cmake_force_configure': False, 'cmake_target': None, 'cmake_target_skip_unavailable': False, 'install_base': '/home/alex/ROS2-Wayfarer/install/my_computer', 'merge_install': False, 'path': '/home/alex/ROS2-Wayfarer/src/my_computer/my_computer', 'symlink_install': False, 'test_result_base': None}
[0.511s] Level 5:colcon.colcon_core.verb:set package 'my_computer_goal' build argument 'cmake_args' from command line to 'None'
[0.511s] Level 5:colcon.colcon_core.verb:set package 'my_computer_goal' build argument 'cmake_target' from command line to 'None'
[0.511s] Level 5:colcon.colcon_core.verb:set package 'my_computer_goal' build argument 'cmake_target_skip_unavailable' from command line to 'False'
[0.511s] Level 5:colcon.colcon_core.verb:set package 'my_computer_goal' build argument 'cmake_clean_cache' from command line to 'False'
[0.511s] Level 5:colcon.colcon_core.verb:set package 'my_computer_goal' build argument 'cmake_clean_first' from command line to 'False'
[0.511s] Level 5:colcon.colcon_core.verb:set package 'my_computer_goal' build argument 'cmake_force_configure' from command line to 'False'
[0.511s] Level 5:colcon.colcon_core.verb:set package 'my_computer_goal' build argument 'ament_cmake_args' from command line to 'None'
[0.511s] Level 5:colcon.colcon_core.verb:set package 'my_computer_goal' build argument 'catkin_cmake_args' from command line to 'None'
[0.511s] Level 5:colcon.colcon_core.verb:set package 'my_computer_goal' build argument 'catkin_skip_building_tests' from command line to 'False'
[0.511s] DEBUG:colcon.colcon_core.verb:Building package 'my_computer_goal' with the following arguments: {'ament_cmake_args': None, 'build_base': '/home/alex/ROS2-Wayfarer/build/my_computer_goal', 'catkin_cmake_args': None, 'catkin_skip_building_tests': False, 'cmake_args': None, 'cmake_clean_cache': False, 'cmake_clean_first': False, 'cmake_force_configure': False, 'cmake_target': None, 'cmake_target_skip_unavailable': False, 'install_base': '/home/alex/ROS2-Wayfarer/install/my_computer_goal', 'merge_install': False, 'path': '/home/alex/ROS2-Wayfarer/src/my_computer/my_computer_goal', 'symlink_install': False, 'test_result_base': None}
[0.512s] Level 5:colcon.colcon_core.verb:set package 'my_computer_mocap' build argument 'cmake_args' from command line to 'None'
[0.512s] Level 5:colcon.colcon_core.verb:set package 'my_computer_mocap' build argument 'cmake_target' from command line to 'None'
[0.512s] Level 5:colcon.colcon_core.verb:set package 'my_computer_mocap' build argument 'cmake_target_skip_unavailable' from command line to 'False'
[0.512s] Level 5:colcon.colcon_core.verb:set package 'my_computer_mocap' build argument 'cmake_clean_cache' from command line to 'False'
[0.512s] Level 5:colcon.colcon_core.verb:set package 'my_computer_mocap' build argument 'cmake_clean_first' from command line to 'False'
[0.512s] Level 5:colcon.colcon_core.verb:set package 'my_computer_mocap' build argument 'cmake_force_configure' from command line to 'False'
[0.512s] Level 5:colcon.colcon_core.verb:set package 'my_computer_mocap' build argument 'ament_cmake_args' from command line to 'None'
[0.512s] Level 5:colcon.colcon_core.verb:set package 'my_computer_mocap' build argument 'catkin_cmake_args' from command line to 'None'
[0.512s] Level 5:colcon.colcon_core.verb:set package 'my_computer_mocap' build argument 'catkin_skip_building_tests' from command line to 'False'
[0.512s] DEBUG:colcon.colcon_core.verb:Building package 'my_computer_mocap' with the following arguments: {'ament_cmake_args': None, 'build_base': '/home/alex/ROS2-Wayfarer/build/my_computer_mocap', 'catkin_cmake_args': None, 'catkin_skip_building_tests': False, 'cmake_args': None, 'cmake_clean_cache': False, 'cmake_clean_first': False, 'cmake_force_configure': False, 'cmake_target': None, 'cmake_target_skip_unavailable': False, 'install_base': '/home/alex/ROS2-Wayfarer/install/my_computer_mocap', 'merge_install': False, 'path': '/home/alex/ROS2-Wayfarer/src/my_computer/my_computer_mocap', 'symlink_install': False, 'test_result_base': None}
[0.523s] Level 5:colcon.colcon_core.verb:set package 'my_computer_plot' build argument 'cmake_args' from command line to 'None'
[0.523s] Level 5:colcon.colcon_core.verb:set package 'my_computer_plot' build argument 'cmake_target' from command line to 'None'
[0.523s] Level 5:colcon.colcon_core.verb:set package 'my_computer_plot' build argument 'cmake_target_skip_unavailable' from command line to 'False'
[0.523s] Level 5:colcon.colcon_core.verb:set package 'my_computer_plot' build argument 'cmake_clean_cache' from command line to 'False'
[0.523s] Level 5:colcon.colcon_core.verb:set package 'my_computer_plot' build argument 'cmake_clean_first' from command line to 'False'
[0.523s] Level 5:colcon.colcon_core.verb:set package 'my_computer_plot' build argument 'cmake_force_configure' from command line to 'False'
[0.523s] Level 5:colcon.colcon_core.verb:set package 'my_computer_plot' build argument 'ament_cmake_args' from command line to 'None'
[0.523s] Level 5:colcon.colcon_core.verb:set package 'my_computer_plot' build argument 'catkin_cmake_args' from command line to 'None'
[0.523s] Level 5:colcon.colcon_core.verb:set package 'my_computer_plot' build argument 'catkin_skip_building_tests' from command line to 'False'
[0.523s] DEBUG:colcon.colcon_core.verb:Building package 'my_computer_plot' with the following arguments: {'ament_cmake_args': None, 'build_base': '/home/alex/ROS2-Wayfarer/build/my_computer_plot', 'catkin_cmake_args': None, 'catkin_skip_building_tests': False, 'cmake_args': None, 'cmake_clean_cache': False, 'cmake_clean_first': False, 'cmake_force_configure': False, 'cmake_target': None, 'cmake_target_skip_unavailable': False, 'install_base': '/home/alex/ROS2-Wayfarer/install/my_computer_plot', 'merge_install': False, 'path': '/home/alex/ROS2-Wayfarer/src/my_computer/my_computer_plot', 'symlink_install': False, 'test_result_base': None}
[0.524s] Level 5:colcon.colcon_core.verb:set package 'my_robot' build argument 'cmake_args' from command line to 'None'
[0.524s] Level 5:colcon.colcon_core.verb:set package 'my_robot' build argument 'cmake_target' from command line to 'None'
[0.524s] Level 5:colcon.colcon_core.verb:set package 'my_robot' build argument 'cmake_target_skip_unavailable' from command line to 'False'
[0.524s] Level 5:colcon.colcon_core.verb:set package 'my_robot' build argument 'cmake_clean_cache' from command line to 'False'
[0.524s] Level 5:colcon.colcon_core.verb:set package 'my_robot' build argument 'cmake_clean_first' from command line to 'False'
[0.525s] Level 5:colcon.colcon_core.verb:set package 'my_robot' build argument 'cmake_force_configure' from command line to 'False'
[0.525s] Level 5:colcon.colcon_core.verb:set package 'my_robot' build argument 'ament_cmake_args' from command line to 'None'
[0.525s] Level 5:colcon.colcon_core.verb:set package 'my_robot' build argument 'catkin_cmake_args' from command line to 'None'
[0.525s] Level 5:colcon.colcon_core.verb:set package 'my_robot' build argument 'catkin_skip_building_tests' from command line to 'False'
[0.525s] DEBUG:colcon.colcon_core.verb:Building package 'my_robot' with the following arguments: {'ament_cmake_args': None, 'build_base': '/home/alex/ROS2-Wayfarer/build/my_robot', 'catkin_cmake_args': None, 'catkin_skip_building_tests': False, 'cmake_args': None, 'cmake_clean_cache': False, 'cmake_clean_first': False, 'cmake_force_configure': False, 'cmake_target': None, 'cmake_target_skip_unavailable': False, 'install_base': '/home/alex/ROS2-Wayfarer/install/my_robot', 'merge_install': False, 'path': '/home/alex/ROS2-Wayfarer/src/my_robot/my_robot', 'symlink_install': False, 'test_result_base': None}
[0.525s] Level 5:colcon.colcon_core.verb:set package 'my_robot_controller' build argument 'cmake_args' from command line to 'None'
[0.525s] Level 5:colcon.colcon_core.verb:set package 'my_robot_controller' build argument 'cmake_target' from command line to 'None'
[0.526s] Level 5:colcon.colcon_core.verb:set package 'my_robot_controller' build argument 'cmake_target_skip_unavailable' from command line to 'False'
[0.526s] Level 5:colcon.colcon_core.verb:set package 'my_robot_controller' build argument 'cmake_clean_cache' from command line to 'False'
[0.526s] Level 5:colcon.colcon_core.verb:set package 'my_robot_controller' build argument 'cmake_clean_first' from command line to 'False'
[0.526s] Level 5:colcon.colcon_core.verb:set package 'my_robot_controller' build argument 'cmake_force_configure' from command line to 'False'
[0.526s] Level 5:colcon.colcon_core.verb:set package 'my_robot_controller' build argument 'ament_cmake_args' from command line to 'None'
[0.526s] Level 5:colcon.colcon_core.verb:set package 'my_robot_controller' build argument 'catkin_cmake_args' from command line to 'None'
[0.526s] Level 5:colcon.colcon_core.verb:set package 'my_robot_controller' build argument 'catkin_skip_building_tests' from command line to 'False'
[0.526s] DEBUG:colcon.colcon_core.verb:Building package 'my_robot_controller' with the following arguments: {'ament_cmake_args': None, 'build_base': '/home/alex/ROS2-Wayfarer/build/my_robot_controller', 'catkin_cmake_args': None, 'catkin_skip_building_tests': False, 'cmake_args': None, 'cmake_clean_cache': False, 'cmake_clean_first': False, 'cmake_force_configure': False, 'cmake_target': None, 'cmake_target_skip_unavailable': False, 'install_base': '/home/alex/ROS2-Wayfarer/install/my_robot_controller', 'merge_install': False, 'path': '/home/alex/ROS2-Wayfarer/src/my_robot/my_robot_controller', 'symlink_install': False, 'test_result_base': None}
[0.527s] Level 5:colcon.colcon_core.verb:set package 'my_robot_data' build argument 'cmake_args' from command line to 'None'
[0.527s] Level 5:colcon.colcon_core.verb:set package 'my_robot_data' build argument 'cmake_target' from command line to 'None'
[0.527s] Level 5:colcon.colcon_core.verb:set package 'my_robot_data' build argument 'cmake_target_skip_unavailable' from command line to 'False'
[0.527s] Level 5:colcon.colcon_core.verb:set package 'my_robot_data' build argument 'cmake_clean_cache' from command line to 'False'
[0.527s] Level 5:colcon.colcon_core.verb:set package 'my_robot_data' build argument 'cmake_clean_first' from command line to 'False'
[0.527s] Level 5:colcon.colcon_core.verb:set package 'my_robot_data' build argument 'cmake_force_configure' from command line to 'False'
[0.527s] Level 5:colcon.colcon_core.verb:set package 'my_robot_data' build argument 'ament_cmake_args' from command line to 'None'
[0.527s] Level 5:colcon.colcon_core.verb:set package 'my_robot_data' build argument 'catkin_cmake_args' from command line to 'None'
[0.527s] Level 5:colcon.colcon_core.verb:set package 'my_robot_data' build argument 'catkin_skip_building_tests' from command line to 'False'
[0.527s] DEBUG:colcon.colcon_core.verb:Building package 'my_robot_data' with the following arguments: {'ament_cmake_args': None, 'build_base': '/home/alex/ROS2-Wayfarer/build/my_robot_data', 'catkin_cmake_args': None, 'catkin_skip_building_tests': False, 'cmake_args': None, 'cmake_clean_cache': False, 'cmake_clean_first': False, 'cmake_force_configure': False, 'cmake_target': None, 'cmake_target_skip_unavailable': False, 'install_base': '/home/alex/ROS2-Wayfarer/install/my_robot_data', 'merge_install': False, 'path': '/home/alex/ROS2-Wayfarer/src/my_robot/my_robot_data', 'symlink_install': False, 'test_result_base': None}
[0.528s] INFO:colcon.colcon_core.executor:Executing jobs using 'parallel' executor
[0.531s] DEBUG:colcon.colcon_parallel_executor.executor.parallel:run_until_complete
[0.532s] INFO:colcon.colcon_ros.task.ament_python.build:Building ROS package in '/home/alex/ROS2-Wayfarer/src/my_computer/my_computer' with build type 'ament_python'
[0.532s] Level 1:colcon.colcon_core.shell:create_environment_hook('my_computer', 'ament_prefix_path')
[0.536s] INFO:colcon.colcon_core.plugin_system:Skipping extension 'colcon_core.shell.bat': Not used on non-Windows systems
[0.536s] INFO:colcon.colcon_core.shell:Creating environment hook '/home/alex/ROS2-Wayfarer/install/my_computer/share/my_computer/hook/ament_prefix_path.ps1'
[0.538s] INFO:colcon.colcon_core.shell:Creating environment descriptor '/home/alex/ROS2-Wayfarer/install/my_computer/share/my_computer/hook/ament_prefix_path.dsv'
[0.538s] INFO:colcon.colcon_core.shell:Creating environment hook '/home/alex/ROS2-Wayfarer/install/my_computer/share/my_computer/hook/ament_prefix_path.sh'
[0.540s] INFO:colcon.colcon_core.shell:Skip shell extension 'powershell' for command environment: Not usable outside of PowerShell
[0.540s] DEBUG:colcon.colcon_core.shell:Skip shell extension 'dsv' for command environment
[0.941s] INFO:colcon.colcon_core.task.python.build:Building Python package in '/home/alex/ROS2-Wayfarer/src/my_computer/my_computer'
[0.942s] INFO:colcon.colcon_core.shell:Skip shell extension 'powershell' for command environment: Not usable outside of PowerShell
[0.942s] DEBUG:colcon.colcon_core.shell:Skip shell extension 'dsv' for command environment
[1.392s] DEBUG:colcon.colcon_core.event_handler.log_command:Invoking command in '/home/alex/ROS2-Wayfarer/src/my_computer/my_computer': PYTHONPATH=/home/alex/ROS2-Wayfarer/build/my_computer/prefix_override:/home/alex/ROS2-Wayfarer/install/my_computer/lib/python3.10/site-packages:${PYTHONPATH} /usr/bin/python3 setup.py egg_info --egg-base ../../../build/my_computer build --build-base /home/alex/ROS2-Wayfarer/build/my_computer/build install --record /home/alex/ROS2-Wayfarer/build/my_computer/install.log --single-version-externally-managed
[1.808s] DEBUG:colcon.colcon_core.event_handler.log_command:Invoked command in '/home/alex/ROS2-Wayfarer/src/my_computer/my_computer' returned '0': PYTHONPATH=/home/alex/ROS2-Wayfarer/build/my_computer/prefix_override:/home/alex/ROS2-Wayfarer/install/my_computer/lib/python3.10/site-packages:${PYTHONPATH} /usr/bin/python3 setup.py egg_info --egg-base ../../../build/my_computer build --build-base /home/alex/ROS2-Wayfarer/build/my_computer/build install --record /home/alex/ROS2-Wayfarer/build/my_computer/install.log --single-version-externally-managed
[1.812s] Level 1:colcon.colcon_core.environment:checking '/home/alex/ROS2-Wayfarer/install/my_computer' for CMake module files
[1.812s] Level 1:colcon.colcon_core.environment:checking '/home/alex/ROS2-Wayfarer/install/my_computer' for CMake config files
[1.813s] Level 1:colcon.colcon_core.environment:checking '/home/alex/ROS2-Wayfarer/install/my_computer/lib'
[1.813s] Level 1:colcon.colcon_core.environment:checking '/home/alex/ROS2-Wayfarer/install/my_computer/bin'
[1.813s] Level 1:colcon.colcon_core.environment:checking '/home/alex/ROS2-Wayfarer/install/my_computer/lib/pkgconfig/my_computer.pc'
[1.814s] Level 1:colcon.colcon_core.environment:checking '/home/alex/ROS2-Wayfarer/install/my_computer/lib/python3.10/site-packages'
[1.814s] Level 1:colcon.colcon_core.shell:create_environment_hook('my_computer', 'pythonpath')
[1.815s] INFO:colcon.colcon_core.shell:Creating environment hook '/home/alex/ROS2-Wayfarer/install/my_computer/share/my_computer/hook/pythonpath.ps1'
[1.816s] INFO:colcon.colcon_core.shell:Creating environment descriptor '/home/alex/ROS2-Wayfarer/install/my_computer/share/my_computer/hook/pythonpath.dsv'
[1.816s] INFO:colcon.colcon_core.shell:Creating environment hook '/home/alex/ROS2-Wayfarer/install/my_computer/share/my_computer/hook/pythonpath.sh'
[1.816s] Level 1:colcon.colcon_core.environment:checking '/home/alex/ROS2-Wayfarer/install/my_computer/bin'
[1.816s] Level 1:colcon.colcon_core.environment:create_environment_scripts_only(my_computer)
[1.819s] INFO:colcon.colcon_core.shell:Creating package script '/home/alex/ROS2-Wayfarer/install/my_computer/share/my_computer/package.ps1'
[1.819s] INFO:colcon.colcon_core.shell:Creating package descriptor '/home/alex/ROS2-Wayfarer/install/my_computer/share/my_computer/package.dsv'
[1.820s] INFO:colcon.colcon_core.shell:Creating package script '/home/alex/ROS2-Wayfarer/install/my_computer/share/my_computer/package.sh'
[1.821s] INFO:colcon.colcon_core.shell:Creating package script '/home/alex/ROS2-Wayfarer/install/my_computer/share/my_computer/package.bash'
[1.821s] INFO:colcon.colcon_core.shell:Creating package script '/home/alex/ROS2-Wayfarer/install/my_computer/share/my_computer/package.zsh'
[1.822s] Level 1:colcon.colcon_core.environment:create_file_with_runtime_dependencies(/home/alex/ROS2-Wayfarer/install/my_computer/share/colcon-core/packages/my_computer)
[1.823s] INFO:colcon.colcon_ros.task.ament_python.build:Building ROS package in '/home/alex/ROS2-Wayfarer/src/my_computer/my_computer_goal' with build type 'ament_python'
[1.823s] Level 1:colcon.colcon_core.shell:create_environment_hook('my_computer_goal', 'ament_prefix_path')
[1.825s] INFO:colcon.colcon_core.shell:Creating environment hook '/home/alex/ROS2-Wayfarer/install/my_computer_goal/share/my_computer_goal/hook/ament_prefix_path.ps1'
[1.825s] INFO:colcon.colcon_core.shell:Creating environment descriptor '/home/alex/ROS2-Wayfarer/install/my_computer_goal/share/my_computer_goal/hook/ament_prefix_path.dsv'
[1.825s] INFO:colcon.colcon_core.shell:Creating environment hook '/home/alex/ROS2-Wayfarer/install/my_computer_goal/share/my_computer_goal/hook/ament_prefix_path.sh'
[1.827s] INFO:colcon.colcon_core.shell:Skip shell extension 'powershell' for command environment: Not usable outside of PowerShell
[1.827s] DEBUG:colcon.colcon_core.shell:Skip shell extension 'dsv' for command environment
[2.215s] INFO:colcon.colcon_core.task.python.build:Building Python package in '/home/alex/ROS2-Wayfarer/src/my_computer/my_computer_goal'
[2.217s] INFO:colcon.colcon_core.shell:Skip shell extension 'powershell' for command environment: Not usable outside of PowerShell
[2.217s] DEBUG:colcon.colcon_core.shell:Skip shell extension 'dsv' for command environment
[2.663s] DEBUG:colcon.colcon_core.event_handler.log_command:Invoking command in '/home/alex/ROS2-Wayfarer/src/my_computer/my_computer_goal': PYTHONPATH=/home/alex/ROS2-Wayfarer/build/my_computer_goal/prefix_override:/home/alex/ROS2-Wayfarer/install/my_computer_goal/lib/python3.10/site-packages:${PYTHONPATH} /usr/bin/python3 setup.py egg_info --egg-base ../../../build/my_computer_goal build --build-base /home/alex/ROS2-Wayfarer/build/my_computer_goal/build install --record /home/alex/ROS2-Wayfarer/build/my_computer_goal/install.log --single-version-externally-managed
[3.097s] Level 1:colcon.colcon_core.environment:checking '/home/alex/ROS2-Wayfarer/install/my_computer_goal' for CMake module files
[3.098s] DEBUG:colcon.colcon_core.event_handler.log_command:Invoked command in '/home/alex/ROS2-Wayfarer/src/my_computer/my_computer_goal' returned '0': PYTHONPATH=/home/alex/ROS2-Wayfarer/build/my_computer_goal/prefix_override:/home/alex/ROS2-Wayfarer/install/my_computer_goal/lib/python3.10/site-packages:${PYTHONPATH} /usr/bin/python3 setup.py egg_info --egg-base ../../../build/my_computer_goal build --build-base /home/alex/ROS2-Wayfarer/build/my_computer_goal/build install --record /home/alex/ROS2-Wayfarer/build/my_computer_goal/install.log --single-version-externally-managed
[3.098s] Level 1:colcon.colcon_core.environment:checking '/home/alex/ROS2-Wayfarer/install/my_computer_goal' for CMake config files
[3.099s] Level 1:colcon.colcon_core.environment:checking '/home/alex/ROS2-Wayfarer/install/my_computer_goal/lib'
[3.099s] Level 1:colcon.colcon_core.environment:checking '/home/alex/ROS2-Wayfarer/install/my_computer_goal/bin'
[3.099s] Level 1:colcon.colcon_core.environment:checking '/home/alex/ROS2-Wayfarer/install/my_computer_goal/lib/pkgconfig/my_computer_goal.pc'
[3.099s] Level 1:colcon.colcon_core.environment:checking '/home/alex/ROS2-Wayfarer/install/my_computer_goal/lib/python3.10/site-packages'
[3.099s] Level 1:colcon.colcon_core.shell:create_environment_hook('my_computer_goal', 'pythonpath')
[3.100s] INFO:colcon.colcon_core.shell:Creating environment hook '/home/alex/ROS2-Wayfarer/install/my_computer_goal/share/my_computer_goal/hook/pythonpath.ps1'
[3.100s] INFO:colcon.colcon_core.shell:Creating environment descriptor '/home/alex/ROS2-Wayfarer/install/my_computer_goal/share/my_computer_goal/hook/pythonpath.dsv'
[3.101s] INFO:colcon.colcon_core.shell:Creating environment hook '/home/alex/ROS2-Wayfarer/install/my_computer_goal/share/my_computer_goal/hook/pythonpath.sh'
[3.101s] Level 1:colcon.colcon_core.environment:checking '/home/alex/ROS2-Wayfarer/install/my_computer_goal/bin'
[3.101s] Level 1:colcon.colcon_core.environment:create_environment_scripts_only(my_computer_goal)
[3.102s] INFO:colcon.colcon_core.shell:Creating package script '/home/alex/ROS2-Wayfarer/install/my_computer_goal/share/my_computer_goal/package.ps1'
[3.103s] INFO:colcon.colcon_core.shell:Creating package descriptor '/home/alex/ROS2-Wayfarer/install/my_computer_goal/share/my_computer_goal/package.dsv'
[3.103s] INFO:colcon.colcon_core.shell:Creating package script '/home/alex/ROS2-Wayfarer/install/my_computer_goal/share/my_computer_goal/package.sh'
[3.104s] INFO:colcon.colcon_core.shell:Creating package script '/home/alex/ROS2-Wayfarer/install/my_computer_goal/share/my_computer_goal/package.bash'
[3.104s] INFO:colcon.colcon_core.shell:Creating package script '/home/alex/ROS2-Wayfarer/install/my_computer_goal/share/my_computer_goal/package.zsh'
[3.104s] Level 1:colcon.colcon_core.environment:create_file_with_runtime_dependencies(/home/alex/ROS2-Wayfarer/install/my_computer_goal/share/colcon-core/packages/my_computer_goal)
[3.119s] INFO:colcon.colcon_ros.task.ament_python.build:Building ROS package in '/home/alex/ROS2-Wayfarer/src/my_computer/my_computer_mocap' with build type 'ament_python'
[3.120s] Level 1:colcon.colcon_core.shell:create_environment_hook('my_computer_mocap', 'ament_prefix_path')
[3.121s] INFO:colcon.colcon_core.shell:Creating environment hook '/home/alex/ROS2-Wayfarer/install/my_computer_mocap/share/my_computer_mocap/hook/ament_prefix_path.ps1'
[3.121s] INFO:colcon.colcon_core.shell:Creating environment descriptor '/home/alex/ROS2-Wayfarer/install/my_computer_mocap/share/my_computer_mocap/hook/ament_prefix_path.dsv'
[3.122s] INFO:colcon.colcon_core.shell:Creating environment hook '/home/alex/ROS2-Wayfarer/install/my_computer_mocap/share/my_computer_mocap/hook/ament_prefix_path.sh'
[3.123s] INFO:colcon.colcon_core.shell:Skip shell extension 'powershell' for command environment: Not usable outside of PowerShell
[3.123s] DEBUG:colcon.colcon_core.shell:Skip shell extension 'dsv' for command environment
[3.500s] INFO:colcon.colcon_core.task.python.build:Building Python package in '/home/alex/ROS2-Wayfarer/src/my_computer/my_computer_mocap'
[3.502s] INFO:colcon.colcon_core.shell:Skip shell extension 'powershell' for command environment: Not usable outside of PowerShell
[3.502s] DEBUG:colcon.colcon_core.shell:Skip shell extension 'dsv' for command environment
[3.951s] DEBUG:colcon.colcon_core.event_handler.log_command:Invoking command in '/home/alex/ROS2-Wayfarer/src/my_computer/my_computer_mocap': PYTHONPATH=/home/alex/ROS2-Wayfarer/build/my_computer_mocap/prefix_override:/home/alex/ROS2-Wayfarer/install/my_computer_mocap/lib/python3.10/site-packages:${PYTHONPATH} /usr/bin/python3 setup.py egg_info --egg-base ../../../build/my_computer_mocap build --build-base /home/alex/ROS2-Wayfarer/build/my_computer_mocap/build install --record /home/alex/ROS2-Wayfarer/build/my_computer_mocap/install.log --single-version-externally-managed
[4.354s] Level 1:colcon.colcon_core.environment:checking '/home/alex/ROS2-Wayfarer/install/my_computer_mocap' for CMake module files
[4.354s] DEBUG:colcon.colcon_core.event_handler.log_command:Invoked command in '/home/alex/ROS2-Wayfarer/src/my_computer/my_computer_mocap' returned '0': PYTHONPATH=/home/alex/ROS2-Wayfarer/build/my_computer_mocap/prefix_override:/home/alex/ROS2-Wayfarer/install/my_computer_mocap/lib/python3.10/site-packages:${PYTHONPATH} /usr/bin/python3 setup.py egg_info --egg-base ../../../build/my_computer_mocap build --build-base /home/alex/ROS2-Wayfarer/build/my_computer_mocap/build install --record /home/alex/ROS2-Wayfarer/build/my_computer_mocap/install.log --single-version-externally-managed
[4.355s] Level 1:colcon.colcon_core.environment:checking '/home/alex/ROS2-Wayfarer/install/my_computer_mocap' for CMake config files
[4.356s] Level 1:colcon.colcon_core.environment:checking '/home/alex/ROS2-Wayfarer/install/my_computer_mocap/lib'
[4.356s] Level 1:colcon.colcon_core.environment:checking '/home/alex/ROS2-Wayfarer/install/my_computer_mocap/bin'
[4.356s] Level 1:colcon.colcon_core.environment:checking '/home/alex/ROS2-Wayfarer/install/my_computer_mocap/lib/pkgconfig/my_computer_mocap.pc'
[4.357s] Level 1:colcon.colcon_core.environment:checking '/home/alex/ROS2-Wayfarer/install/my_computer_mocap/lib/python3.10/site-packages'
[4.357s] Level 1:colcon.colcon_core.shell:create_environment_hook('my_computer_mocap', 'pythonpath')
[4.358s] INFO:colcon.colcon_core.shell:Creating environment hook '/home/alex/ROS2-Wayfarer/install/my_computer_mocap/share/my_computer_mocap/hook/pythonpath.ps1'
[4.359s] INFO:colcon.colcon_core.shell:Creating environment descriptor '/home/alex/ROS2-Wayfarer/install/my_computer_mocap/share/my_computer_mocap/hook/pythonpath.dsv'
[4.359s] INFO:colcon.colcon_core.shell:Creating environment hook '/home/alex/ROS2-Wayfarer/install/my_computer_mocap/share/my_computer_mocap/hook/pythonpath.sh'
[4.359s] Level 1:colcon.colcon_core.environment:checking '/home/alex/ROS2-Wayfarer/install/my_computer_mocap/bin'
[4.359s] Level 1:colcon.colcon_core.environment:create_environment_scripts_only(my_computer_mocap)
[4.361s] INFO:colcon.colcon_core.shell:Creating package script '/home/alex/ROS2-Wayfarer/install/my_computer_mocap/share/my_computer_mocap/package.ps1'
[4.361s] INFO:colcon.colcon_core.shell:Creating package descriptor '/home/alex/ROS2-Wayfarer/install/my_computer_mocap/share/my_computer_mocap/package.dsv'
[4.363s] INFO:colcon.colcon_core.shell:Creating package script '/home/alex/ROS2-Wayfarer/install/my_computer_mocap/share/my_computer_mocap/package.sh'
[4.363s] INFO:colcon.colcon_core.shell:Creating package script '/home/alex/ROS2-Wayfarer/install/my_computer_mocap/share/my_computer_mocap/package.bash'
[4.363s] INFO:colcon.colcon_core.shell:Creating package script '/home/alex/ROS2-Wayfarer/install/my_computer_mocap/share/my_computer_mocap/package.zsh'
[4.364s] Level 1:colcon.colcon_core.environment:create_file_with_runtime_dependencies(/home/alex/ROS2-Wayfarer/install/my_computer_mocap/share/colcon-core/packages/my_computer_mocap)
[4.365s] INFO:colcon.colcon_ros.task.ament_python.build:Building ROS package in '/home/alex/ROS2-Wayfarer/src/my_computer/my_computer_plot' with build type 'ament_python'
[4.365s] Level 1:colcon.colcon_core.shell:create_environment_hook('my_computer_plot', 'ament_prefix_path')
[4.366s] INFO:colcon.colcon_core.shell:Creating environment hook '/home/alex/ROS2-Wayfarer/install/my_computer_plot/share/my_computer_plot/hook/ament_prefix_path.ps1'
[4.367s] INFO:colcon.colcon_core.shell:Creating environment descriptor '/home/alex/ROS2-Wayfarer/install/my_computer_plot/share/my_computer_plot/hook/ament_prefix_path.dsv'
[4.367s] INFO:colcon.colcon_core.shell:Creating environment hook '/home/alex/ROS2-Wayfarer/install/my_computer_plot/share/my_computer_plot/hook/ament_prefix_path.sh'
[4.368s] INFO:colcon.colcon_core.shell:Skip shell extension 'powershell' for command environment: Not usable outside of PowerShell
[4.368s] DEBUG:colcon.colcon_core.shell:Skip shell extension 'dsv' for command environment
[4.799s] INFO:colcon.colcon_core.task.python.build:Building Python package in '/home/alex/ROS2-Wayfarer/src/my_computer/my_computer_plot'
[4.801s] INFO:colcon.colcon_core.shell:Skip shell extension 'powershell' for command environment: Not usable outside of PowerShell
[4.801s] DEBUG:colcon.colcon_core.shell:Skip shell extension 'dsv' for command environment
[5.228s] DEBUG:colcon.colcon_core.event_handler.log_command:Invoking command in '/home/alex/ROS2-Wayfarer/src/my_computer/my_computer_plot': PYTHONPATH=/home/alex/ROS2-Wayfarer/build/my_computer_plot/prefix_override:/home/alex/ROS2-Wayfarer/install/my_computer_plot/lib/python3.10/site-packages:${PYTHONPATH} /usr/bin/python3 setup.py egg_info --egg-base ../../../build/my_computer_plot build --build-base /home/alex/ROS2-Wayfarer/build/my_computer_plot/build install --record /home/alex/ROS2-Wayfarer/build/my_computer_plot/install.log --single-version-externally-managed
[5.662s] Level 1:colcon.colcon_core.environment:checking '/home/alex/ROS2-Wayfarer/install/my_computer_plot' for CMake module files
[5.662s] DEBUG:colcon.colcon_core.event_handler.log_command:Invoked command in '/home/alex/ROS2-Wayfarer/src/my_computer/my_computer_plot' returned '0': PYTHONPATH=/home/alex/ROS2-Wayfarer/build/my_computer_plot/prefix_override:/home/alex/ROS2-Wayfarer/install/my_computer_plot/lib/python3.10/site-packages:${PYTHONPATH} /usr/bin/python3 setup.py egg_info --egg-base ../../../build/my_computer_plot build --build-base /home/alex/ROS2-Wayfarer/build/my_computer_plot/build install --record /home/alex/ROS2-Wayfarer/build/my_computer_plot/install.log --single-version-externally-managed
[5.663s] Level 1:colcon.colcon_core.environment:checking '/home/alex/ROS2-Wayfarer/install/my_computer_plot' for CMake config files
[5.663s] Level 1:colcon.colcon_core.environment:checking '/home/alex/ROS2-Wayfarer/install/my_computer_plot/lib'
[5.663s] Level 1:colcon.colcon_core.environment:checking '/home/alex/ROS2-Wayfarer/install/my_computer_plot/bin'
[5.663s] Level 1:colcon.colcon_core.environment:checking '/home/alex/ROS2-Wayfarer/install/my_computer_plot/lib/pkgconfig/my_computer_plot.pc'
[5.663s] Level 1:colcon.colcon_core.environment:checking '/home/alex/ROS2-Wayfarer/install/my_computer_plot/lib/python3.10/site-packages'
[5.664s] Level 1:colcon.colcon_core.shell:create_environment_hook('my_computer_plot', 'pythonpath')
[5.665s] INFO:colcon.colcon_core.shell:Creating environment hook '/home/alex/ROS2-Wayfarer/install/my_computer_plot/share/my_computer_plot/hook/pythonpath.ps1'
[5.665s] INFO:colcon.colcon_core.shell:Creating environment descriptor '/home/alex/ROS2-Wayfarer/install/my_computer_plot/share/my_computer_plot/hook/pythonpath.dsv'
[5.665s] INFO:colcon.colcon_core.shell:Creating environment hook '/home/alex/ROS2-Wayfarer/install/my_computer_plot/share/my_computer_plot/hook/pythonpath.sh'
[5.666s] Level 1:colcon.colcon_core.environment:checking '/home/alex/ROS2-Wayfarer/install/my_computer_plot/bin'
[5.666s] Level 1:colcon.colcon_core.environment:create_environment_scripts_only(my_computer_plot)
[5.667s] INFO:colcon.colcon_core.shell:Creating package script '/home/alex/ROS2-Wayfarer/install/my_computer_plot/share/my_computer_plot/package.ps1'
[5.668s] INFO:colcon.colcon_core.shell:Creating package descriptor '/home/alex/ROS2-Wayfarer/install/my_computer_plot/share/my_computer_plot/package.dsv'
[5.668s] INFO:colcon.colcon_core.shell:Creating package script '/home/alex/ROS2-Wayfarer/install/my_computer_plot/share/my_computer_plot/package.sh'
[5.668s] INFO:colcon.colcon_core.shell:Creating package script '/home/alex/ROS2-Wayfarer/install/my_computer_plot/share/my_computer_plot/package.bash'
[5.668s] INFO:colcon.colcon_core.shell:Creating package script '/home/alex/ROS2-Wayfarer/install/my_computer_plot/share/my_computer_plot/package.zsh'
[5.669s] Level 1:colcon.colcon_core.environment:create_file_with_runtime_dependencies(/home/alex/ROS2-Wayfarer/install/my_computer_plot/share/colcon-core/packages/my_computer_plot)
[5.670s] INFO:colcon.colcon_ros.task.ament_python.build:Building ROS package in '/home/alex/ROS2-Wayfarer/src/my_robot/my_robot' with build type 'ament_python'
[5.671s] Level 1:colcon.colcon_core.shell:create_environment_hook('my_robot', 'ament_prefix_path')
[5.672s] INFO:colcon.colcon_core.shell:Creating environment hook '/home/alex/ROS2-Wayfarer/install/my_robot/share/my_robot/hook/ament_prefix_path.ps1'
[5.672s] INFO:colcon.colcon_core.shell:Creating environment descriptor '/home/alex/ROS2-Wayfarer/install/my_robot/share/my_robot/hook/ament_prefix_path.dsv'
[5.672s] INFO:colcon.colcon_core.shell:Creating environment hook '/home/alex/ROS2-Wayfarer/install/my_robot/share/my_robot/hook/ament_prefix_path.sh'
[5.674s] INFO:colcon.colcon_core.shell:Skip shell extension 'powershell' for command environment: Not usable outside of PowerShell
[5.674s] DEBUG:colcon.colcon_core.shell:Skip shell extension 'dsv' for command environment
[6.096s] INFO:colcon.colcon_core.task.python.build:Building Python package in '/home/alex/ROS2-Wayfarer/src/my_robot/my_robot'
[6.097s] INFO:colcon.colcon_core.shell:Skip shell extension 'powershell' for command environment: Not usable outside of PowerShell
[6.097s] DEBUG:colcon.colcon_core.shell:Skip shell extension 'dsv' for command environment
[6.518s] DEBUG:colcon.colcon_core.event_handler.log_command:Invoking command in '/home/alex/ROS2-Wayfarer/src/my_robot/my_robot': PYTHONPATH=/home/alex/ROS2-Wayfarer/build/my_robot/prefix_override:/home/alex/ROS2-Wayfarer/install/my_robot/lib/python3.10/site-packages:${PYTHONPATH} /usr/bin/python3 setup.py egg_info --egg-base ../../../build/my_robot build --build-base /home/alex/ROS2-Wayfarer/build/my_robot/build install --record /home/alex/ROS2-Wayfarer/build/my_robot/install.log --single-version-externally-managed
[6.956s] DEBUG:colcon.colcon_core.event_handler.log_command:Invoked command in '/home/alex/ROS2-Wayfarer/src/my_robot/my_robot' returned '0': PYTHONPATH=/home/alex/ROS2-Wayfarer/build/my_robot/prefix_override:/home/alex/ROS2-Wayfarer/install/my_robot/lib/python3.10/site-packages:${PYTHONPATH} /usr/bin/python3 setup.py egg_info --egg-base ../../../build/my_robot build --build-base /home/alex/ROS2-Wayfarer/build/my_robot/build install --record /home/alex/ROS2-Wayfarer/build/my_robot/install.log --single-version-externally-managed
[6.959s] Level 1:colcon.colcon_core.environment:checking '/home/alex/ROS2-Wayfarer/install/my_robot' for CMake module files
[6.960s] Level 1:colcon.colcon_core.environment:checking '/home/alex/ROS2-Wayfarer/install/my_robot' for CMake config files
[6.962s] Level 1:colcon.colcon_core.environment:checking '/home/alex/ROS2-Wayfarer/install/my_robot/lib'
[6.963s] Level 1:colcon.colcon_core.environment:checking '/home/alex/ROS2-Wayfarer/install/my_robot/bin'
[6.963s] Level 1:colcon.colcon_core.environment:checking '/home/alex/ROS2-Wayfarer/install/my_robot/lib/pkgconfig/my_robot.pc'
[6.964s] Level 1:colcon.colcon_core.environment:checking '/home/alex/ROS2-Wayfarer/install/my_robot/lib/python3.10/site-packages'
[6.964s] Level 1:colcon.colcon_core.shell:create_environment_hook('my_robot', 'pythonpath')
[6.971s] INFO:colcon.colcon_core.shell:Creating environment hook '/home/alex/ROS2-Wayfarer/install/my_robot/share/my_robot/hook/pythonpath.ps1'
[6.974s] INFO:colcon.colcon_core.shell:Creating environment descriptor '/home/alex/ROS2-Wayfarer/install/my_robot/share/my_robot/hook/pythonpath.dsv'
[6.975s] INFO:colcon.colcon_core.shell:Creating environment hook '/home/alex/ROS2-Wayfarer/install/my_robot/share/my_robot/hook/pythonpath.sh'
[6.978s] Level 1:colcon.colcon_core.environment:checking '/home/alex/ROS2-Wayfarer/install/my_robot/bin'
[6.979s] Level 1:colcon.colcon_core.environment:create_environment_scripts_only(my_robot)
[6.990s] INFO:colcon.colcon_core.shell:Creating package script '/home/alex/ROS2-Wayfarer/install/my_robot/share/my_robot/package.ps1'
[6.991s] INFO:colcon.colcon_core.shell:Creating package descriptor '/home/alex/ROS2-Wayfarer/install/my_robot/share/my_robot/package.dsv'
[6.991s] INFO:colcon.colcon_core.shell:Creating package script '/home/alex/ROS2-Wayfarer/install/my_robot/share/my_robot/package.sh'
[6.992s] INFO:colcon.colcon_core.shell:Creating package script '/home/alex/ROS2-Wayfarer/install/my_robot/share/my_robot/package.bash'
[6.992s] INFO:colcon.colcon_core.shell:Creating package script '/home/alex/ROS2-Wayfarer/install/my_robot/share/my_robot/package.zsh'
[6.992s] Level 1:colcon.colcon_core.environment:create_file_with_runtime_dependencies(/home/alex/ROS2-Wayfarer/install/my_robot/share/colcon-core/packages/my_robot)
[7.003s] INFO:colcon.colcon_ros.task.ament_python.build:Building ROS package in '/home/alex/ROS2-Wayfarer/src/my_robot/my_robot_controller' with build type 'ament_python'
[7.003s] Level 1:colcon.colcon_core.shell:create_environment_hook('my_robot_controller', 'ament_prefix_path')
[7.005s] INFO:colcon.colcon_core.shell:Creating environment hook '/home/alex/ROS2-Wayfarer/install/my_robot_controller/share/my_robot_controller/hook/ament_prefix_path.ps1'
[7.005s] INFO:colcon.colcon_core.shell:Creating environment descriptor '/home/alex/ROS2-Wayfarer/install/my_robot_controller/share/my_robot_controller/hook/ament_prefix_path.dsv'
[7.006s] INFO:colcon.colcon_core.shell:Creating environment hook '/home/alex/ROS2-Wayfarer/install/my_robot_controller/share/my_robot_controller/hook/ament_prefix_path.sh'
[7.007s] INFO:colcon.colcon_core.shell:Skip shell extension 'powershell' for command environment: Not usable outside of PowerShell
[7.007s] DEBUG:colcon.colcon_core.shell:Skip shell extension 'dsv' for command environment
[7.594s] INFO:colcon.colcon_core.task.python.build:Building Python package in '/home/alex/ROS2-Wayfarer/src/my_robot/my_robot_controller'
[7.596s] INFO:colcon.colcon_core.shell:Skip shell extension 'powershell' for command environment: Not usable outside of PowerShell
[7.596s] DEBUG:colcon.colcon_core.shell:Skip shell extension 'dsv' for command environment
[8.142s] DEBUG:colcon.colcon_core.event_handler.log_command:Invoking command in '/home/alex/ROS2-Wayfarer/src/my_robot/my_robot_controller': PYTHONPATH=/home/alex/ROS2-Wayfarer/build/my_robot_controller/prefix_override:/home/alex/ROS2-Wayfarer/install/my_robot_controller/lib/python3.10/site-packages:${PYTHONPATH} /usr/bin/python3 setup.py egg_info --egg-base ../../../build/my_robot_controller build --build-base /home/alex/ROS2-Wayfarer/build/my_robot_controller/build install --record /home/alex/ROS2-Wayfarer/build/my_robot_controller/install.log --single-version-externally-managed
[8.578s] Level 1:colcon.colcon_core.environment:checking '/home/alex/ROS2-Wayfarer/install/my_robot_controller' for CMake module files
[8.578s] Level 1:colcon.colcon_core.environment:checking '/home/alex/ROS2-Wayfarer/install/my_robot_controller' for CMake config files
[8.593s] DEBUG:colcon.colcon_core.event_handler.log_command:Invoked command in '/home/alex/ROS2-Wayfarer/src/my_robot/my_robot_controller' returned '0': PYTHONPATH=/home/alex/ROS2-Wayfarer/build/my_robot_controller/prefix_override:/home/alex/ROS2-Wayfarer/install/my_robot_controller/lib/python3.10/site-packages:${PYTHONPATH} /usr/bin/python3 setup.py egg_info --egg-base ../../../build/my_robot_controller build --build-base /home/alex/ROS2-Wayfarer/build/my_robot_controller/build install --record /home/alex/ROS2-Wayfarer/build/my_robot_controller/install.log --single-version-externally-managed
[8.594s] Level 1:colcon.colcon_core.environment:checking '/home/alex/ROS2-Wayfarer/install/my_robot_controller/lib'
[8.594s] Level 1:colcon.colcon_core.environment:checking '/home/alex/ROS2-Wayfarer/install/my_robot_controller/bin'
[8.594s] Level 1:colcon.colcon_core.environment:checking '/home/alex/ROS2-Wayfarer/install/my_robot_controller/lib/pkgconfig/my_robot_controller.pc'
[8.594s] Level 1:colcon.colcon_core.environment:checking '/home/alex/ROS2-Wayfarer/install/my_robot_controller/lib/python3.10/site-packages'
[8.594s] Level 1:colcon.colcon_core.shell:create_environment_hook('my_robot_controller', 'pythonpath')
[8.595s] INFO:colcon.colcon_core.shell:Creating environment hook '/home/alex/ROS2-Wayfarer/install/my_robot_controller/share/my_robot_controller/hook/pythonpath.ps1'
[8.596s] INFO:colcon.colcon_core.shell:Creating environment descriptor '/home/alex/ROS2-Wayfarer/install/my_robot_controller/share/my_robot_controller/hook/pythonpath.dsv'
[8.596s] INFO:colcon.colcon_core.shell:Creating environment hook '/home/alex/ROS2-Wayfarer/install/my_robot_controller/share/my_robot_controller/hook/pythonpath.sh'
[8.597s] Level 1:colcon.colcon_core.environment:checking '/home/alex/ROS2-Wayfarer/install/my_robot_controller/bin'
[8.597s] Level 1:colcon.colcon_core.environment:create_environment_scripts_only(my_robot_controller)
[8.598s] INFO:colcon.colcon_core.shell:Creating package script '/home/alex/ROS2-Wayfarer/install/my_robot_controller/share/my_robot_controller/package.ps1'
[8.598s] INFO:colcon.colcon_core.shell:Creating package descriptor '/home/alex/ROS2-Wayfarer/install/my_robot_controller/share/my_robot_controller/package.dsv'
[8.599s] INFO:colcon.colcon_core.shell:Creating package script '/home/alex/ROS2-Wayfarer/install/my_robot_controller/share/my_robot_controller/package.sh'
[8.599s] INFO:colcon.colcon_core.shell:Creating package script '/home/alex/ROS2-Wayfarer/install/my_robot_controller/share/my_robot_controller/package.bash'
[8.599s] INFO:colcon.colcon_core.shell:Creating package script '/home/alex/ROS2-Wayfarer/install/my_robot_controller/share/my_robot_controller/package.zsh'
[8.601s] Level 1:colcon.colcon_core.environment:create_file_with_runtime_dependencies(/home/alex/ROS2-Wayfarer/install/my_robot_controller/share/colcon-core/packages/my_robot_controller)
[8.602s] INFO:colcon.colcon_ros.task.ament_python.build:Building ROS package in '/home/alex/ROS2-Wayfarer/src/my_robot/my_robot_data' with build type 'ament_python'
[8.602s] Level 1:colcon.colcon_core.shell:create_environment_hook('my_robot_data', 'ament_prefix_path')
[8.603s] INFO:colcon.colcon_core.shell:Creating environment hook '/home/alex/ROS2-Wayfarer/install/my_robot_data/share/my_robot_data/hook/ament_prefix_path.ps1'
[8.603s] INFO:colcon.colcon_core.shell:Creating environment descriptor '/home/alex/ROS2-Wayfarer/install/my_robot_data/share/my_robot_data/hook/ament_prefix_path.dsv'
[8.604s] INFO:colcon.colcon_core.shell:Creating environment hook '/home/alex/ROS2-Wayfarer/install/my_robot_data/share/my_robot_data/hook/ament_prefix_path.sh'
[8.605s] INFO:colcon.colcon_core.shell:Skip shell extension 'powershell' for command environment: Not usable outside of PowerShell
[8.605s] DEBUG:colcon.colcon_core.shell:Skip shell extension 'dsv' for command environment
[9.111s] INFO:colcon.colcon_core.task.python.build:Building Python package in '/home/alex/ROS2-Wayfarer/src/my_robot/my_robot_data'
[9.112s] INFO:colcon.colcon_core.shell:Skip shell extension 'powershell' for command environment: Not usable outside of PowerShell
[9.112s] DEBUG:colcon.colcon_core.shell:Skip shell extension 'dsv' for command environment
[9.651s] DEBUG:colcon.colcon_core.event_handler.log_command:Invoking command in '/home/alex/ROS2-Wayfarer/src/my_robot/my_robot_data': PYTHONPATH=/home/alex/ROS2-Wayfarer/build/my_robot_data/prefix_override:/home/alex/ROS2-Wayfarer/install/my_robot_data/lib/python3.10/site-packages:${PYTHONPATH} /usr/bin/python3 setup.py egg_info --egg-base ../../../build/my_robot_data build --build-base /home/alex/ROS2-Wayfarer/build/my_robot_data/build install --record /home/alex/ROS2-Wayfarer/build/my_robot_data/install.log --single-version-externally-managed
[10.092s] Level 1:colcon.colcon_core.environment:checking '/home/alex/ROS2-Wayfarer/install/my_robot_data' for CMake module files
[10.092s] DEBUG:colcon.colcon_core.event_handler.log_command:Invoked command in '/home/alex/ROS2-Wayfarer/src/my_robot/my_robot_data' returned '0': PYTHONPATH=/home/alex/ROS2-Wayfarer/build/my_robot_data/prefix_override:/home/alex/ROS2-Wayfarer/install/my_robot_data/lib/python3.10/site-packages:${PYTHONPATH} /usr/bin/python3 setup.py egg_info --egg-base ../../../build/my_robot_data build --build-base /home/alex/ROS2-Wayfarer/build/my_robot_data/build install --record /home/alex/ROS2-Wayfarer/build/my_robot_data/install.log --single-version-externally-managed
[10.093s] Level 1:colcon.colcon_core.environment:checking '/home/alex/ROS2-Wayfarer/install/my_robot_data' for CMake config files
[10.093s] Level 1:colcon.colcon_core.environment:checking '/home/alex/ROS2-Wayfarer/install/my_robot_data/lib'
[10.094s] Level 1:colcon.colcon_core.environment:checking '/home/alex/ROS2-Wayfarer/install/my_robot_data/bin'
[10.094s] Level 1:colcon.colcon_core.environment:checking '/home/alex/ROS2-Wayfarer/install/my_robot_data/lib/pkgconfig/my_robot_data.pc'
[10.094s] Level 1:colcon.colcon_core.environment:checking '/home/alex/ROS2-Wayfarer/install/my_robot_data/lib/python3.10/site-packages'
[10.095s] Level 1:colcon.colcon_core.shell:create_environment_hook('my_robot_data', 'pythonpath')
[10.096s] INFO:colcon.colcon_core.shell:Creating environment hook '/home/alex/ROS2-Wayfarer/install/my_robot_data/share/my_robot_data/hook/pythonpath.ps1'
[10.096s] INFO:colcon.colcon_core.shell:Creating environment descriptor '/home/alex/ROS2-Wayfarer/install/my_robot_data/share/my_robot_data/hook/pythonpath.dsv'
[10.096s] INFO:colcon.colcon_core.shell:Creating environment hook '/home/alex/ROS2-Wayfarer/install/my_robot_data/share/my_robot_data/hook/pythonpath.sh'
[10.097s] Level 1:colcon.colcon_core.environment:checking '/home/alex/ROS2-Wayfarer/install/my_robot_data/bin'
[10.097s] Level 1:colcon.colcon_core.environment:create_environment_scripts_only(my_robot_data)
[10.098s] INFO:colcon.colcon_core.shell:Creating package script '/home/alex/ROS2-Wayfarer/install/my_robot_data/share/my_robot_data/package.ps1'
[10.098s] INFO:colcon.colcon_core.shell:Creating package descriptor '/home/alex/ROS2-Wayfarer/install/my_robot_data/share/my_robot_data/package.dsv'
[10.099s] INFO:colcon.colcon_core.shell:Creating package script '/home/alex/ROS2-Wayfarer/install/my_robot_data/share/my_robot_data/package.sh'
[10.099s] INFO:colcon.colcon_core.shell:Creating package script '/home/alex/ROS2-Wayfarer/install/my_robot_data/share/my_robot_data/package.bash'
[10.099s] INFO:colcon.colcon_core.shell:Creating package script '/home/alex/ROS2-Wayfarer/install/my_robot_data/share/my_robot_data/package.zsh'
[10.100s] Level 1:colcon.colcon_core.environment:create_file_with_runtime_dependencies(/home/alex/ROS2-Wayfarer/install/my_robot_data/share/colcon-core/packages/my_robot_data)
[10.100s] DEBUG:colcon.colcon_parallel_executor.executor.parallel:closing loop
[10.101s] DEBUG:colcon.colcon_parallel_executor.executor.parallel:loop closed
[10.101s] DEBUG:colcon.colcon_parallel_executor.executor.parallel:run_until_complete finished with '0'
[10.101s] DEBUG:colcon.colcon_core.event_reactor:joining thread
[10.106s] INFO:colcon.colcon_core.plugin_system:Skipping extension 'colcon_notification.desktop_notification.terminal_notifier': Not used on non-Darwin systems
[10.106s] INFO:colcon.colcon_core.plugin_system:Skipping extension 'colcon_notification.desktop_notification.win32': Not used on non-Windows systems
[10.106s] INFO:colcon.colcon_notification.desktop_notification:Sending desktop notification using 'notify2'
[10.127s] DEBUG:colcon.colcon_core.event_reactor:joined thread
[10.129s] INFO:colcon.colcon_core.shell:Creating prefix script '/home/alex/ROS2-Wayfarer/install/local_setup.ps1'
[10.130s] INFO:colcon.colcon_core.shell:Creating prefix util module '/home/alex/ROS2-Wayfarer/install/_local_setup_util_ps1.py'
[10.131s] INFO:colcon.colcon_core.shell:Creating prefix chain script '/home/alex/ROS2-Wayfarer/install/setup.ps1'
[10.132s] INFO:colcon.colcon_core.shell:Creating prefix script '/home/alex/ROS2-Wayfarer/install/local_setup.sh'
[10.132s] INFO:colcon.colcon_core.shell:Creating prefix util module '/home/alex/ROS2-Wayfarer/install/_local_setup_util_sh.py'
[10.133s] INFO:colcon.colcon_core.shell:Creating prefix chain script '/home/alex/ROS2-Wayfarer/install/setup.sh'
[10.134s] INFO:colcon.colcon_core.shell:Creating prefix script '/home/alex/ROS2-Wayfarer/install/local_setup.bash'
[10.134s] INFO:colcon.colcon_core.shell:Creating prefix chain script '/home/alex/ROS2-Wayfarer/install/setup.bash'
[10.135s] INFO:colcon.colcon_core.shell:Creating prefix script '/home/alex/ROS2-Wayfarer/install/local_setup.zsh'
[10.135s] INFO:colcon.colcon_core.shell:Creating prefix chain script '/home/alex/ROS2-Wayfarer/install/setup.zsh'
