[0.010s] Invoking command in '/home/alex/ROS2-Wayfarer/build/acl_msgs': CMAKE_PREFIX_PATH=/home/alex/ROS2-Wayfarer/install/my_robot_data:/home/alex/ROS2-Wayfarer/install/my_robot_controller:/home/alex/ROS2-Wayfarer/install/my_robot:/home/alex/ROS2-Wayfarer/install/my_computer_plot:/home/alex/ROS2-Wayfarer/install/my_computer_mocap:/home/alex/ROS2-Wayfarer/install/my_computer_goal:/home/alex/ROS2-Wayfarer/install/my_computer:/opt/ros/humble /usr/bin/cmake /home/alex/ROS2-Wayfarer/src/acl_msgs -DCMAKE_INSTALL_PREFIX=/home/alex/ROS2-Wayfarer/install/acl_msgs
[0.065s] -- Found ament_cmake: 1.3.3 (/opt/ros/humble/share/ament_cmake/cmake)
[0.305s] -- Found rosidl_default_generators: 1.2.0 (/opt/ros/humble/share/rosidl_default_generators/cmake)
[0.308s] -- Using all available rosidl_typesupport_c: rosidl_typesupport_fastrtps_c;rosidl_typesupport_introspection_c
[0.311s] -- Found rosidl_adapter: 3.1.4 (/opt/ros/humble/share/rosidl_adapter/cmake)
[0.367s] -- Using all available rosidl_typesupport_cpp: rosidl_typesupport_fastrtps_cpp;rosidl_typesupport_introspection_cpp
[0.417s] -- Found geometry_msgs: 4.2.3 (/opt/ros/humble/share/geometry_msgs/cmake)
[1.061s] -- Found ament_cmake_ros: 0.10.0 (/opt/ros/humble/share/ament_cmake_ros/cmake)
[1.488s] -- Using all available rosidl_typesupport_c: rosidl_typesupport_fastrtps_c;rosidl_typesupport_introspection_c
[1.988s] -- Using all available rosidl_typesupport_cpp: rosidl_typesupport_fastrtps_cpp;rosidl_typesupport_introspection_cpp
[2.017s] -- Found PythonInterp: /usr/bin/python3 (found suitable version "3.10.6", minimum required is "3.6") 
[2.021s] -- Found python_cmake_module: 0.10.0 (/opt/ros/humble/share/python_cmake_module/cmake)
[2.080s] -- Found PythonLibs: /usr/lib/x86_64-linux-gnu/libpython3.10.so (found suitable version "3.10.6", minimum required is "3.5") 
[2.080s] -- Using PYTHON_EXECUTABLE: /usr/bin/python3
[2.081s] -- Using PYTHON_INCLUDE_DIRS: /usr/include/python3.10
[2.081s] -- Using PYTHON_LIBRARIES: /usr/lib/x86_64-linux-gnu/libpython3.10.so
[2.105s] -- Found PythonExtra: .so  
[2.212s] -- Found ament_lint_auto: 0.12.5 (/opt/ros/humble/share/ament_lint_auto/cmake)
[2.305s] -- Added test 'lint_cmake' to check CMake code style
[2.316s] -- Added test 'xmllint' to check XML markup files
[2.322s] -- Configuring done
[2.391s] -- Generating done
[2.396s] -- Build files have been written to: /home/alex/ROS2-Wayfarer/build/acl_msgs
[2.403s] Invoked command in '/home/alex/ROS2-Wayfarer/build/acl_msgs' returned '0': CMAKE_PREFIX_PATH=/home/alex/ROS2-Wayfarer/install/my_robot_data:/home/alex/ROS2-Wayfarer/install/my_robot_controller:/home/alex/ROS2-Wayfarer/install/my_robot:/home/alex/ROS2-Wayfarer/install/my_computer_plot:/home/alex/ROS2-Wayfarer/install/my_computer_mocap:/home/alex/ROS2-Wayfarer/install/my_computer_goal:/home/alex/ROS2-Wayfarer/install/my_computer:/opt/ros/humble /usr/bin/cmake /home/alex/ROS2-Wayfarer/src/acl_msgs -DCMAKE_INSTALL_PREFIX=/home/alex/ROS2-Wayfarer/install/acl_msgs
[2.404s] Invoking command in '/home/alex/ROS2-Wayfarer/build/acl_msgs': CMAKE_PREFIX_PATH=/home/alex/ROS2-Wayfarer/install/my_robot_data:/home/alex/ROS2-Wayfarer/install/my_robot_controller:/home/alex/ROS2-Wayfarer/install/my_robot:/home/alex/ROS2-Wayfarer/install/my_computer_plot:/home/alex/ROS2-Wayfarer/install/my_computer_mocap:/home/alex/ROS2-Wayfarer/install/my_computer_goal:/home/alex/ROS2-Wayfarer/install/my_computer:/opt/ros/humble /usr/bin/cmake --build /home/alex/ROS2-Wayfarer/build/acl_msgs -- -j1 -l1
[2.486s] [  1%] [34m[1mGenerating C++ code for ROS interfaces[0m
[3.314s] [  1%] Built target acl_msgs__cpp
[3.335s] [  2%] [34m[1mGenerating C++ type support dispatch for ROS interfaces[0m
[3.873s] [  4%] [32mBuilding CXX object CMakeFiles/acl_msgs__rosidl_typesupport_cpp.dir/rosidl_typesupport_cpp/acl_msgs/msg/imu__type_support.cpp.o[0m
[4.170s] In file included from [01m[K/home/alex/ROS2-Wayfarer/build/acl_msgs/rosidl_typesupport_cpp/acl_msgs/msg/imu__type_support.cpp:7[m[K:
[4.170s] [01m[K/home/alex/ROS2-Wayfarer/build/acl_msgs/rosidl_generator_cpp/acl_msgs/msg/detail/imu__struct.hpp:20:10:[m[K [01;31m[Kfatal error: [m[Kacl_msgs/msg/detail/header__struct.hpp: No such file or directory
[4.170s]    20 | #include [01;31m[K"acl_msgs/msg/detail/header__struct.hpp"[m[K
[4.170s]       |          [01;31m[K^~~~~~~~~~~~~~~~~~~~~~~~~~~~~~~~~~~~~~~~[m[K
[4.170s] compilation terminated.
[4.174s] gmake[2]: *** [CMakeFiles/acl_msgs__rosidl_typesupport_cpp.dir/build.make:165: CMakeFiles/acl_msgs__rosidl_typesupport_cpp.dir/rosidl_typesupport_cpp/acl_msgs/msg/imu__type_support.cpp.o] Error 1
[4.176s] gmake[1]: *** [CMakeFiles/Makefile2:395: CMakeFiles/acl_msgs__rosidl_typesupport_cpp.dir/all] Error 2
[4.176s] gmake: *** [Makefile:146: all] Error 2
[4.177s] Invoked command in '/home/alex/ROS2-Wayfarer/build/acl_msgs' returned '2': CMAKE_PREFIX_PATH=/home/alex/ROS2-Wayfarer/install/my_robot_data:/home/alex/ROS2-Wayfarer/install/my_robot_controller:/home/alex/ROS2-Wayfarer/install/my_robot:/home/alex/ROS2-Wayfarer/install/my_computer_plot:/home/alex/ROS2-Wayfarer/install/my_computer_mocap:/home/alex/ROS2-Wayfarer/install/my_computer_goal:/home/alex/ROS2-Wayfarer/install/my_computer:/opt/ros/humble /usr/bin/cmake --build /home/alex/ROS2-Wayfarer/build/acl_msgs -- -j1 -l1
