[1.139s] Invoking command in '/home/alex/ROS2-Wayfarer/src/my_robot/my_robot_controller': PYTHONPATH=/home/alex/ROS2-Wayfarer/build/my_robot_controller/prefix_override:/home/alex/ROS2-Wayfarer/install/my_robot_controller/lib/python3.10/site-packages:${PYTHONPATH} /usr/bin/python3 setup.py egg_info --egg-base ../../../build/my_robot_controller build --build-base /home/alex/ROS2-Wayfarer/build/my_robot_controller/build install --record /home/alex/ROS2-Wayfarer/build/my_robot_controller/install.log --single-version-externally-managed
[1.502s] running egg_info
[1.503s] creating ../../../build/my_robot_controller/my_robot_controller.egg-info
[1.506s] writing ../../../build/my_robot_controller/my_robot_controller.egg-info/PKG-INFO
[1.506s] writing dependency_links to ../../../build/my_robot_controller/my_robot_controller.egg-info/dependency_links.txt
[1.507s] writing entry points to ../../../build/my_robot_controller/my_robot_controller.egg-info/entry_points.txt
[1.507s] writing requirements to ../../../build/my_robot_controller/my_robot_controller.egg-info/requires.txt
[1.508s] writing top-level names to ../../../build/my_robot_controller/my_robot_controller.egg-info/top_level.txt
[1.508s] writing manifest file '../../../build/my_robot_controller/my_robot_controller.egg-info/SOURCES.txt'
[1.510s] reading manifest file '../../../build/my_robot_controller/my_robot_controller.egg-info/SOURCES.txt'
[1.511s] writing manifest file '../../../build/my_robot_controller/my_robot_controller.egg-info/SOURCES.txt'
[1.513s] running build
[1.514s] running build_py
[1.514s] creating /home/alex/ROS2-Wayfarer/build/my_robot_controller/build
[1.514s] creating /home/alex/ROS2-Wayfarer/build/my_robot_controller/build/lib
[1.514s] creating /home/alex/ROS2-Wayfarer/build/my_robot_controller/build/lib/my_robot_controller
[1.515s] copying my_robot_controller/controller_node.py -> /home/alex/ROS2-Wayfarer/build/my_robot_controller/build/lib/my_robot_controller
[1.515s] copying my_robot_controller/__init__.py -> /home/alex/ROS2-Wayfarer/build/my_robot_controller/build/lib/my_robot_controller
[1.515s] running install
[1.516s] /usr/lib/python3/dist-packages/setuptools/command/install.py:34: SetuptoolsDeprecationWarning: setup.py install is deprecated. Use build and pip and other standards-based tools.
[1.516s]   warnings.warn(
[1.516s] running install_lib
[1.517s] creating /home/alex/ROS2-Wayfarer/install/my_robot_controller/lib/python3.10/site-packages/my_robot_controller
[1.517s] copying /home/alex/ROS2-Wayfarer/build/my_robot_controller/build/lib/my_robot_controller/controller_node.py -> /home/alex/ROS2-Wayfarer/install/my_robot_controller/lib/python3.10/site-packages/my_robot_controller
[1.518s] copying /home/alex/ROS2-Wayfarer/build/my_robot_controller/build/lib/my_robot_controller/__init__.py -> /home/alex/ROS2-Wayfarer/install/my_robot_controller/lib/python3.10/site-packages/my_robot_controller
[1.518s] byte-compiling /home/alex/ROS2-Wayfarer/install/my_robot_controller/lib/python3.10/site-packages/my_robot_controller/controller_node.py to controller_node.cpython-310.pyc
[1.519s] byte-compiling /home/alex/ROS2-Wayfarer/install/my_robot_controller/lib/python3.10/site-packages/my_robot_controller/__init__.py to __init__.cpython-310.pyc
[1.519s] running install_data
[1.520s] creating /home/alex/ROS2-Wayfarer/install/my_robot_controller/share/ament_index
[1.520s] creating /home/alex/ROS2-Wayfarer/install/my_robot_controller/share/ament_index/resource_index
[1.520s] creating /home/alex/ROS2-Wayfarer/install/my_robot_controller/share/ament_index/resource_index/packages
[1.520s] copying resource/my_robot_controller -> /home/alex/ROS2-Wayfarer/install/my_robot_controller/share/ament_index/resource_index/packages
[1.521s] copying package.xml -> /home/alex/ROS2-Wayfarer/install/my_robot_controller/share/my_robot_controller
[1.521s] running install_egg_info
[1.523s] Copying ../../../build/my_robot_controller/my_robot_controller.egg-info to /home/alex/ROS2-Wayfarer/install/my_robot_controller/lib/python3.10/site-packages/my_robot_controller-0.0.0-py3.10.egg-info
[1.524s] running install_scripts
[1.547s] Installing controller_node script to /home/alex/ROS2-Wayfarer/install/my_robot_controller/lib/my_robot_controller
[1.548s] writing list of installed files to '/home/alex/ROS2-Wayfarer/build/my_robot_controller/install.log'
[1.588s] Invoked command in '/home/alex/ROS2-Wayfarer/src/my_robot/my_robot_controller' returned '0': PYTHONPATH=/home/alex/ROS2-Wayfarer/build/my_robot_controller/prefix_override:/home/alex/ROS2-Wayfarer/install/my_robot_controller/lib/python3.10/site-packages:${PYTHONPATH} /usr/bin/python3 setup.py egg_info --egg-base ../../../build/my_robot_controller build --build-base /home/alex/ROS2-Wayfarer/build/my_robot_controller/build install --record /home/alex/ROS2-Wayfarer/build/my_robot_controller/install.log --single-version-externally-managed
