[0.380s] DEBUG:colcon:Command line arguments: ['/usr/bin/colcon', 'build']
[0.381s] DEBUG:colcon:Parsed command line arguments: Namespace(log_base=None, log_level=None, verb_name='build', build_base='build', install_base='install', merge_install=False, symlink_install=False, test_result_base=None, continue_on_error=False, executor='parallel', parallel_workers=1, event_handlers=None, ignore_user_meta=False, metas=['./colcon.meta'], base_paths=['.'], packages_ignore=None, packages_ignore_regex=None, paths=None, packages_up_to=None, packages_up_to_regex=None, packages_above=None, packages_above_and_dependencies=None, packages_above_depth=None, packages_select_by_dep=None, packages_skip_by_dep=None, packages_skip_up_to=None, packages_select_build_failed=False, packages_skip_build_finished=False, packages_select_test_failures=False, packages_skip_test_passed=False, packages_select=None, packages_skip=None, packages_select_regex=None, packages_skip_regex=None, packages_start=None, packages_end=None, allow_overriding=[], cmake_args=None, cmake_target=None, cmake_target_skip_unavailable=False, cmake_clean_cache=False, cmake_clean_first=False, cmake_force_configure=False, ament_cmake_args=None, catkin_cmake_args=None, catkin_skip_building_tests=False, verb_parser=<colcon_defaults.argument_parser.defaults.DefaultArgumentsDecorator object at 0x7f29ebf2e530>, verb_extension=<colcon_core.verb.build.BuildVerb object at 0x7f29ec7563e0>, main=<bound method BuildVerb.main of <colcon_core.verb.build.BuildVerb object at 0x7f29ec7563e0>>)
[0.419s] Level 1:colcon.colcon_core.package_discovery:discover_packages(colcon_meta) check parameters
[0.419s] Level 1:colcon.colcon_core.package_discovery:discover_packages(recursive) check parameters
[0.419s] Level 1:colcon.colcon_core.package_discovery:discover_packages(ignore) check parameters
[0.419s] Level 1:colcon.colcon_core.package_discovery:discover_packages(path) check parameters
[0.419s] Level 1:colcon.colcon_core.package_discovery:discover_packages(colcon_meta) discover
[0.419s] Level 1:colcon.colcon_core.package_discovery:discover_packages(recursive) discover
[0.419s] INFO:colcon.colcon_core.package_discovery:Crawling recursively for packages in '/home/alex/ROS2-Wayfarer'
[0.419s] Level 1:colcon.colcon_core.package_identification:_identify(.) by extensions ['ignore', 'ignore_ament_install']
[0.419s] Level 1:colcon.colcon_core.package_identification:_identify(.) by extension 'ignore'
[0.420s] Level 1:colcon.colcon_core.package_identification:_identify(.) by extension 'ignore_ament_install'
[0.420s] Level 1:colcon.colcon_core.package_identification:_identify(.) by extensions ['colcon_pkg']
[0.420s] Level 1:colcon.colcon_core.package_identification:_identify(.) by extension 'colcon_pkg'
[0.420s] Level 1:colcon.colcon_core.package_identification:_identify(.) by extensions ['colcon_meta']
[0.420s] Level 1:colcon.colcon_core.package_identification:_identify(.) by extension 'colcon_meta'
[0.420s] Level 1:colcon.colcon_core.package_identification:_identify(.) by extensions ['ros']
[0.420s] Level 1:colcon.colcon_core.package_identification:_identify(.) by extension 'ros'
[0.432s] Level 1:colcon.colcon_core.package_identification:_identify(.) by extensions ['cmake', 'python']
[0.432s] Level 1:colcon.colcon_core.package_identification:_identify(.) by extension 'cmake'
[0.432s] Level 1:colcon.colcon_core.package_identification:_identify(.) by extension 'python'
[0.432s] Level 1:colcon.colcon_core.package_identification:_identify(.) by extensions ['python_setup_py']
[0.432s] Level 1:colcon.colcon_core.package_identification:_identify(.) by extension 'python_setup_py'
[0.432s] Level 1:colcon.colcon_core.package_identification:_identify(build) by extensions ['ignore', 'ignore_ament_install']
[0.432s] Level 1:colcon.colcon_core.package_identification:_identify(build) by extension 'ignore'
[0.432s] Level 1:colcon.colcon_core.package_identification:_identify(build) ignored
[0.433s] Level 1:colcon.colcon_core.package_identification:_identify(install) by extensions ['ignore', 'ignore_ament_install']
[0.433s] Level 1:colcon.colcon_core.package_identification:_identify(install) by extension 'ignore'
[0.433s] Level 1:colcon.colcon_core.package_identification:_identify(install) ignored
[0.433s] Level 1:colcon.colcon_core.package_identification:_identify(launch) by extensions ['ignore', 'ignore_ament_install']
[0.433s] Level 1:colcon.colcon_core.package_identification:_identify(launch) by extension 'ignore'
[0.433s] Level 1:colcon.colcon_core.package_identification:_identify(launch) by extension 'ignore_ament_install'
[0.433s] Level 1:colcon.colcon_core.package_identification:_identify(launch) by extensions ['colcon_pkg']
[0.433s] Level 1:colcon.colcon_core.package_identification:_identify(launch) by extension 'colcon_pkg'
[0.433s] Level 1:colcon.colcon_core.package_identification:_identify(launch) by extensions ['colcon_meta']
[0.433s] Level 1:colcon.colcon_core.package_identification:_identify(launch) by extension 'colcon_meta'
[0.433s] Level 1:colcon.colcon_core.package_identification:_identify(launch) by extensions ['ros']
[0.433s] Level 1:colcon.colcon_core.package_identification:_identify(launch) by extension 'ros'
[0.433s] Level 1:colcon.colcon_core.package_identification:_identify(launch) by extensions ['cmake', 'python']
[0.433s] Level 1:colcon.colcon_core.package_identification:_identify(launch) by extension 'cmake'
[0.433s] Level 1:colcon.colcon_core.package_identification:_identify(launch) by extension 'python'
[0.433s] Level 1:colcon.colcon_core.package_identification:_identify(launch) by extensions ['python_setup_py']
[0.433s] Level 1:colcon.colcon_core.package_identification:_identify(launch) by extension 'python_setup_py'
[0.434s] Level 1:colcon.colcon_core.package_identification:_identify(launch/__pycache__) by extensions ['ignore', 'ignore_ament_install']
[0.434s] Level 1:colcon.colcon_core.package_identification:_identify(launch/__pycache__) by extension 'ignore'
[0.434s] Level 1:colcon.colcon_core.package_identification:_identify(launch/__pycache__) by extension 'ignore_ament_install'
[0.434s] Level 1:colcon.colcon_core.package_identification:_identify(launch/__pycache__) by extensions ['colcon_pkg']
[0.434s] Level 1:colcon.colcon_core.package_identification:_identify(launch/__pycache__) by extension 'colcon_pkg'
[0.434s] Level 1:colcon.colcon_core.package_identification:_identify(launch/__pycache__) by extensions ['colcon_meta']
[0.434s] Level 1:colcon.colcon_core.package_identification:_identify(launch/__pycache__) by extension 'colcon_meta'
[0.434s] Level 1:colcon.colcon_core.package_identification:_identify(launch/__pycache__) by extensions ['ros']
[0.434s] Level 1:colcon.colcon_core.package_identification:_identify(launch/__pycache__) by extension 'ros'
[0.434s] Level 1:colcon.colcon_core.package_identification:_identify(launch/__pycache__) by extensions ['cmake', 'python']
[0.434s] Level 1:colcon.colcon_core.package_identification:_identify(launch/__pycache__) by extension 'cmake'
[0.434s] Level 1:colcon.colcon_core.package_identification:_identify(launch/__pycache__) by extension 'python'
[0.434s] Level 1:colcon.colcon_core.package_identification:_identify(launch/__pycache__) by extensions ['python_setup_py']
[0.434s] Level 1:colcon.colcon_core.package_identification:_identify(launch/__pycache__) by extension 'python_setup_py'
[0.434s] Level 1:colcon.colcon_core.package_identification:_identify(log) by extensions ['ignore', 'ignore_ament_install']
[0.434s] Level 1:colcon.colcon_core.package_identification:_identify(log) by extension 'ignore'
[0.434s] Level 1:colcon.colcon_core.package_identification:_identify(log) ignored
[0.435s] Level 1:colcon.colcon_core.package_identification:_identify(src) by extensions ['ignore', 'ignore_ament_install']
[0.435s] Level 1:colcon.colcon_core.package_identification:_identify(src) by extension 'ignore'
[0.435s] Level 1:colcon.colcon_core.package_identification:_identify(src) by extension 'ignore_ament_install'
[0.435s] Level 1:colcon.colcon_core.package_identification:_identify(src) by extensions ['colcon_pkg']
[0.435s] Level 1:colcon.colcon_core.package_identification:_identify(src) by extension 'colcon_pkg'
[0.435s] Level 1:colcon.colcon_core.package_identification:_identify(src) by extensions ['colcon_meta']
[0.435s] Level 1:colcon.colcon_core.package_identification:_identify(src) by extension 'colcon_meta'
[0.435s] Level 1:colcon.colcon_core.package_identification:_identify(src) by extensions ['ros']
[0.435s] Level 1:colcon.colcon_core.package_identification:_identify(src) by extension 'ros'
[0.435s] Level 1:colcon.colcon_core.package_identification:_identify(src) by extensions ['cmake', 'python']
[0.435s] Level 1:colcon.colcon_core.package_identification:_identify(src) by extension 'cmake'
[0.435s] Level 1:colcon.colcon_core.package_identification:_identify(src) by extension 'python'
[0.435s] Level 1:colcon.colcon_core.package_identification:_identify(src) by extensions ['python_setup_py']
[0.435s] Level 1:colcon.colcon_core.package_identification:_identify(src) by extension 'python_setup_py'
[0.435s] Level 1:colcon.colcon_core.package_identification:_identify(src/OptiTrack-Motive-2_Client) by extensions ['ignore', 'ignore_ament_install']
[0.435s] Level 1:colcon.colcon_core.package_identification:_identify(src/OptiTrack-Motive-2_Client) by extension 'ignore'
[0.435s] Level 1:colcon.colcon_core.package_identification:_identify(src/OptiTrack-Motive-2_Client) by extension 'ignore_ament_install'
[0.435s] Level 1:colcon.colcon_core.package_identification:_identify(src/OptiTrack-Motive-2_Client) by extensions ['colcon_pkg']
[0.435s] Level 1:colcon.colcon_core.package_identification:_identify(src/OptiTrack-Motive-2_Client) by extension 'colcon_pkg'
[0.435s] Level 1:colcon.colcon_core.package_identification:_identify(src/OptiTrack-Motive-2_Client) by extensions ['colcon_meta']
[0.435s] Level 1:colcon.colcon_core.package_identification:_identify(src/OptiTrack-Motive-2_Client) by extension 'colcon_meta'
[0.436s] Level 1:colcon.colcon_core.package_identification:_identify(src/OptiTrack-Motive-2_Client) by extensions ['ros']
[0.436s] Level 1:colcon.colcon_core.package_identification:_identify(src/OptiTrack-Motive-2_Client) by extension 'ros'
[0.445s] DEBUG:colcon.colcon_core.package_identification:Package 'src/OptiTrack-Motive-2_Client' with type 'ros.ament_cmake' and name 'optitrack_motive_2_client'
[0.445s] Level 1:colcon.colcon_core.package_identification:_identify(src/acl_msgs) by extensions ['ignore', 'ignore_ament_install']
[0.445s] Level 1:colcon.colcon_core.package_identification:_identify(src/acl_msgs) by extension 'ignore'
[0.445s] Level 1:colcon.colcon_core.package_identification:_identify(src/acl_msgs) by extension 'ignore_ament_install'
[0.445s] Level 1:colcon.colcon_core.package_identification:_identify(src/acl_msgs) by extensions ['colcon_pkg']
[0.445s] Level 1:colcon.colcon_core.package_identification:_identify(src/acl_msgs) by extension 'colcon_pkg'
[0.445s] Level 1:colcon.colcon_core.package_identification:_identify(src/acl_msgs) by extensions ['colcon_meta']
[0.445s] Level 1:colcon.colcon_core.package_identification:_identify(src/acl_msgs) by extension 'colcon_meta'
[0.445s] Level 1:colcon.colcon_core.package_identification:_identify(src/acl_msgs) by extensions ['ros']
[0.445s] Level 1:colcon.colcon_core.package_identification:_identify(src/acl_msgs) by extension 'ros'
[0.446s] DEBUG:colcon.colcon_core.package_identification:Package 'src/acl_msgs' with type 'ros.ament_cmake' and name 'acl_msgs'
[0.446s] Level 1:colcon.colcon_core.package_identification:_identify(src/my_computer) by extensions ['ignore', 'ignore_ament_install']
[0.446s] Level 1:colcon.colcon_core.package_identification:_identify(src/my_computer) by extension 'ignore'
[0.446s] Level 1:colcon.colcon_core.package_identification:_identify(src/my_computer) by extension 'ignore_ament_install'
[0.446s] Level 1:colcon.colcon_core.package_identification:_identify(src/my_computer) by extensions ['colcon_pkg']
[0.446s] Level 1:colcon.colcon_core.package_identification:_identify(src/my_computer) by extension 'colcon_pkg'
[0.446s] Level 1:colcon.colcon_core.package_identification:_identify(src/my_computer) by extensions ['colcon_meta']
[0.446s] Level 1:colcon.colcon_core.package_identification:_identify(src/my_computer) by extension 'colcon_meta'
[0.447s] Level 1:colcon.colcon_core.package_identification:_identify(src/my_computer) by extensions ['ros']
[0.447s] Level 1:colcon.colcon_core.package_identification:_identify(src/my_computer) by extension 'ros'
[0.447s] Level 1:colcon.colcon_core.package_identification:_identify(src/my_computer) by extensions ['cmake', 'python']
[0.447s] Level 1:colcon.colcon_core.package_identification:_identify(src/my_computer) by extension 'cmake'
[0.447s] Level 1:colcon.colcon_core.package_identification:_identify(src/my_computer) by extension 'python'
[0.447s] Level 1:colcon.colcon_core.package_identification:_identify(src/my_computer) by extensions ['python_setup_py']
[0.447s] Level 1:colcon.colcon_core.package_identification:_identify(src/my_computer) by extension 'python_setup_py'
[0.447s] Level 1:colcon.colcon_core.package_identification:_identify(src/my_computer/my_computer) by extensions ['ignore', 'ignore_ament_install']
[0.447s] Level 1:colcon.colcon_core.package_identification:_identify(src/my_computer/my_computer) by extension 'ignore'
[0.448s] Level 1:colcon.colcon_core.package_identification:_identify(src/my_computer/my_computer) by extension 'ignore_ament_install'
[0.448s] Level 1:colcon.colcon_core.package_identification:_identify(src/my_computer/my_computer) by extensions ['colcon_pkg']
[0.448s] Level 1:colcon.colcon_core.package_identification:_identify(src/my_computer/my_computer) by extension 'colcon_pkg'
[0.448s] Level 1:colcon.colcon_core.package_identification:_identify(src/my_computer/my_computer) by extensions ['colcon_meta']
[0.448s] Level 1:colcon.colcon_core.package_identification:_identify(src/my_computer/my_computer) by extension 'colcon_meta'
[0.448s] Level 1:colcon.colcon_core.package_identification:_identify(src/my_computer/my_computer) by extensions ['ros']
[0.448s] Level 1:colcon.colcon_core.package_identification:_identify(src/my_computer/my_computer) by extension 'ros'
[0.449s] DEBUG:colcon.colcon_core.package_identification:Package 'src/my_computer/my_computer' with type 'ros.ament_python' and name 'my_computer'
[0.449s] Level 1:colcon.colcon_core.package_identification:_identify(src/my_computer/my_computer_goal) by extensions ['ignore', 'ignore_ament_install']
[0.449s] Level 1:colcon.colcon_core.package_identification:_identify(src/my_computer/my_computer_goal) by extension 'ignore'
[0.449s] Level 1:colcon.colcon_core.package_identification:_identify(src/my_computer/my_computer_goal) by extension 'ignore_ament_install'
[0.449s] Level 1:colcon.colcon_core.package_identification:_identify(src/my_computer/my_computer_goal) by extensions ['colcon_pkg']
[0.449s] Level 1:colcon.colcon_core.package_identification:_identify(src/my_computer/my_computer_goal) by extension 'colcon_pkg'
[0.449s] Level 1:colcon.colcon_core.package_identification:_identify(src/my_computer/my_computer_goal) by extensions ['colcon_meta']
[0.449s] Level 1:colcon.colcon_core.package_identification:_identify(src/my_computer/my_computer_goal) by extension 'colcon_meta'
[0.449s] Level 1:colcon.colcon_core.package_identification:_identify(src/my_computer/my_computer_goal) by extensions ['ros']
[0.449s] Level 1:colcon.colcon_core.package_identification:_identify(src/my_computer/my_computer_goal) by extension 'ros'
[0.450s] DEBUG:colcon.colcon_core.package_identification:Package 'src/my_computer/my_computer_goal' with type 'ros.ament_python' and name 'my_computer_goal'
[0.450s] Level 1:colcon.colcon_core.package_identification:_identify(src/my_computer/my_computer_mocap) by extensions ['ignore', 'ignore_ament_install']
[0.450s] Level 1:colcon.colcon_core.package_identification:_identify(src/my_computer/my_computer_mocap) by extension 'ignore'
[0.450s] Level 1:colcon.colcon_core.package_identification:_identify(src/my_computer/my_computer_mocap) by extension 'ignore_ament_install'
[0.450s] Level 1:colcon.colcon_core.package_identification:_identify(src/my_computer/my_computer_mocap) by extensions ['colcon_pkg']
[0.450s] Level 1:colcon.colcon_core.package_identification:_identify(src/my_computer/my_computer_mocap) by extension 'colcon_pkg'
[0.450s] Level 1:colcon.colcon_core.package_identification:_identify(src/my_computer/my_computer_mocap) by extensions ['colcon_meta']
[0.450s] Level 1:colcon.colcon_core.package_identification:_identify(src/my_computer/my_computer_mocap) by extension 'colcon_meta'
[0.451s] Level 1:colcon.colcon_core.package_identification:_identify(src/my_computer/my_computer_mocap) by extensions ['ros']
[0.451s] Level 1:colcon.colcon_core.package_identification:_identify(src/my_computer/my_computer_mocap) by extension 'ros'
[0.451s] DEBUG:colcon.colcon_core.package_identification:Package 'src/my_computer/my_computer_mocap' with type 'ros.ament_python' and name 'my_computer_mocap'
[0.451s] Level 1:colcon.colcon_core.package_identification:_identify(src/my_computer/my_computer_plot) by extensions ['ignore', 'ignore_ament_install']
[0.451s] Level 1:colcon.colcon_core.package_identification:_identify(src/my_computer/my_computer_plot) by extension 'ignore'
[0.451s] Level 1:colcon.colcon_core.package_identification:_identify(src/my_computer/my_computer_plot) by extension 'ignore_ament_install'
[0.451s] Level 1:colcon.colcon_core.package_identification:_identify(src/my_computer/my_computer_plot) by extensions ['colcon_pkg']
[0.451s] Level 1:colcon.colcon_core.package_identification:_identify(src/my_computer/my_computer_plot) by extension 'colcon_pkg'
[0.451s] Level 1:colcon.colcon_core.package_identification:_identify(src/my_computer/my_computer_plot) by extensions ['colcon_meta']
[0.451s] Level 1:colcon.colcon_core.package_identification:_identify(src/my_computer/my_computer_plot) by extension 'colcon_meta'
[0.452s] Level 1:colcon.colcon_core.package_identification:_identify(src/my_computer/my_computer_plot) by extensions ['ros']
[0.452s] Level 1:colcon.colcon_core.package_identification:_identify(src/my_computer/my_computer_plot) by extension 'ros'
[0.452s] DEBUG:colcon.colcon_core.package_identification:Package 'src/my_computer/my_computer_plot' with type 'ros.ament_python' and name 'my_computer_plot'
[0.452s] Level 1:colcon.colcon_core.package_identification:_identify(src/my_robot) by extensions ['ignore', 'ignore_ament_install']
[0.452s] Level 1:colcon.colcon_core.package_identification:_identify(src/my_robot) by extension 'ignore'
[0.452s] Level 1:colcon.colcon_core.package_identification:_identify(src/my_robot) by extension 'ignore_ament_install'
[0.452s] Level 1:colcon.colcon_core.package_identification:_identify(src/my_robot) by extensions ['colcon_pkg']
[0.452s] Level 1:colcon.colcon_core.package_identification:_identify(src/my_robot) by extension 'colcon_pkg'
[0.452s] Level 1:colcon.colcon_core.package_identification:_identify(src/my_robot) by extensions ['colcon_meta']
[0.452s] Level 1:colcon.colcon_core.package_identification:_identify(src/my_robot) by extension 'colcon_meta'
[0.452s] Level 1:colcon.colcon_core.package_identification:_identify(src/my_robot) by extensions ['ros']
[0.453s] Level 1:colcon.colcon_core.package_identification:_identify(src/my_robot) by extension 'ros'
[0.453s] Level 1:colcon.colcon_core.package_identification:_identify(src/my_robot) by extensions ['cmake', 'python']
[0.453s] Level 1:colcon.colcon_core.package_identification:_identify(src/my_robot) by extension 'cmake'
[0.453s] Level 1:colcon.colcon_core.package_identification:_identify(src/my_robot) by extension 'python'
[0.453s] Level 1:colcon.colcon_core.package_identification:_identify(src/my_robot) by extensions ['python_setup_py']
[0.453s] Level 1:colcon.colcon_core.package_identification:_identify(src/my_robot) by extension 'python_setup_py'
[0.453s] Level 1:colcon.colcon_core.package_identification:_identify(src/my_robot/my_robot) by extensions ['ignore', 'ignore_ament_install']
[0.453s] Level 1:colcon.colcon_core.package_identification:_identify(src/my_robot/my_robot) by extension 'ignore'
[0.453s] Level 1:colcon.colcon_core.package_identification:_identify(src/my_robot/my_robot) by extension 'ignore_ament_install'
[0.453s] Level 1:colcon.colcon_core.package_identification:_identify(src/my_robot/my_robot) by extensions ['colcon_pkg']
[0.453s] Level 1:colcon.colcon_core.package_identification:_identify(src/my_robot/my_robot) by extension 'colcon_pkg'
[0.453s] Level 1:colcon.colcon_core.package_identification:_identify(src/my_robot/my_robot) by extensions ['colcon_meta']
[0.453s] Level 1:colcon.colcon_core.package_identification:_identify(src/my_robot/my_robot) by extension 'colcon_meta'
[0.453s] Level 1:colcon.colcon_core.package_identification:_identify(src/my_robot/my_robot) by extensions ['ros']
[0.453s] Level 1:colcon.colcon_core.package_identification:_identify(src/my_robot/my_robot) by extension 'ros'
[0.454s] DEBUG:colcon.colcon_core.package_identification:Package 'src/my_robot/my_robot' with type 'ros.ament_python' and name 'my_robot'
[0.454s] Level 1:colcon.colcon_core.package_identification:_identify(src/my_robot/my_robot_controller) by extensions ['ignore', 'ignore_ament_install']
[0.454s] Level 1:colcon.colcon_core.package_identification:_identify(src/my_robot/my_robot_controller) by extension 'ignore'
[0.454s] Level 1:colcon.colcon_core.package_identification:_identify(src/my_robot/my_robot_controller) by extension 'ignore_ament_install'
[0.454s] Level 1:colcon.colcon_core.package_identification:_identify(src/my_robot/my_robot_controller) by extensions ['colcon_pkg']
[0.454s] Level 1:colcon.colcon_core.package_identification:_identify(src/my_robot/my_robot_controller) by extension 'colcon_pkg'
[0.454s] Level 1:colcon.colcon_core.package_identification:_identify(src/my_robot/my_robot_controller) by extensions ['colcon_meta']
[0.454s] Level 1:colcon.colcon_core.package_identification:_identify(src/my_robot/my_robot_controller) by extension 'colcon_meta'
[0.454s] Level 1:colcon.colcon_core.package_identification:_identify(src/my_robot/my_robot_controller) by extensions ['ros']
[0.454s] Level 1:colcon.colcon_core.package_identification:_identify(src/my_robot/my_robot_controller) by extension 'ros'
[0.455s] DEBUG:colcon.colcon_core.package_identification:Package 'src/my_robot/my_robot_controller' with type 'ros.ament_python' and name 'my_robot_controller'
[0.455s] Level 1:colcon.colcon_core.package_identification:_identify(src/my_robot/my_robot_data) by extensions ['ignore', 'ignore_ament_install']
[0.455s] Level 1:colcon.colcon_core.package_identification:_identify(src/my_robot/my_robot_data) by extension 'ignore'
[0.455s] Level 1:colcon.colcon_core.package_identification:_identify(src/my_robot/my_robot_data) by extension 'ignore_ament_install'
[0.455s] Level 1:colcon.colcon_core.package_identification:_identify(src/my_robot/my_robot_data) by extensions ['colcon_pkg']
[0.455s] Level 1:colcon.colcon_core.package_identification:_identify(src/my_robot/my_robot_data) by extension 'colcon_pkg'
[0.455s] Level 1:colcon.colcon_core.package_identification:_identify(src/my_robot/my_robot_data) by extensions ['colcon_meta']
[0.455s] Level 1:colcon.colcon_core.package_identification:_identify(src/my_robot/my_robot_data) by extension 'colcon_meta'
[0.455s] Level 1:colcon.colcon_core.package_identification:_identify(src/my_robot/my_robot_data) by extensions ['ros']
[0.455s] Level 1:colcon.colcon_core.package_identification:_identify(src/my_robot/my_robot_data) by extension 'ros'
[0.456s] DEBUG:colcon.colcon_core.package_identification:Package 'src/my_robot/my_robot_data' with type 'ros.ament_python' and name 'my_robot_data'
[0.456s] Level 1:colcon.colcon_core.package_discovery:discover_packages(recursive) using defaults
[0.456s] Level 1:colcon.colcon_core.package_discovery:discover_packages(ignore) discover
[0.456s] Level 1:colcon.colcon_core.package_discovery:discover_packages(ignore) using defaults
[0.456s] Level 1:colcon.colcon_core.package_discovery:discover_packages(path) discover
[0.456s] Level 1:colcon.colcon_core.package_discovery:discover_packages(path) using defaults
[0.485s] Level 1:colcon.colcon_core.package_discovery:discover_packages(prefix_path) check parameters
[0.485s] Level 1:colcon.colcon_core.package_discovery:discover_packages(prefix_path) discover
[0.486s] WARNING:colcon.colcon_ros.prefix_path.ament:The path '/home/alex/ROS2-Wayfarer/install/my_robot_data' in the environment variable AMENT_PREFIX_PATH doesn't exist
[0.488s] WARNING:colcon.colcon_ros.prefix_path.ament:The path '/home/alex/ROS2-Wayfarer/install/my_robot_controller' in the environment variable AMENT_PREFIX_PATH doesn't exist
[0.488s] WARNING:colcon.colcon_ros.prefix_path.ament:The path '/home/alex/ROS2-Wayfarer/install/my_robot' in the environment variable AMENT_PREFIX_PATH doesn't exist
[0.488s] WARNING:colcon.colcon_ros.prefix_path.ament:The path '/home/alex/ROS2-Wayfarer/install/my_computer_plot' in the environment variable AMENT_PREFIX_PATH doesn't exist
[0.488s] WARNING:colcon.colcon_ros.prefix_path.ament:The path '/home/alex/ROS2-Wayfarer/install/my_computer_mocap' in the environment variable AMENT_PREFIX_PATH doesn't exist
[0.488s] WARNING:colcon.colcon_ros.prefix_path.ament:The path '/home/alex/ROS2-Wayfarer/install/my_computer_goal' in the environment variable AMENT_PREFIX_PATH doesn't exist
[0.488s] WARNING:colcon.colcon_ros.prefix_path.ament:The path '/home/alex/ROS2-Wayfarer/install/my_computer' in the environment variable AMENT_PREFIX_PATH doesn't exist
[0.490s] DEBUG:colcon.colcon_installed_package_information.package_discovery:Found 1 installed packages in /home/alex/ROS2-Wayfarer/install
[0.493s] DEBUG:colcon.colcon_installed_package_information.package_discovery:Found 270 installed packages in /opt/ros/humble
[0.494s] Level 1:colcon.colcon_core.package_discovery:discover_packages(prefix_path) using defaults
[0.582s] Level 5:colcon.colcon_core.verb:set package 'acl_msgs' build argument 'cmake_args' from command line to 'None'
[0.582s] Level 5:colcon.colcon_core.verb:set package 'acl_msgs' build argument 'cmake_target' from command line to 'None'
[0.582s] Level 5:colcon.colcon_core.verb:set package 'acl_msgs' build argument 'cmake_target_skip_unavailable' from command line to 'False'
[0.582s] Level 5:colcon.colcon_core.verb:set package 'acl_msgs' build argument 'cmake_clean_cache' from command line to 'False'
[0.582s] Level 5:colcon.colcon_core.verb:set package 'acl_msgs' build argument 'cmake_clean_first' from command line to 'False'
[0.583s] Level 5:colcon.colcon_core.verb:set package 'acl_msgs' build argument 'cmake_force_configure' from command line to 'False'
[0.583s] Level 5:colcon.colcon_core.verb:set package 'acl_msgs' build argument 'ament_cmake_args' from command line to 'None'
[0.583s] Level 5:colcon.colcon_core.verb:set package 'acl_msgs' build argument 'catkin_cmake_args' from command line to 'None'
[0.583s] Level 5:colcon.colcon_core.verb:set package 'acl_msgs' build argument 'catkin_skip_building_tests' from command line to 'False'
[0.583s] DEBUG:colcon.colcon_core.verb:Building package 'acl_msgs' with the following arguments: {'ament_cmake_args': None, 'build_base': '/home/alex/ROS2-Wayfarer/build/acl_msgs', 'catkin_cmake_args': None, 'catkin_skip_building_tests': False, 'cmake_args': None, 'cmake_clean_cache': False, 'cmake_clean_first': False, 'cmake_force_configure': False, 'cmake_target': None, 'cmake_target_skip_unavailable': False, 'install_base': '/home/alex/ROS2-Wayfarer/install/acl_msgs', 'merge_install': False, 'path': '/home/alex/ROS2-Wayfarer/src/acl_msgs', 'symlink_install': False, 'test_result_base': None}
[0.584s] Level 5:colcon.colcon_core.verb:set package 'my_computer' build argument 'cmake_args' from command line to 'None'
[0.584s] Level 5:colcon.colcon_core.verb:set package 'my_computer' build argument 'cmake_target' from command line to 'None'
[0.584s] Level 5:colcon.colcon_core.verb:set package 'my_computer' build argument 'cmake_target_skip_unavailable' from command line to 'False'
[0.584s] Level 5:colcon.colcon_core.verb:set package 'my_computer' build argument 'cmake_clean_cache' from command line to 'False'
[0.584s] Level 5:colcon.colcon_core.verb:set package 'my_computer' build argument 'cmake_clean_first' from command line to 'False'
[0.584s] Level 5:colcon.colcon_core.verb:set package 'my_computer' build argument 'cmake_force_configure' from command line to 'False'
[0.584s] Level 5:colcon.colcon_core.verb:set package 'my_computer' build argument 'ament_cmake_args' from command line to 'None'
[0.584s] Level 5:colcon.colcon_core.verb:set package 'my_computer' build argument 'catkin_cmake_args' from command line to 'None'
[0.584s] Level 5:colcon.colcon_core.verb:set package 'my_computer' build argument 'catkin_skip_building_tests' from command line to 'False'
[0.584s] DEBUG:colcon.colcon_core.verb:Building package 'my_computer' with the following arguments: {'ament_cmake_args': None, 'build_base': '/home/alex/ROS2-Wayfarer/build/my_computer', 'catkin_cmake_args': None, 'catkin_skip_building_tests': False, 'cmake_args': None, 'cmake_clean_cache': False, 'cmake_clean_first': False, 'cmake_force_configure': False, 'cmake_target': None, 'cmake_target_skip_unavailable': False, 'install_base': '/home/alex/ROS2-Wayfarer/install/my_computer', 'merge_install': False, 'path': '/home/alex/ROS2-Wayfarer/src/my_computer/my_computer', 'symlink_install': False, 'test_result_base': None}
[0.585s] Level 5:colcon.colcon_core.verb:set package 'my_computer_goal' build argument 'cmake_args' from command line to 'None'
[0.585s] Level 5:colcon.colcon_core.verb:set package 'my_computer_goal' build argument 'cmake_target' from command line to 'None'
[0.585s] Level 5:colcon.colcon_core.verb:set package 'my_computer_goal' build argument 'cmake_target_skip_unavailable' from command line to 'False'
[0.585s] Level 5:colcon.colcon_core.verb:set package 'my_computer_goal' build argument 'cmake_clean_cache' from command line to 'False'
[0.585s] Level 5:colcon.colcon_core.verb:set package 'my_computer_goal' build argument 'cmake_clean_first' from command line to 'False'
[0.585s] Level 5:colcon.colcon_core.verb:set package 'my_computer_goal' build argument 'cmake_force_configure' from command line to 'False'
[0.585s] Level 5:colcon.colcon_core.verb:set package 'my_computer_goal' build argument 'ament_cmake_args' from command line to 'None'
[0.585s] Level 5:colcon.colcon_core.verb:set package 'my_computer_goal' build argument 'catkin_cmake_args' from command line to 'None'
[0.585s] Level 5:colcon.colcon_core.verb:set package 'my_computer_goal' build argument 'catkin_skip_building_tests' from command line to 'False'
[0.585s] DEBUG:colcon.colcon_core.verb:Building package 'my_computer_goal' with the following arguments: {'ament_cmake_args': None, 'build_base': '/home/alex/ROS2-Wayfarer/build/my_computer_goal', 'catkin_cmake_args': None, 'catkin_skip_building_tests': False, 'cmake_args': None, 'cmake_clean_cache': False, 'cmake_clean_first': False, 'cmake_force_configure': False, 'cmake_target': None, 'cmake_target_skip_unavailable': False, 'install_base': '/home/alex/ROS2-Wayfarer/install/my_computer_goal', 'merge_install': False, 'path': '/home/alex/ROS2-Wayfarer/src/my_computer/my_computer_goal', 'symlink_install': False, 'test_result_base': None}
[0.586s] Level 5:colcon.colcon_core.verb:set package 'my_computer_mocap' build argument 'cmake_args' from command line to 'None'
[0.586s] Level 5:colcon.colcon_core.verb:set package 'my_computer_mocap' build argument 'cmake_target' from command line to 'None'
[0.586s] Level 5:colcon.colcon_core.verb:set package 'my_computer_mocap' build argument 'cmake_target_skip_unavailable' from command line to 'False'
[0.586s] Level 5:colcon.colcon_core.verb:set package 'my_computer_mocap' build argument 'cmake_clean_cache' from command line to 'False'
[0.586s] Level 5:colcon.colcon_core.verb:set package 'my_computer_mocap' build argument 'cmake_clean_first' from command line to 'False'
[0.586s] Level 5:colcon.colcon_core.verb:set package 'my_computer_mocap' build argument 'cmake_force_configure' from command line to 'False'
[0.586s] Level 5:colcon.colcon_core.verb:set package 'my_computer_mocap' build argument 'ament_cmake_args' from command line to 'None'
[0.586s] Level 5:colcon.colcon_core.verb:set package 'my_computer_mocap' build argument 'catkin_cmake_args' from command line to 'None'
[0.586s] Level 5:colcon.colcon_core.verb:set package 'my_computer_mocap' build argument 'catkin_skip_building_tests' from command line to 'False'
[0.586s] DEBUG:colcon.colcon_core.verb:Building package 'my_computer_mocap' with the following arguments: {'ament_cmake_args': None, 'build_base': '/home/alex/ROS2-Wayfarer/build/my_computer_mocap', 'catkin_cmake_args': None, 'catkin_skip_building_tests': False, 'cmake_args': None, 'cmake_clean_cache': False, 'cmake_clean_first': False, 'cmake_force_configure': False, 'cmake_target': None, 'cmake_target_skip_unavailable': False, 'install_base': '/home/alex/ROS2-Wayfarer/install/my_computer_mocap', 'merge_install': False, 'path': '/home/alex/ROS2-Wayfarer/src/my_computer/my_computer_mocap', 'symlink_install': False, 'test_result_base': None}
[0.587s] Level 5:colcon.colcon_core.verb:set package 'my_computer_plot' build argument 'cmake_args' from command line to 'None'
[0.587s] Level 5:colcon.colcon_core.verb:set package 'my_computer_plot' build argument 'cmake_target' from command line to 'None'
[0.587s] Level 5:colcon.colcon_core.verb:set package 'my_computer_plot' build argument 'cmake_target_skip_unavailable' from command line to 'False'
[0.587s] Level 5:colcon.colcon_core.verb:set package 'my_computer_plot' build argument 'cmake_clean_cache' from command line to 'False'
[0.587s] Level 5:colcon.colcon_core.verb:set package 'my_computer_plot' build argument 'cmake_clean_first' from command line to 'False'
[0.587s] Level 5:colcon.colcon_core.verb:set package 'my_computer_plot' build argument 'cmake_force_configure' from command line to 'False'
[0.587s] Level 5:colcon.colcon_core.verb:set package 'my_computer_plot' build argument 'ament_cmake_args' from command line to 'None'
[0.587s] Level 5:colcon.colcon_core.verb:set package 'my_computer_plot' build argument 'catkin_cmake_args' from command line to 'None'
[0.587s] Level 5:colcon.colcon_core.verb:set package 'my_computer_plot' build argument 'catkin_skip_building_tests' from command line to 'False'
[0.587s] DEBUG:colcon.colcon_core.verb:Building package 'my_computer_plot' with the following arguments: {'ament_cmake_args': None, 'build_base': '/home/alex/ROS2-Wayfarer/build/my_computer_plot', 'catkin_cmake_args': None, 'catkin_skip_building_tests': False, 'cmake_args': None, 'cmake_clean_cache': False, 'cmake_clean_first': False, 'cmake_force_configure': False, 'cmake_target': None, 'cmake_target_skip_unavailable': False, 'install_base': '/home/alex/ROS2-Wayfarer/install/my_computer_plot', 'merge_install': False, 'path': '/home/alex/ROS2-Wayfarer/src/my_computer/my_computer_plot', 'symlink_install': False, 'test_result_base': None}
[0.589s] Level 5:colcon.colcon_core.verb:set package 'my_robot' build argument 'cmake_args' from command line to 'None'
[0.589s] Level 5:colcon.colcon_core.verb:set package 'my_robot' build argument 'cmake_target' from command line to 'None'
[0.589s] Level 5:colcon.colcon_core.verb:set package 'my_robot' build argument 'cmake_target_skip_unavailable' from command line to 'False'
[0.589s] Level 5:colcon.colcon_core.verb:set package 'my_robot' build argument 'cmake_clean_cache' from command line to 'False'
[0.589s] Level 5:colcon.colcon_core.verb:set package 'my_robot' build argument 'cmake_clean_first' from command line to 'False'
[0.589s] Level 5:colcon.colcon_core.verb:set package 'my_robot' build argument 'cmake_force_configure' from command line to 'False'
[0.589s] Level 5:colcon.colcon_core.verb:set package 'my_robot' build argument 'ament_cmake_args' from command line to 'None'
[0.589s] Level 5:colcon.colcon_core.verb:set package 'my_robot' build argument 'catkin_cmake_args' from command line to 'None'
[0.589s] Level 5:colcon.colcon_core.verb:set package 'my_robot' build argument 'catkin_skip_building_tests' from command line to 'False'
[0.589s] DEBUG:colcon.colcon_core.verb:Building package 'my_robot' with the following arguments: {'ament_cmake_args': None, 'build_base': '/home/alex/ROS2-Wayfarer/build/my_robot', 'catkin_cmake_args': None, 'catkin_skip_building_tests': False, 'cmake_args': None, 'cmake_clean_cache': False, 'cmake_clean_first': False, 'cmake_force_configure': False, 'cmake_target': None, 'cmake_target_skip_unavailable': False, 'install_base': '/home/alex/ROS2-Wayfarer/install/my_robot', 'merge_install': False, 'path': '/home/alex/ROS2-Wayfarer/src/my_robot/my_robot', 'symlink_install': False, 'test_result_base': None}
[0.590s] Level 5:colcon.colcon_core.verb:set package 'my_robot_controller' build argument 'cmake_args' from command line to 'None'
[0.590s] Level 5:colcon.colcon_core.verb:set package 'my_robot_controller' build argument 'cmake_target' from command line to 'None'
[0.590s] Level 5:colcon.colcon_core.verb:set package 'my_robot_controller' build argument 'cmake_target_skip_unavailable' from command line to 'False'
[0.590s] Level 5:colcon.colcon_core.verb:set package 'my_robot_controller' build argument 'cmake_clean_cache' from command line to 'False'
[0.590s] Level 5:colcon.colcon_core.verb:set package 'my_robot_controller' build argument 'cmake_clean_first' from command line to 'False'
[0.590s] Level 5:colcon.colcon_core.verb:set package 'my_robot_controller' build argument 'cmake_force_configure' from command line to 'False'
[0.590s] Level 5:colcon.colcon_core.verb:set package 'my_robot_controller' build argument 'ament_cmake_args' from command line to 'None'
[0.590s] Level 5:colcon.colcon_core.verb:set package 'my_robot_controller' build argument 'catkin_cmake_args' from command line to 'None'
[0.590s] Level 5:colcon.colcon_core.verb:set package 'my_robot_controller' build argument 'catkin_skip_building_tests' from command line to 'False'
[0.590s] DEBUG:colcon.colcon_core.verb:Building package 'my_robot_controller' with the following arguments: {'ament_cmake_args': None, 'build_base': '/home/alex/ROS2-Wayfarer/build/my_robot_controller', 'catkin_cmake_args': None, 'catkin_skip_building_tests': False, 'cmake_args': None, 'cmake_clean_cache': False, 'cmake_clean_first': False, 'cmake_force_configure': False, 'cmake_target': None, 'cmake_target_skip_unavailable': False, 'install_base': '/home/alex/ROS2-Wayfarer/install/my_robot_controller', 'merge_install': False, 'path': '/home/alex/ROS2-Wayfarer/src/my_robot/my_robot_controller', 'symlink_install': False, 'test_result_base': None}
[0.591s] Level 5:colcon.colcon_core.verb:set package 'my_robot_data' build argument 'cmake_args' from command line to 'None'
[0.592s] Level 5:colcon.colcon_core.verb:set package 'my_robot_data' build argument 'cmake_target' from command line to 'None'
[0.592s] Level 5:colcon.colcon_core.verb:set package 'my_robot_data' build argument 'cmake_target_skip_unavailable' from command line to 'False'
[0.592s] Level 5:colcon.colcon_core.verb:set package 'my_robot_data' build argument 'cmake_clean_cache' from command line to 'False'
[0.592s] Level 5:colcon.colcon_core.verb:set package 'my_robot_data' build argument 'cmake_clean_first' from command line to 'False'
[0.592s] Level 5:colcon.colcon_core.verb:set package 'my_robot_data' build argument 'cmake_force_configure' from command line to 'False'
[0.592s] Level 5:colcon.colcon_core.verb:set package 'my_robot_data' build argument 'ament_cmake_args' from command line to 'None'
[0.592s] Level 5:colcon.colcon_core.verb:set package 'my_robot_data' build argument 'catkin_cmake_args' from command line to 'None'
[0.592s] Level 5:colcon.colcon_core.verb:set package 'my_robot_data' build argument 'catkin_skip_building_tests' from command line to 'False'
[0.592s] DEBUG:colcon.colcon_core.verb:Building package 'my_robot_data' with the following arguments: {'ament_cmake_args': None, 'build_base': '/home/alex/ROS2-Wayfarer/build/my_robot_data', 'catkin_cmake_args': None, 'catkin_skip_building_tests': False, 'cmake_args': None, 'cmake_clean_cache': False, 'cmake_clean_first': False, 'cmake_force_configure': False, 'cmake_target': None, 'cmake_target_skip_unavailable': False, 'install_base': '/home/alex/ROS2-Wayfarer/install/my_robot_data', 'merge_install': False, 'path': '/home/alex/ROS2-Wayfarer/src/my_robot/my_robot_data', 'symlink_install': False, 'test_result_base': None}
[0.593s] Level 5:colcon.colcon_core.verb:set package 'optitrack_motive_2_client' build argument 'cmake_args' from command line to 'None'
[0.593s] Level 5:colcon.colcon_core.verb:set package 'optitrack_motive_2_client' build argument 'cmake_target' from command line to 'None'
[0.593s] Level 5:colcon.colcon_core.verb:set package 'optitrack_motive_2_client' build argument 'cmake_target_skip_unavailable' from command line to 'False'
[0.593s] Level 5:colcon.colcon_core.verb:set package 'optitrack_motive_2_client' build argument 'cmake_clean_cache' from command line to 'False'
[0.593s] Level 5:colcon.colcon_core.verb:set package 'optitrack_motive_2_client' build argument 'cmake_clean_first' from command line to 'False'
[0.593s] Level 5:colcon.colcon_core.verb:set package 'optitrack_motive_2_client' build argument 'cmake_force_configure' from command line to 'False'
[0.593s] Level 5:colcon.colcon_core.verb:set package 'optitrack_motive_2_client' build argument 'ament_cmake_args' from command line to 'None'
[0.593s] Level 5:colcon.colcon_core.verb:set package 'optitrack_motive_2_client' build argument 'catkin_cmake_args' from command line to 'None'
[0.593s] Level 5:colcon.colcon_core.verb:set package 'optitrack_motive_2_client' build argument 'catkin_skip_building_tests' from command line to 'False'
[0.593s] DEBUG:colcon.colcon_core.verb:Building package 'optitrack_motive_2_client' with the following arguments: {'ament_cmake_args': None, 'build_base': '/home/alex/ROS2-Wayfarer/build/optitrack_motive_2_client', 'catkin_cmake_args': None, 'catkin_skip_building_tests': False, 'cmake_args': None, 'cmake_clean_cache': False, 'cmake_clean_first': False, 'cmake_force_configure': False, 'cmake_target': None, 'cmake_target_skip_unavailable': False, 'install_base': '/home/alex/ROS2-Wayfarer/install/optitrack_motive_2_client', 'merge_install': False, 'path': '/home/alex/ROS2-Wayfarer/src/OptiTrack-Motive-2_Client', 'symlink_install': False, 'test_result_base': None}
[0.594s] INFO:colcon.colcon_core.executor:Executing jobs using 'parallel' executor
[0.597s] DEBUG:colcon.colcon_parallel_executor.executor.parallel:run_until_complete
[0.597s] INFO:colcon.colcon_ros.task.ament_cmake.build:Building ROS package in '/home/alex/ROS2-Wayfarer/src/acl_msgs' with build type 'ament_cmake'
[0.597s] INFO:colcon.colcon_cmake.task.cmake.build:Building CMake package in '/home/alex/ROS2-Wayfarer/src/acl_msgs'
[0.603s] INFO:colcon.colcon_core.plugin_system:Skipping extension 'colcon_core.shell.bat': Not used on non-Windows systems
[0.603s] INFO:colcon.colcon_core.shell:Skip shell extension 'powershell' for command environment: Not usable outside of PowerShell
[0.603s] DEBUG:colcon.colcon_core.shell:Skip shell extension 'dsv' for command environment
[0.620s] DEBUG:colcon.colcon_core.event_handler.log_command:Invoking command in '/home/alex/ROS2-Wayfarer/build/acl_msgs': CMAKE_PREFIX_PATH=/home/alex/ROS2-Wayfarer/install/my_robot_data:/home/alex/ROS2-Wayfarer/install/my_robot_controller:/home/alex/ROS2-Wayfarer/install/my_robot:/home/alex/ROS2-Wayfarer/install/my_computer_plot:/home/alex/ROS2-Wayfarer/install/my_computer_mocap:/home/alex/ROS2-Wayfarer/install/my_computer_goal:/home/alex/ROS2-Wayfarer/install/my_computer:/opt/ros/humble /usr/bin/cmake /home/alex/ROS2-Wayfarer/src/acl_msgs -DCMAKE_INSTALL_PREFIX=/home/alex/ROS2-Wayfarer/install/acl_msgs
[3.013s] DEBUG:colcon.colcon_core.event_handler.log_command:Invoked command in '/home/alex/ROS2-Wayfarer/build/acl_msgs' returned '0': CMAKE_PREFIX_PATH=/home/alex/ROS2-Wayfarer/install/my_robot_data:/home/alex/ROS2-Wayfarer/install/my_robot_controller:/home/alex/ROS2-Wayfarer/install/my_robot:/home/alex/ROS2-Wayfarer/install/my_computer_plot:/home/alex/ROS2-Wayfarer/install/my_computer_mocap:/home/alex/ROS2-Wayfarer/install/my_computer_goal:/home/alex/ROS2-Wayfarer/install/my_computer:/opt/ros/humble /usr/bin/cmake /home/alex/ROS2-Wayfarer/src/acl_msgs -DCMAKE_INSTALL_PREFIX=/home/alex/ROS2-Wayfarer/install/acl_msgs
[3.013s] DEBUG:colcon.colcon_core.event_handler.log_command:Invoking command in '/home/alex/ROS2-Wayfarer/build/acl_msgs': CMAKE_PREFIX_PATH=/home/alex/ROS2-Wayfarer/install/my_robot_data:/home/alex/ROS2-Wayfarer/install/my_robot_controller:/home/alex/ROS2-Wayfarer/install/my_robot:/home/alex/ROS2-Wayfarer/install/my_computer_plot:/home/alex/ROS2-Wayfarer/install/my_computer_mocap:/home/alex/ROS2-Wayfarer/install/my_computer_goal:/home/alex/ROS2-Wayfarer/install/my_computer:/opt/ros/humble /usr/bin/cmake --build /home/alex/ROS2-Wayfarer/build/acl_msgs -- -j1 -l1
[4.787s] DEBUG:colcon.colcon_core.event_handler.log_command:Invoked command in '/home/alex/ROS2-Wayfarer/build/acl_msgs' returned '2': CMAKE_PREFIX_PATH=/home/alex/ROS2-Wayfarer/install/my_robot_data:/home/alex/ROS2-Wayfarer/install/my_robot_controller:/home/alex/ROS2-Wayfarer/install/my_robot:/home/alex/ROS2-Wayfarer/install/my_computer_plot:/home/alex/ROS2-Wayfarer/install/my_computer_mocap:/home/alex/ROS2-Wayfarer/install/my_computer_goal:/home/alex/ROS2-Wayfarer/install/my_computer:/opt/ros/humble /usr/bin/cmake --build /home/alex/ROS2-Wayfarer/build/acl_msgs -- -j1 -l1
[5.307s] Level 1:colcon.colcon_core.environment:create_environment_scripts_only(acl_msgs)
[5.312s] Level 1:colcon.colcon_core.environment:checking '/home/alex/ROS2-Wayfarer/install/acl_msgs' for CMake module files
[5.312s] Level 1:colcon.colcon_core.environment:checking '/home/alex/ROS2-Wayfarer/install/acl_msgs' for CMake config files
[5.313s] Level 1:colcon.colcon_core.environment:checking '/home/alex/ROS2-Wayfarer/install/acl_msgs/bin'
[5.313s] Level 1:colcon.colcon_core.environment:checking '/home/alex/ROS2-Wayfarer/install/acl_msgs/lib/pkgconfig/acl_msgs.pc'
[5.313s] Level 1:colcon.colcon_core.environment:checking '/home/alex/ROS2-Wayfarer/install/acl_msgs/lib/python3.10/site-packages'
[5.313s] Level 1:colcon.colcon_core.environment:checking '/home/alex/ROS2-Wayfarer/install/acl_msgs/bin'
[5.315s] INFO:colcon.colcon_core.shell:Creating package script '/home/alex/ROS2-Wayfarer/install/acl_msgs/share/acl_msgs/package.ps1'
[5.316s] INFO:colcon.colcon_core.shell:Creating package descriptor '/home/alex/ROS2-Wayfarer/install/acl_msgs/share/acl_msgs/package.dsv'
[5.318s] INFO:colcon.colcon_core.shell:Creating package script '/home/alex/ROS2-Wayfarer/install/acl_msgs/share/acl_msgs/package.sh'
[5.319s] INFO:colcon.colcon_core.shell:Creating package script '/home/alex/ROS2-Wayfarer/install/acl_msgs/share/acl_msgs/package.bash'
[5.320s] INFO:colcon.colcon_core.shell:Creating package script '/home/alex/ROS2-Wayfarer/install/acl_msgs/share/acl_msgs/package.zsh'
[5.322s] Level 1:colcon.colcon_core.environment:create_file_with_runtime_dependencies(/home/alex/ROS2-Wayfarer/install/acl_msgs/share/colcon-core/packages/acl_msgs)
[5.330s] DEBUG:colcon.colcon_parallel_executor.executor.parallel:closing loop
[5.342s] DEBUG:colcon.colcon_parallel_executor.executor.parallel:loop closed
[5.342s] DEBUG:colcon.colcon_parallel_executor.executor.parallel:run_until_complete finished with '2'
[5.343s] DEBUG:colcon.colcon_core.event_reactor:joining thread
[5.348s] INFO:colcon.colcon_core.plugin_system:Skipping extension 'colcon_notification.desktop_notification.terminal_notifier': Not used on non-Darwin systems
[5.349s] INFO:colcon.colcon_core.plugin_system:Skipping extension 'colcon_notification.desktop_notification.win32': Not used on non-Windows systems
[5.349s] INFO:colcon.colcon_notification.desktop_notification:Sending desktop notification using 'notify2'
[5.368s] DEBUG:colcon.colcon_core.event_reactor:joined thread
[5.370s] INFO:colcon.colcon_core.shell:Creating prefix script '/home/alex/ROS2-Wayfarer/install/local_setup.ps1'
[5.384s] INFO:colcon.colcon_core.shell:Creating prefix util module '/home/alex/ROS2-Wayfarer/install/_local_setup_util_ps1.py'
[5.388s] INFO:colcon.colcon_core.shell:Creating prefix chain script '/home/alex/ROS2-Wayfarer/install/setup.ps1'
[5.390s] INFO:colcon.colcon_core.shell:Creating prefix script '/home/alex/ROS2-Wayfarer/install/local_setup.sh'
[5.391s] INFO:colcon.colcon_core.shell:Creating prefix util module '/home/alex/ROS2-Wayfarer/install/_local_setup_util_sh.py'
[5.392s] INFO:colcon.colcon_core.shell:Creating prefix chain script '/home/alex/ROS2-Wayfarer/install/setup.sh'
[5.394s] INFO:colcon.colcon_core.shell:Creating prefix script '/home/alex/ROS2-Wayfarer/install/local_setup.bash'
[5.405s] INFO:colcon.colcon_core.shell:Creating prefix chain script '/home/alex/ROS2-Wayfarer/install/setup.bash'
[5.408s] INFO:colcon.colcon_core.shell:Creating prefix script '/home/alex/ROS2-Wayfarer/install/local_setup.zsh'
[5.409s] INFO:colcon.colcon_core.shell:Creating prefix chain script '/home/alex/ROS2-Wayfarer/install/setup.zsh'
