[0.352s] DEBUG:colcon:Command line arguments: ['/usr/bin/colcon', 'build', '--packages-select', 'acl_msgs']
[0.352s] DEBUG:colcon:Parsed command line arguments: Namespace(log_base=None, log_level=None, verb_name='build', build_base='build', install_base='install', merge_install=False, symlink_install=False, test_result_base=None, continue_on_error=False, executor='parallel', parallel_workers=1, event_handlers=None, ignore_user_meta=False, metas=['./colcon.meta'], base_paths=['.'], packages_ignore=None, packages_ignore_regex=None, paths=None, packages_up_to=None, packages_up_to_regex=None, packages_above=None, packages_above_and_dependencies=None, packages_above_depth=None, packages_select_by_dep=None, packages_skip_by_dep=None, packages_skip_up_to=None, packages_select_build_failed=False, packages_skip_build_finished=False, packages_select_test_failures=False, packages_skip_test_passed=False, packages_select=['acl_msgs'], packages_skip=None, packages_select_regex=None, packages_skip_regex=None, packages_start=None, packages_end=None, allow_overriding=[], cmake_args=None, cmake_target=None, cmake_target_skip_unavailable=False, cmake_clean_cache=False, cmake_clean_first=False, cmake_force_configure=False, ament_cmake_args=None, catkin_cmake_args=None, catkin_skip_building_tests=False, verb_parser=<colcon_defaults.argument_parser.defaults.DefaultArgumentsDecorator object at 0x7f170a28a620>, verb_extension=<colcon_core.verb.build.BuildVerb object at 0x7f170aaa6350>, main=<bound method BuildVerb.main of <colcon_core.verb.build.BuildVerb object at 0x7f170aaa6350>>)
[0.390s] Level 1:colcon.colcon_core.package_discovery:discover_packages(colcon_meta) check parameters
[0.390s] Level 1:colcon.colcon_core.package_discovery:discover_packages(recursive) check parameters
[0.390s] Level 1:colcon.colcon_core.package_discovery:discover_packages(ignore) check parameters
[0.390s] Level 1:colcon.colcon_core.package_discovery:discover_packages(path) check parameters
[0.390s] Level 1:colcon.colcon_core.package_discovery:discover_packages(colcon_meta) discover
[0.390s] Level 1:colcon.colcon_core.package_discovery:discover_packages(recursive) discover
[0.390s] INFO:colcon.colcon_core.package_discovery:Crawling recursively for packages in '/home/alex/ROS2-Wayfarer'
[0.390s] Level 1:colcon.colcon_core.package_identification:_identify(.) by extensions ['ignore', 'ignore_ament_install']
[0.390s] Level 1:colcon.colcon_core.package_identification:_identify(.) by extension 'ignore'
[0.391s] Level 1:colcon.colcon_core.package_identification:_identify(.) by extension 'ignore_ament_install'
[0.391s] Level 1:colcon.colcon_core.package_identification:_identify(.) by extensions ['colcon_pkg']
[0.391s] Level 1:colcon.colcon_core.package_identification:_identify(.) by extension 'colcon_pkg'
[0.391s] Level 1:colcon.colcon_core.package_identification:_identify(.) by extensions ['colcon_meta']
[0.391s] Level 1:colcon.colcon_core.package_identification:_identify(.) by extension 'colcon_meta'
[0.391s] Level 1:colcon.colcon_core.package_identification:_identify(.) by extensions ['ros']
[0.391s] Level 1:colcon.colcon_core.package_identification:_identify(.) by extension 'ros'
[0.404s] Level 1:colcon.colcon_core.package_identification:_identify(.) by extensions ['cmake', 'python']
[0.404s] Level 1:colcon.colcon_core.package_identification:_identify(.) by extension 'cmake'
[0.404s] Level 1:colcon.colcon_core.package_identification:_identify(.) by extension 'python'
[0.404s] Level 1:colcon.colcon_core.package_identification:_identify(.) by extensions ['python_setup_py']
[0.404s] Level 1:colcon.colcon_core.package_identification:_identify(.) by extension 'python_setup_py'
[0.404s] Level 1:colcon.colcon_core.package_identification:_identify(build) by extensions ['ignore', 'ignore_ament_install']
[0.404s] Level 1:colcon.colcon_core.package_identification:_identify(build) by extension 'ignore'
[0.404s] Level 1:colcon.colcon_core.package_identification:_identify(build) ignored
[0.404s] Level 1:colcon.colcon_core.package_identification:_identify(install) by extensions ['ignore', 'ignore_ament_install']
[0.405s] Level 1:colcon.colcon_core.package_identification:_identify(install) by extension 'ignore'
[0.405s] Level 1:colcon.colcon_core.package_identification:_identify(install) ignored
[0.405s] Level 1:colcon.colcon_core.package_identification:_identify(launch) by extensions ['ignore', 'ignore_ament_install']
[0.405s] Level 1:colcon.colcon_core.package_identification:_identify(launch) by extension 'ignore'
[0.405s] Level 1:colcon.colcon_core.package_identification:_identify(launch) by extension 'ignore_ament_install'
[0.405s] Level 1:colcon.colcon_core.package_identification:_identify(launch) by extensions ['colcon_pkg']
[0.405s] Level 1:colcon.colcon_core.package_identification:_identify(launch) by extension 'colcon_pkg'
[0.405s] Level 1:colcon.colcon_core.package_identification:_identify(launch) by extensions ['colcon_meta']
[0.405s] Level 1:colcon.colcon_core.package_identification:_identify(launch) by extension 'colcon_meta'
[0.405s] Level 1:colcon.colcon_core.package_identification:_identify(launch) by extensions ['ros']
[0.405s] Level 1:colcon.colcon_core.package_identification:_identify(launch) by extension 'ros'
[0.405s] Level 1:colcon.colcon_core.package_identification:_identify(launch) by extensions ['cmake', 'python']
[0.405s] Level 1:colcon.colcon_core.package_identification:_identify(launch) by extension 'cmake'
[0.405s] Level 1:colcon.colcon_core.package_identification:_identify(launch) by extension 'python'
[0.405s] Level 1:colcon.colcon_core.package_identification:_identify(launch) by extensions ['python_setup_py']
[0.405s] Level 1:colcon.colcon_core.package_identification:_identify(launch) by extension 'python_setup_py'
[0.405s] Level 1:colcon.colcon_core.package_identification:_identify(launch/__pycache__) by extensions ['ignore', 'ignore_ament_install']
[0.406s] Level 1:colcon.colcon_core.package_identification:_identify(launch/__pycache__) by extension 'ignore'
[0.406s] Level 1:colcon.colcon_core.package_identification:_identify(launch/__pycache__) by extension 'ignore_ament_install'
[0.406s] Level 1:colcon.colcon_core.package_identification:_identify(launch/__pycache__) by extensions ['colcon_pkg']
[0.406s] Level 1:colcon.colcon_core.package_identification:_identify(launch/__pycache__) by extension 'colcon_pkg'
[0.406s] Level 1:colcon.colcon_core.package_identification:_identify(launch/__pycache__) by extensions ['colcon_meta']
[0.406s] Level 1:colcon.colcon_core.package_identification:_identify(launch/__pycache__) by extension 'colcon_meta'
[0.406s] Level 1:colcon.colcon_core.package_identification:_identify(launch/__pycache__) by extensions ['ros']
[0.406s] Level 1:colcon.colcon_core.package_identification:_identify(launch/__pycache__) by extension 'ros'
[0.406s] Level 1:colcon.colcon_core.package_identification:_identify(launch/__pycache__) by extensions ['cmake', 'python']
[0.406s] Level 1:colcon.colcon_core.package_identification:_identify(launch/__pycache__) by extension 'cmake'
[0.406s] Level 1:colcon.colcon_core.package_identification:_identify(launch/__pycache__) by extension 'python'
[0.406s] Level 1:colcon.colcon_core.package_identification:_identify(launch/__pycache__) by extensions ['python_setup_py']
[0.406s] Level 1:colcon.colcon_core.package_identification:_identify(launch/__pycache__) by extension 'python_setup_py'
[0.406s] Level 1:colcon.colcon_core.package_identification:_identify(log) by extensions ['ignore', 'ignore_ament_install']
[0.406s] Level 1:colcon.colcon_core.package_identification:_identify(log) by extension 'ignore'
[0.406s] Level 1:colcon.colcon_core.package_identification:_identify(log) ignored
[0.406s] Level 1:colcon.colcon_core.package_identification:_identify(src) by extensions ['ignore', 'ignore_ament_install']
[0.406s] Level 1:colcon.colcon_core.package_identification:_identify(src) by extension 'ignore'
[0.406s] Level 1:colcon.colcon_core.package_identification:_identify(src) by extension 'ignore_ament_install'
[0.406s] Level 1:colcon.colcon_core.package_identification:_identify(src) by extensions ['colcon_pkg']
[0.407s] Level 1:colcon.colcon_core.package_identification:_identify(src) by extension 'colcon_pkg'
[0.407s] Level 1:colcon.colcon_core.package_identification:_identify(src) by extensions ['colcon_meta']
[0.407s] Level 1:colcon.colcon_core.package_identification:_identify(src) by extension 'colcon_meta'
[0.407s] Level 1:colcon.colcon_core.package_identification:_identify(src) by extensions ['ros']
[0.407s] Level 1:colcon.colcon_core.package_identification:_identify(src) by extension 'ros'
[0.407s] Level 1:colcon.colcon_core.package_identification:_identify(src) by extensions ['cmake', 'python']
[0.407s] Level 1:colcon.colcon_core.package_identification:_identify(src) by extension 'cmake'
[0.407s] Level 1:colcon.colcon_core.package_identification:_identify(src) by extension 'python'
[0.407s] Level 1:colcon.colcon_core.package_identification:_identify(src) by extensions ['python_setup_py']
[0.407s] Level 1:colcon.colcon_core.package_identification:_identify(src) by extension 'python_setup_py'
[0.407s] Level 1:colcon.colcon_core.package_identification:_identify(src/OptiTrack-Motive-2_Client) by extensions ['ignore', 'ignore_ament_install']
[0.407s] Level 1:colcon.colcon_core.package_identification:_identify(src/OptiTrack-Motive-2_Client) by extension 'ignore'
[0.407s] Level 1:colcon.colcon_core.package_identification:_identify(src/OptiTrack-Motive-2_Client) by extension 'ignore_ament_install'
[0.407s] Level 1:colcon.colcon_core.package_identification:_identify(src/OptiTrack-Motive-2_Client) by extensions ['colcon_pkg']
[0.407s] Level 1:colcon.colcon_core.package_identification:_identify(src/OptiTrack-Motive-2_Client) by extension 'colcon_pkg'
[0.407s] Level 1:colcon.colcon_core.package_identification:_identify(src/OptiTrack-Motive-2_Client) by extensions ['colcon_meta']
[0.407s] Level 1:colcon.colcon_core.package_identification:_identify(src/OptiTrack-Motive-2_Client) by extension 'colcon_meta'
[0.407s] Level 1:colcon.colcon_core.package_identification:_identify(src/OptiTrack-Motive-2_Client) by extensions ['ros']
[0.407s] Level 1:colcon.colcon_core.package_identification:_identify(src/OptiTrack-Motive-2_Client) by extension 'ros'
[0.414s] DEBUG:colcon.colcon_core.package_identification:Package 'src/OptiTrack-Motive-2_Client' with type 'ros.ament_cmake' and name 'optitrack_motive_2_client'
[0.414s] Level 1:colcon.colcon_core.package_identification:_identify(src/acl_msgs) by extensions ['ignore', 'ignore_ament_install']
[0.414s] Level 1:colcon.colcon_core.package_identification:_identify(src/acl_msgs) by extension 'ignore'
[0.414s] Level 1:colcon.colcon_core.package_identification:_identify(src/acl_msgs) by extension 'ignore_ament_install'
[0.414s] Level 1:colcon.colcon_core.package_identification:_identify(src/acl_msgs) by extensions ['colcon_pkg']
[0.414s] Level 1:colcon.colcon_core.package_identification:_identify(src/acl_msgs) by extension 'colcon_pkg'
[0.414s] Level 1:colcon.colcon_core.package_identification:_identify(src/acl_msgs) by extensions ['colcon_meta']
[0.414s] Level 1:colcon.colcon_core.package_identification:_identify(src/acl_msgs) by extension 'colcon_meta'
[0.414s] Level 1:colcon.colcon_core.package_identification:_identify(src/acl_msgs) by extensions ['ros']
[0.414s] Level 1:colcon.colcon_core.package_identification:_identify(src/acl_msgs) by extension 'ros'
[0.415s] DEBUG:colcon.colcon_core.package_identification:Package 'src/acl_msgs' with type 'ros.ament_cmake' and name 'acl_msgs'
[0.415s] Level 1:colcon.colcon_core.package_identification:_identify(src/my_computer) by extensions ['ignore', 'ignore_ament_install']
[0.415s] Level 1:colcon.colcon_core.package_identification:_identify(src/my_computer) by extension 'ignore'
[0.415s] Level 1:colcon.colcon_core.package_identification:_identify(src/my_computer) by extension 'ignore_ament_install'
[0.415s] Level 1:colcon.colcon_core.package_identification:_identify(src/my_computer) by extensions ['colcon_pkg']
[0.415s] Level 1:colcon.colcon_core.package_identification:_identify(src/my_computer) by extension 'colcon_pkg'
[0.415s] Level 1:colcon.colcon_core.package_identification:_identify(src/my_computer) by extensions ['colcon_meta']
[0.416s] Level 1:colcon.colcon_core.package_identification:_identify(src/my_computer) by extension 'colcon_meta'
[0.416s] Level 1:colcon.colcon_core.package_identification:_identify(src/my_computer) by extensions ['ros']
[0.416s] Level 1:colcon.colcon_core.package_identification:_identify(src/my_computer) by extension 'ros'
[0.416s] Level 1:colcon.colcon_core.package_identification:_identify(src/my_computer) by extensions ['cmake', 'python']
[0.416s] Level 1:colcon.colcon_core.package_identification:_identify(src/my_computer) by extension 'cmake'
[0.416s] Level 1:colcon.colcon_core.package_identification:_identify(src/my_computer) by extension 'python'
[0.416s] Level 1:colcon.colcon_core.package_identification:_identify(src/my_computer) by extensions ['python_setup_py']
[0.416s] Level 1:colcon.colcon_core.package_identification:_identify(src/my_computer) by extension 'python_setup_py'
[0.416s] Level 1:colcon.colcon_core.package_identification:_identify(src/my_computer/my_computer) by extensions ['ignore', 'ignore_ament_install']
[0.416s] Level 1:colcon.colcon_core.package_identification:_identify(src/my_computer/my_computer) by extension 'ignore'
[0.416s] Level 1:colcon.colcon_core.package_identification:_identify(src/my_computer/my_computer) by extension 'ignore_ament_install'
[0.416s] Level 1:colcon.colcon_core.package_identification:_identify(src/my_computer/my_computer) by extensions ['colcon_pkg']
[0.416s] Level 1:colcon.colcon_core.package_identification:_identify(src/my_computer/my_computer) by extension 'colcon_pkg'
[0.416s] Level 1:colcon.colcon_core.package_identification:_identify(src/my_computer/my_computer) by extensions ['colcon_meta']
[0.416s] Level 1:colcon.colcon_core.package_identification:_identify(src/my_computer/my_computer) by extension 'colcon_meta'
[0.416s] Level 1:colcon.colcon_core.package_identification:_identify(src/my_computer/my_computer) by extensions ['ros']
[0.416s] Level 1:colcon.colcon_core.package_identification:_identify(src/my_computer/my_computer) by extension 'ros'
[0.417s] DEBUG:colcon.colcon_core.package_identification:Package 'src/my_computer/my_computer' with type 'ros.ament_python' and name 'my_computer'
[0.417s] Level 1:colcon.colcon_core.package_identification:_identify(src/my_computer/my_computer_goal) by extensions ['ignore', 'ignore_ament_install']
[0.417s] Level 1:colcon.colcon_core.package_identification:_identify(src/my_computer/my_computer_goal) by extension 'ignore'
[0.417s] Level 1:colcon.colcon_core.package_identification:_identify(src/my_computer/my_computer_goal) by extension 'ignore_ament_install'
[0.417s] Level 1:colcon.colcon_core.package_identification:_identify(src/my_computer/my_computer_goal) by extensions ['colcon_pkg']
[0.417s] Level 1:colcon.colcon_core.package_identification:_identify(src/my_computer/my_computer_goal) by extension 'colcon_pkg'
[0.417s] Level 1:colcon.colcon_core.package_identification:_identify(src/my_computer/my_computer_goal) by extensions ['colcon_meta']
[0.417s] Level 1:colcon.colcon_core.package_identification:_identify(src/my_computer/my_computer_goal) by extension 'colcon_meta'
[0.417s] Level 1:colcon.colcon_core.package_identification:_identify(src/my_computer/my_computer_goal) by extensions ['ros']
[0.417s] Level 1:colcon.colcon_core.package_identification:_identify(src/my_computer/my_computer_goal) by extension 'ros'
[0.418s] DEBUG:colcon.colcon_core.package_identification:Package 'src/my_computer/my_computer_goal' with type 'ros.ament_python' and name 'my_computer_goal'
[0.418s] Level 1:colcon.colcon_core.package_identification:_identify(src/my_computer/my_computer_mocap) by extensions ['ignore', 'ignore_ament_install']
[0.418s] Level 1:colcon.colcon_core.package_identification:_identify(src/my_computer/my_computer_mocap) by extension 'ignore'
[0.418s] Level 1:colcon.colcon_core.package_identification:_identify(src/my_computer/my_computer_mocap) by extension 'ignore_ament_install'
[0.418s] Level 1:colcon.colcon_core.package_identification:_identify(src/my_computer/my_computer_mocap) by extensions ['colcon_pkg']
[0.418s] Level 1:colcon.colcon_core.package_identification:_identify(src/my_computer/my_computer_mocap) by extension 'colcon_pkg'
[0.418s] Level 1:colcon.colcon_core.package_identification:_identify(src/my_computer/my_computer_mocap) by extensions ['colcon_meta']
[0.418s] Level 1:colcon.colcon_core.package_identification:_identify(src/my_computer/my_computer_mocap) by extension 'colcon_meta'
[0.418s] Level 1:colcon.colcon_core.package_identification:_identify(src/my_computer/my_computer_mocap) by extensions ['ros']
[0.418s] Level 1:colcon.colcon_core.package_identification:_identify(src/my_computer/my_computer_mocap) by extension 'ros'
[0.419s] DEBUG:colcon.colcon_core.package_identification:Package 'src/my_computer/my_computer_mocap' with type 'ros.ament_python' and name 'my_computer_mocap'
[0.419s] Level 1:colcon.colcon_core.package_identification:_identify(src/my_computer/my_computer_plot) by extensions ['ignore', 'ignore_ament_install']
[0.419s] Level 1:colcon.colcon_core.package_identification:_identify(src/my_computer/my_computer_plot) by extension 'ignore'
[0.419s] Level 1:colcon.colcon_core.package_identification:_identify(src/my_computer/my_computer_plot) by extension 'ignore_ament_install'
[0.419s] Level 1:colcon.colcon_core.package_identification:_identify(src/my_computer/my_computer_plot) by extensions ['colcon_pkg']
[0.419s] Level 1:colcon.colcon_core.package_identification:_identify(src/my_computer/my_computer_plot) by extension 'colcon_pkg'
[0.419s] Level 1:colcon.colcon_core.package_identification:_identify(src/my_computer/my_computer_plot) by extensions ['colcon_meta']
[0.419s] Level 1:colcon.colcon_core.package_identification:_identify(src/my_computer/my_computer_plot) by extension 'colcon_meta'
[0.419s] Level 1:colcon.colcon_core.package_identification:_identify(src/my_computer/my_computer_plot) by extensions ['ros']
[0.419s] Level 1:colcon.colcon_core.package_identification:_identify(src/my_computer/my_computer_plot) by extension 'ros'
[0.420s] DEBUG:colcon.colcon_core.package_identification:Package 'src/my_computer/my_computer_plot' with type 'ros.ament_python' and name 'my_computer_plot'
[0.420s] Level 1:colcon.colcon_core.package_identification:_identify(src/my_robot) by extensions ['ignore', 'ignore_ament_install']
[0.420s] Level 1:colcon.colcon_core.package_identification:_identify(src/my_robot) by extension 'ignore'
[0.420s] Level 1:colcon.colcon_core.package_identification:_identify(src/my_robot) by extension 'ignore_ament_install'
[0.420s] Level 1:colcon.colcon_core.package_identification:_identify(src/my_robot) by extensions ['colcon_pkg']
[0.420s] Level 1:colcon.colcon_core.package_identification:_identify(src/my_robot) by extension 'colcon_pkg'
[0.420s] Level 1:colcon.colcon_core.package_identification:_identify(src/my_robot) by extensions ['colcon_meta']
[0.420s] Level 1:colcon.colcon_core.package_identification:_identify(src/my_robot) by extension 'colcon_meta'
[0.420s] Level 1:colcon.colcon_core.package_identification:_identify(src/my_robot) by extensions ['ros']
[0.420s] Level 1:colcon.colcon_core.package_identification:_identify(src/my_robot) by extension 'ros'
[0.420s] Level 1:colcon.colcon_core.package_identification:_identify(src/my_robot) by extensions ['cmake', 'python']
[0.421s] Level 1:colcon.colcon_core.package_identification:_identify(src/my_robot) by extension 'cmake'
[0.421s] Level 1:colcon.colcon_core.package_identification:_identify(src/my_robot) by extension 'python'
[0.421s] Level 1:colcon.colcon_core.package_identification:_identify(src/my_robot) by extensions ['python_setup_py']
[0.421s] Level 1:colcon.colcon_core.package_identification:_identify(src/my_robot) by extension 'python_setup_py'
[0.421s] Level 1:colcon.colcon_core.package_identification:_identify(src/my_robot/my_robot) by extensions ['ignore', 'ignore_ament_install']
[0.421s] Level 1:colcon.colcon_core.package_identification:_identify(src/my_robot/my_robot) by extension 'ignore'
[0.421s] Level 1:colcon.colcon_core.package_identification:_identify(src/my_robot/my_robot) by extension 'ignore_ament_install'
[0.421s] Level 1:colcon.colcon_core.package_identification:_identify(src/my_robot/my_robot) by extensions ['colcon_pkg']
[0.421s] Level 1:colcon.colcon_core.package_identification:_identify(src/my_robot/my_robot) by extension 'colcon_pkg'
[0.421s] Level 1:colcon.colcon_core.package_identification:_identify(src/my_robot/my_robot) by extensions ['colcon_meta']
[0.421s] Level 1:colcon.colcon_core.package_identification:_identify(src/my_robot/my_robot) by extension 'colcon_meta'
[0.421s] Level 1:colcon.colcon_core.package_identification:_identify(src/my_robot/my_robot) by extensions ['ros']
[0.421s] Level 1:colcon.colcon_core.package_identification:_identify(src/my_robot/my_robot) by extension 'ros'
[0.421s] DEBUG:colcon.colcon_core.package_identification:Package 'src/my_robot/my_robot' with type 'ros.ament_python' and name 'my_robot'
[0.422s] Level 1:colcon.colcon_core.package_identification:_identify(src/my_robot/my_robot_controller) by extensions ['ignore', 'ignore_ament_install']
[0.422s] Level 1:colcon.colcon_core.package_identification:_identify(src/my_robot/my_robot_controller) by extension 'ignore'
[0.422s] Level 1:colcon.colcon_core.package_identification:_identify(src/my_robot/my_robot_controller) by extension 'ignore_ament_install'
[0.422s] Level 1:colcon.colcon_core.package_identification:_identify(src/my_robot/my_robot_controller) by extensions ['colcon_pkg']
[0.422s] Level 1:colcon.colcon_core.package_identification:_identify(src/my_robot/my_robot_controller) by extension 'colcon_pkg'
[0.422s] Level 1:colcon.colcon_core.package_identification:_identify(src/my_robot/my_robot_controller) by extensions ['colcon_meta']
[0.422s] Level 1:colcon.colcon_core.package_identification:_identify(src/my_robot/my_robot_controller) by extension 'colcon_meta'
[0.422s] Level 1:colcon.colcon_core.package_identification:_identify(src/my_robot/my_robot_controller) by extensions ['ros']
[0.422s] Level 1:colcon.colcon_core.package_identification:_identify(src/my_robot/my_robot_controller) by extension 'ros'
[0.422s] DEBUG:colcon.colcon_core.package_identification:Package 'src/my_robot/my_robot_controller' with type 'ros.ament_python' and name 'my_robot_controller'
[0.423s] Level 1:colcon.colcon_core.package_identification:_identify(src/my_robot/my_robot_data) by extensions ['ignore', 'ignore_ament_install']
[0.423s] Level 1:colcon.colcon_core.package_identification:_identify(src/my_robot/my_robot_data) by extension 'ignore'
[0.423s] Level 1:colcon.colcon_core.package_identification:_identify(src/my_robot/my_robot_data) by extension 'ignore_ament_install'
[0.423s] Level 1:colcon.colcon_core.package_identification:_identify(src/my_robot/my_robot_data) by extensions ['colcon_pkg']
[0.423s] Level 1:colcon.colcon_core.package_identification:_identify(src/my_robot/my_robot_data) by extension 'colcon_pkg'
[0.423s] Level 1:colcon.colcon_core.package_identification:_identify(src/my_robot/my_robot_data) by extensions ['colcon_meta']
[0.423s] Level 1:colcon.colcon_core.package_identification:_identify(src/my_robot/my_robot_data) by extension 'colcon_meta'
[0.423s] Level 1:colcon.colcon_core.package_identification:_identify(src/my_robot/my_robot_data) by extensions ['ros']
[0.423s] Level 1:colcon.colcon_core.package_identification:_identify(src/my_robot/my_robot_data) by extension 'ros'
[0.423s] DEBUG:colcon.colcon_core.package_identification:Package 'src/my_robot/my_robot_data' with type 'ros.ament_python' and name 'my_robot_data'
[0.423s] Level 1:colcon.colcon_core.package_discovery:discover_packages(recursive) using defaults
[0.424s] Level 1:colcon.colcon_core.package_discovery:discover_packages(ignore) discover
[0.424s] Level 1:colcon.colcon_core.package_discovery:discover_packages(ignore) using defaults
[0.424s] Level 1:colcon.colcon_core.package_discovery:discover_packages(path) discover
[0.424s] Level 1:colcon.colcon_core.package_discovery:discover_packages(path) using defaults
[0.449s] INFO:colcon.colcon_core.package_selection:Skipping not selected package 'my_computer' in 'src/my_computer/my_computer'
[0.449s] INFO:colcon.colcon_core.package_selection:Skipping not selected package 'my_computer_goal' in 'src/my_computer/my_computer_goal'
[0.449s] INFO:colcon.colcon_core.package_selection:Skipping not selected package 'my_computer_mocap' in 'src/my_computer/my_computer_mocap'
[0.449s] INFO:colcon.colcon_core.package_selection:Skipping not selected package 'my_computer_plot' in 'src/my_computer/my_computer_plot'
[0.449s] INFO:colcon.colcon_core.package_selection:Skipping not selected package 'my_robot' in 'src/my_robot/my_robot'
[0.449s] INFO:colcon.colcon_core.package_selection:Skipping not selected package 'my_robot_controller' in 'src/my_robot/my_robot_controller'
[0.449s] INFO:colcon.colcon_core.package_selection:Skipping not selected package 'my_robot_data' in 'src/my_robot/my_robot_data'
[0.449s] INFO:colcon.colcon_core.package_selection:Skipping not selected package 'optitrack_motive_2_client' in 'src/OptiTrack-Motive-2_Client'
[0.450s] Level 1:colcon.colcon_core.package_discovery:discover_packages(prefix_path) check parameters
[0.450s] Level 1:colcon.colcon_core.package_discovery:discover_packages(prefix_path) discover
[0.451s] WARNING:colcon.colcon_ros.prefix_path.ament:The path '/home/alex/ROS2-Wayfarer/install/my_robot_data' in the environment variable AMENT_PREFIX_PATH doesn't exist
[0.451s] WARNING:colcon.colcon_ros.prefix_path.ament:The path '/home/alex/ROS2-Wayfarer/install/my_robot_controller' in the environment variable AMENT_PREFIX_PATH doesn't exist
[0.451s] WARNING:colcon.colcon_ros.prefix_path.ament:The path '/home/alex/ROS2-Wayfarer/install/my_robot' in the environment variable AMENT_PREFIX_PATH doesn't exist
[0.451s] WARNING:colcon.colcon_ros.prefix_path.ament:The path '/home/alex/ROS2-Wayfarer/install/my_computer_plot' in the environment variable AMENT_PREFIX_PATH doesn't exist
[0.451s] WARNING:colcon.colcon_ros.prefix_path.ament:The path '/home/alex/ROS2-Wayfarer/install/my_computer_mocap' in the environment variable AMENT_PREFIX_PATH doesn't exist
[0.451s] WARNING:colcon.colcon_ros.prefix_path.ament:The path '/home/alex/ROS2-Wayfarer/install/my_computer_goal' in the environment variable AMENT_PREFIX_PATH doesn't exist
[0.451s] WARNING:colcon.colcon_ros.prefix_path.ament:The path '/home/alex/ROS2-Wayfarer/install/my_computer' in the environment variable AMENT_PREFIX_PATH doesn't exist
[0.453s] DEBUG:colcon.colcon_installed_package_information.package_discovery:Found 1 installed packages in /home/alex/ROS2-Wayfarer/install
[0.455s] DEBUG:colcon.colcon_installed_package_information.package_discovery:Found 270 installed packages in /opt/ros/humble
[0.456s] Level 1:colcon.colcon_core.package_discovery:discover_packages(prefix_path) using defaults
[0.585s] Level 5:colcon.colcon_core.verb:set package 'acl_msgs' build argument 'cmake_args' from command line to 'None'
[0.586s] Level 5:colcon.colcon_core.verb:set package 'acl_msgs' build argument 'cmake_target' from command line to 'None'
[0.586s] Level 5:colcon.colcon_core.verb:set package 'acl_msgs' build argument 'cmake_target_skip_unavailable' from command line to 'False'
[0.586s] Level 5:colcon.colcon_core.verb:set package 'acl_msgs' build argument 'cmake_clean_cache' from command line to 'False'
[0.586s] Level 5:colcon.colcon_core.verb:set package 'acl_msgs' build argument 'cmake_clean_first' from command line to 'False'
[0.586s] Level 5:colcon.colcon_core.verb:set package 'acl_msgs' build argument 'cmake_force_configure' from command line to 'False'
[0.586s] Level 5:colcon.colcon_core.verb:set package 'acl_msgs' build argument 'ament_cmake_args' from command line to 'None'
[0.586s] Level 5:colcon.colcon_core.verb:set package 'acl_msgs' build argument 'catkin_cmake_args' from command line to 'None'
[0.586s] Level 5:colcon.colcon_core.verb:set package 'acl_msgs' build argument 'catkin_skip_building_tests' from command line to 'False'
[0.586s] DEBUG:colcon.colcon_core.verb:Building package 'acl_msgs' with the following arguments: {'ament_cmake_args': None, 'build_base': '/home/alex/ROS2-Wayfarer/build/acl_msgs', 'catkin_cmake_args': None, 'catkin_skip_building_tests': False, 'cmake_args': None, 'cmake_clean_cache': False, 'cmake_clean_first': False, 'cmake_force_configure': False, 'cmake_target': None, 'cmake_target_skip_unavailable': False, 'install_base': '/home/alex/ROS2-Wayfarer/install/acl_msgs', 'merge_install': False, 'path': '/home/alex/ROS2-Wayfarer/src/acl_msgs', 'symlink_install': False, 'test_result_base': None}
[0.586s] INFO:colcon.colcon_core.executor:Executing jobs using 'parallel' executor
[0.589s] DEBUG:colcon.colcon_parallel_executor.executor.parallel:run_until_complete
[0.590s] INFO:colcon.colcon_ros.task.ament_cmake.build:Building ROS package in '/home/alex/ROS2-Wayfarer/src/acl_msgs' with build type 'ament_cmake'
[0.590s] INFO:colcon.colcon_cmake.task.cmake.build:Building CMake package in '/home/alex/ROS2-Wayfarer/src/acl_msgs'
[0.595s] INFO:colcon.colcon_core.plugin_system:Skipping extension 'colcon_core.shell.bat': Not used on non-Windows systems
[0.595s] INFO:colcon.colcon_core.shell:Skip shell extension 'powershell' for command environment: Not usable outside of PowerShell
[0.596s] DEBUG:colcon.colcon_core.shell:Skip shell extension 'dsv' for command environment
[0.611s] DEBUG:colcon.colcon_core.event_handler.log_command:Invoking command in '/home/alex/ROS2-Wayfarer/build/acl_msgs': CMAKE_PREFIX_PATH=/home/alex/ROS2-Wayfarer/install/my_robot_data:/home/alex/ROS2-Wayfarer/install/my_robot_controller:/home/alex/ROS2-Wayfarer/install/my_robot:/home/alex/ROS2-Wayfarer/install/my_computer_plot:/home/alex/ROS2-Wayfarer/install/my_computer_mocap:/home/alex/ROS2-Wayfarer/install/my_computer_goal:/home/alex/ROS2-Wayfarer/install/my_computer:/opt/ros/humble /usr/bin/cmake --build /home/alex/ROS2-Wayfarer/build/acl_msgs -- -j1 -l1
[0.878s] DEBUG:colcon.colcon_core.event_handler.log_command:Invoked command in '/home/alex/ROS2-Wayfarer/build/acl_msgs' returned '2': CMAKE_PREFIX_PATH=/home/alex/ROS2-Wayfarer/install/my_robot_data:/home/alex/ROS2-Wayfarer/install/my_robot_controller:/home/alex/ROS2-Wayfarer/install/my_robot:/home/alex/ROS2-Wayfarer/install/my_computer_plot:/home/alex/ROS2-Wayfarer/install/my_computer_mocap:/home/alex/ROS2-Wayfarer/install/my_computer_goal:/home/alex/ROS2-Wayfarer/install/my_computer:/opt/ros/humble /usr/bin/cmake --build /home/alex/ROS2-Wayfarer/build/acl_msgs -- -j1 -l1
[1.375s] Level 1:colcon.colcon_core.environment:create_environment_scripts_only(acl_msgs)
[1.379s] Level 1:colcon.colcon_core.environment:checking '/home/alex/ROS2-Wayfarer/install/acl_msgs' for CMake module files
[1.380s] Level 1:colcon.colcon_core.environment:checking '/home/alex/ROS2-Wayfarer/install/acl_msgs' for CMake config files
[1.380s] Level 1:colcon.colcon_core.environment:checking '/home/alex/ROS2-Wayfarer/install/acl_msgs/bin'
[1.380s] Level 1:colcon.colcon_core.environment:checking '/home/alex/ROS2-Wayfarer/install/acl_msgs/lib/pkgconfig/acl_msgs.pc'
[1.380s] Level 1:colcon.colcon_core.environment:checking '/home/alex/ROS2-Wayfarer/install/acl_msgs/lib/python3.10/site-packages'
[1.381s] Level 1:colcon.colcon_core.environment:checking '/home/alex/ROS2-Wayfarer/install/acl_msgs/bin'
[1.382s] INFO:colcon.colcon_core.shell:Creating package script '/home/alex/ROS2-Wayfarer/install/acl_msgs/share/acl_msgs/package.ps1'
[1.385s] INFO:colcon.colcon_core.shell:Creating package descriptor '/home/alex/ROS2-Wayfarer/install/acl_msgs/share/acl_msgs/package.dsv'
[1.386s] INFO:colcon.colcon_core.shell:Creating package script '/home/alex/ROS2-Wayfarer/install/acl_msgs/share/acl_msgs/package.sh'
[1.387s] INFO:colcon.colcon_core.shell:Creating package script '/home/alex/ROS2-Wayfarer/install/acl_msgs/share/acl_msgs/package.bash'
[1.389s] INFO:colcon.colcon_core.shell:Creating package script '/home/alex/ROS2-Wayfarer/install/acl_msgs/share/acl_msgs/package.zsh'
[1.390s] Level 1:colcon.colcon_core.environment:create_file_with_runtime_dependencies(/home/alex/ROS2-Wayfarer/install/acl_msgs/share/colcon-core/packages/acl_msgs)
[1.393s] DEBUG:colcon.colcon_parallel_executor.executor.parallel:closing loop
[1.393s] DEBUG:colcon.colcon_parallel_executor.executor.parallel:loop closed
[1.393s] DEBUG:colcon.colcon_parallel_executor.executor.parallel:run_until_complete finished with '2'
[1.393s] DEBUG:colcon.colcon_core.event_reactor:joining thread
[1.398s] INFO:colcon.colcon_core.plugin_system:Skipping extension 'colcon_notification.desktop_notification.terminal_notifier': Not used on non-Darwin systems
[1.398s] INFO:colcon.colcon_core.plugin_system:Skipping extension 'colcon_notification.desktop_notification.win32': Not used on non-Windows systems
[1.399s] INFO:colcon.colcon_notification.desktop_notification:Sending desktop notification using 'notify2'
[1.415s] DEBUG:colcon.colcon_core.event_reactor:joined thread
[1.417s] INFO:colcon.colcon_core.shell:Creating prefix script '/home/alex/ROS2-Wayfarer/install/local_setup.ps1'
[1.429s] INFO:colcon.colcon_core.shell:Creating prefix util module '/home/alex/ROS2-Wayfarer/install/_local_setup_util_ps1.py'
[1.431s] INFO:colcon.colcon_core.shell:Creating prefix chain script '/home/alex/ROS2-Wayfarer/install/setup.ps1'
[1.433s] INFO:colcon.colcon_core.shell:Creating prefix script '/home/alex/ROS2-Wayfarer/install/local_setup.sh'
[1.435s] INFO:colcon.colcon_core.shell:Creating prefix util module '/home/alex/ROS2-Wayfarer/install/_local_setup_util_sh.py'
[1.439s] INFO:colcon.colcon_core.shell:Creating prefix chain script '/home/alex/ROS2-Wayfarer/install/setup.sh'
[1.442s] INFO:colcon.colcon_core.shell:Creating prefix script '/home/alex/ROS2-Wayfarer/install/local_setup.bash'
[1.452s] INFO:colcon.colcon_core.shell:Creating prefix chain script '/home/alex/ROS2-Wayfarer/install/setup.bash'
[1.454s] INFO:colcon.colcon_core.shell:Creating prefix script '/home/alex/ROS2-Wayfarer/install/local_setup.zsh'
[1.455s] INFO:colcon.colcon_core.shell:Creating prefix chain script '/home/alex/ROS2-Wayfarer/install/setup.zsh'
