running egg_info
creating ../../../build/my_computer_goal/my_computer_goal.egg-info
writing ../../../build/my_computer_goal/my_computer_goal.egg-info/PKG-INFO
writing dependency_links to ../../../build/my_computer_goal/my_computer_goal.egg-info/dependency_links.txt
writing entry points to ../../../build/my_computer_goal/my_computer_goal.egg-info/entry_points.txt
writing requirements to ../../../build/my_computer_goal/my_computer_goal.egg-info/requires.txt
writing top-level names to ../../../build/my_computer_goal/my_computer_goal.egg-info/top_level.txt
writing manifest file '../../../build/my_computer_goal/my_computer_goal.egg-info/SOURCES.txt'
reading manifest file '../../../build/my_computer_goal/my_computer_goal.egg-info/SOURCES.txt'
writing manifest file '../../../build/my_computer_goal/my_computer_goal.egg-info/SOURCES.txt'
running build
running build_py
creating /home/alex/ROS2-Wayfarer/build/my_computer_goal/build
creating /home/alex/ROS2-Wayfarer/build/my_computer_goal/build/lib
creating /home/alex/ROS2-Wayfarer/build/my_computer_goal/build/lib/my_computer_goal
copying my_computer_goal/__init__.py -> /home/alex/ROS2-Wayfarer/build/my_computer_goal/build/lib/my_computer_goal
copying my_computer_goal/goal_pub_node.py -> /home/alex/ROS2-Wayfarer/build/my_computer_goal/build/lib/my_computer_goal
running install
running install_lib
creating /home/alex/ROS2-Wayfarer/install/my_computer_goal/lib/python3.10/site-packages/my_computer_goal
copying /home/alex/ROS2-Wayfarer/build/my_computer_goal/build/lib/my_computer_goal/__init__.py -> /home/alex/ROS2-Wayfarer/install/my_computer_goal/lib/python3.10/site-packages/my_computer_goal
copying /home/alex/ROS2-Wayfarer/build/my_computer_goal/build/lib/my_computer_goal/goal_pub_node.py -> /home/alex/ROS2-Wayfarer/install/my_computer_goal/lib/python3.10/site-packages/my_computer_goal
byte-compiling /home/alex/ROS2-Wayfarer/install/my_computer_goal/lib/python3.10/site-packages/my_computer_goal/__init__.py to __init__.cpython-310.pyc
byte-compiling /home/alex/ROS2-Wayfarer/install/my_computer_goal/lib/python3.10/site-packages/my_computer_goal/goal_pub_node.py to goal_pub_node.cpython-310.pyc
running install_data
creating /home/alex/ROS2-Wayfarer/install/my_computer_goal/share/ament_index
creating /home/alex/ROS2-Wayfarer/install/my_computer_goal/share/ament_index/resource_index
creating /home/alex/ROS2-Wayfarer/install/my_computer_goal/share/ament_index/resource_index/packages
copying resource/my_computer_goal -> /home/alex/ROS2-Wayfarer/install/my_computer_goal/share/ament_index/resource_index/packages
copying package.xml -> /home/alex/ROS2-Wayfarer/install/my_computer_goal/share/my_computer_goal
running install_egg_info
Copying ../../../build/my_computer_goal/my_computer_goal.egg-info to /home/alex/ROS2-Wayfarer/install/my_computer_goal/lib/python3.10/site-packages/my_computer_goal-0.0.0-py3.10.egg-info
running install_scripts
Installing goal_pub_node script to /home/alex/ROS2-Wayfarer/install/my_computer_goal/lib/my_computer_goal
writing list of installed files to '/home/alex/ROS2-Wayfarer/build/my_computer_goal/install.log'
