[0.840s] Invoking command in '/home/alex/ROS2-Wayfarer/src/my_computer/my_computer_goal': PYTHONPATH=/home/alex/ROS2-Wayfarer/build/my_computer_goal/prefix_override:/home/alex/ROS2-Wayfarer/install/my_computer_goal/lib/python3.10/site-packages:${PYTHONPATH} /usr/bin/python3 setup.py egg_info --egg-base ../../../build/my_computer_goal build --build-base /home/alex/ROS2-Wayfarer/build/my_computer_goal/build install --record /home/alex/ROS2-Wayfarer/build/my_computer_goal/install.log --single-version-externally-managed
[1.185s] running egg_info
[1.198s] creating ../../../build/my_computer_goal/my_computer_goal.egg-info
[1.199s] writing ../../../build/my_computer_goal/my_computer_goal.egg-info/PKG-INFO
[1.199s] writing dependency_links to ../../../build/my_computer_goal/my_computer_goal.egg-info/dependency_links.txt
[1.199s] writing entry points to ../../../build/my_computer_goal/my_computer_goal.egg-info/entry_points.txt
[1.200s] writing requirements to ../../../build/my_computer_goal/my_computer_goal.egg-info/requires.txt
[1.200s] writing top-level names to ../../../build/my_computer_goal/my_computer_goal.egg-info/top_level.txt
[1.200s] writing manifest file '../../../build/my_computer_goal/my_computer_goal.egg-info/SOURCES.txt'
[1.202s] reading manifest file '../../../build/my_computer_goal/my_computer_goal.egg-info/SOURCES.txt'
[1.203s] writing manifest file '../../../build/my_computer_goal/my_computer_goal.egg-info/SOURCES.txt'
[1.210s] running build
[1.210s] running build_py
[1.211s] creating /home/alex/ROS2-Wayfarer/build/my_computer_goal/build
[1.212s] creating /home/alex/ROS2-Wayfarer/build/my_computer_goal/build/lib
[1.212s] creating /home/alex/ROS2-Wayfarer/build/my_computer_goal/build/lib/my_computer_goal
[1.212s] copying my_computer_goal/__init__.py -> /home/alex/ROS2-Wayfarer/build/my_computer_goal/build/lib/my_computer_goal
[1.212s] copying my_computer_goal/goal_pub_node.py -> /home/alex/ROS2-Wayfarer/build/my_computer_goal/build/lib/my_computer_goal
[1.213s] running install
[1.213s] /usr/lib/python3/dist-packages/setuptools/command/install.py:34: SetuptoolsDeprecationWarning: setup.py install is deprecated. Use build and pip and other standards-based tools.
[1.213s]   warnings.warn(
[1.214s] running install_lib
[1.215s] creating /home/alex/ROS2-Wayfarer/install/my_computer_goal/lib/python3.10/site-packages/my_computer_goal
[1.215s] copying /home/alex/ROS2-Wayfarer/build/my_computer_goal/build/lib/my_computer_goal/__init__.py -> /home/alex/ROS2-Wayfarer/install/my_computer_goal/lib/python3.10/site-packages/my_computer_goal
[1.215s] copying /home/alex/ROS2-Wayfarer/build/my_computer_goal/build/lib/my_computer_goal/goal_pub_node.py -> /home/alex/ROS2-Wayfarer/install/my_computer_goal/lib/python3.10/site-packages/my_computer_goal
[1.216s] byte-compiling /home/alex/ROS2-Wayfarer/install/my_computer_goal/lib/python3.10/site-packages/my_computer_goal/__init__.py to __init__.cpython-310.pyc
[1.216s] byte-compiling /home/alex/ROS2-Wayfarer/install/my_computer_goal/lib/python3.10/site-packages/my_computer_goal/goal_pub_node.py to goal_pub_node.cpython-310.pyc
[1.217s] running install_data
[1.217s] creating /home/alex/ROS2-Wayfarer/install/my_computer_goal/share/ament_index
[1.218s] creating /home/alex/ROS2-Wayfarer/install/my_computer_goal/share/ament_index/resource_index
[1.218s] creating /home/alex/ROS2-Wayfarer/install/my_computer_goal/share/ament_index/resource_index/packages
[1.218s] copying resource/my_computer_goal -> /home/alex/ROS2-Wayfarer/install/my_computer_goal/share/ament_index/resource_index/packages
[1.219s] copying package.xml -> /home/alex/ROS2-Wayfarer/install/my_computer_goal/share/my_computer_goal
[1.219s] running install_egg_info
[1.221s] Copying ../../../build/my_computer_goal/my_computer_goal.egg-info to /home/alex/ROS2-Wayfarer/install/my_computer_goal/lib/python3.10/site-packages/my_computer_goal-0.0.0-py3.10.egg-info
[1.222s] running install_scripts
[1.246s] Installing goal_pub_node script to /home/alex/ROS2-Wayfarer/install/my_computer_goal/lib/my_computer_goal
[1.247s] writing list of installed files to '/home/alex/ROS2-Wayfarer/build/my_computer_goal/install.log'
[1.274s] Invoked command in '/home/alex/ROS2-Wayfarer/src/my_computer/my_computer_goal' returned '0': PYTHONPATH=/home/alex/ROS2-Wayfarer/build/my_computer_goal/prefix_override:/home/alex/ROS2-Wayfarer/install/my_computer_goal/lib/python3.10/site-packages:${PYTHONPATH} /usr/bin/python3 setup.py egg_info --egg-base ../../../build/my_computer_goal build --build-base /home/alex/ROS2-Wayfarer/build/my_computer_goal/build install --record /home/alex/ROS2-Wayfarer/build/my_computer_goal/install.log --single-version-externally-managed
